<?xml version="1.0" encoding="utf-8"?>
<TestRun id="eb43cc3d-6dd0-4c2f-8f12-7b27e0dd0ed8" name="@KOMPUTA 2025-07-20 11:36:49" xmlns="http://microsoft.com/schemas/VisualStudio/TeamTest/2010">
  <Times creation="2025-07-20T11:36:49.5650980+10:00" queuing="2025-07-20T11:36:49.5650981+10:00" start="2025-07-20T11:36:48.9151974+10:00" finish="2025-07-20T11:36:58.8807163+10:00" />
  <TestSettings name="default" id="6c9a9e84-8f3a-4b0a-ba5b-a9bb43adb400">
    <Deployment runDeploymentRoot="_KOMPUTA_2025-07-20_11_36_49" />
  </TestSettings>
  <Results>
    <UnitTestResult executionId="e37cb491-0714-4c4e-a50b-752dc8fd880b" testId="37d167cf-27e5-6d4c-c44e-31524593d11a" testName="WorkFlo.Infrastructure.Tests.Services.Auth.PasswordHashingServiceTests.various_password_formats_can_be_hashed_and_verified(password: &quot;a&quot;)" computerName="KOMPUTA" duration="00:00:00.4038484" startTime="2025-07-20T11:36:51.2853693+10:00" endTime="2025-07-20T11:36:51.6890969+10:00" testType="13cdc9d9-ddb5-4fa4-a97d-d965ccfc6d4b" outcome="Passed" testListId="8c84fa94-04c1-424b-9868-57a2d4851a1d" relativeResultsDirectory="e37cb491-0714-4c4e-a50b-752dc8fd880b" />
    <UnitTestResult executionId="6556f330-6049-4e30-af76-73e9facdaaa6" testId="b2d2ac58-e4a2-5d3b-bdd1-452474d6238f" testName="WorkFlo.Infrastructure.Tests.Services.Auth.JwtTokenServiceTests.generated_access_token_contains_correct_claimsAsync" computerName="KOMPUTA" duration="00:00:00.0042140" startTime="2025-07-20T11:36:49.5409425+10:00" endTime="2025-07-20T11:36:49.5409997+10:00" testType="13cdc9d9-ddb5-4fa4-a97d-d965ccfc6d4b" outcome="Passed" testListId="8c84fa94-04c1-424b-9868-57a2d4851a1d" relativeResultsDirectory="6556f330-6049-4e30-af76-73e9facdaaa6" />
    <UnitTestResult executionId="52fa90ea-8fc5-4ff2-82c5-2f51fcdd8e49" testId="d013d669-819a-1b32-b302-9eee19199870" testName="WorkFlo.Infrastructure.Tests.Services.Auth.PasswordHashingServiceTests.various_password_formats_can_be_hashed_and_verified(password: &quot;P@ssw0rd123!@#$%^&amp;*()&quot;)" computerName="KOMPUTA" duration="00:00:00.4055772" startTime="2025-07-20T11:36:50.4742687+10:00" endTime="2025-07-20T11:36:50.8797438+10:00" testType="13cdc9d9-ddb5-4fa4-a97d-d965ccfc6d4b" outcome="Passed" testListId="8c84fa94-04c1-424b-9868-57a2d4851a1d" relativeResultsDirectory="52fa90ea-8fc5-4ff2-82c5-2f51fcdd8e49" />
    <UnitTestResult executionId="aa73c612-21fc-42d5-b333-007b820521d5" testId="1ba797af-c4fa-dd69-45af-ef968ae91115" testName="WorkFlo.Infrastructure.Tests.Services.Auth.JwtTokenServiceTests.valid_user_can_generate_access_tokenAsync" computerName="KOMPUTA" duration="00:00:00.0008877" startTime="2025-07-20T11:36:49.5515956+10:00" endTime="2025-07-20T11:36:49.5516510+10:00" testType="13cdc9d9-ddb5-4fa4-a97d-d965ccfc6d4b" outcome="Passed" testListId="8c84fa94-04c1-424b-9868-57a2d4851a1d" relativeResultsDirectory="aa73c612-21fc-42d5-b333-007b820521d5" />
    <UnitTestResult executionId="fb01b8e8-781c-42b1-9a06-78e379e1dc03" testId="0458f956-58e0-7485-1f87-845f91f17ec2" testName="WorkFlo.Infrastructure.Tests.Services.Auth.PasswordHashingServiceTests.various_password_formats_can_be_hashed_and_verified(password: &quot;verylongpasswordthatexceedsnormallimits&quot;)" computerName="KOMPUTA" duration="00:00:00.4051439" startTime="2025-07-20T11:36:50.8799766+10:00" endTime="2025-07-20T11:36:51.2850405+10:00" testType="13cdc9d9-ddb5-4fa4-a97d-d965ccfc6d4b" outcome="Passed" testListId="8c84fa94-04c1-424b-9868-57a2d4851a1d" relativeResultsDirectory="fb01b8e8-781c-42b1-9a06-78e379e1dc03" />
    <UnitTestResult executionId="44055d79-4d18-42d2-b91f-99c1dbbb6101" testId="4c4f26d1-9e05-26a1-2a7e-2f41a7723280" testName="WorkFlo.Infrastructure.Tests.Services.Auth.EmailVerificationTokenServiceTests.invalid_token_returns_errorAsync" computerName="KOMPUTA" duration="00:00:00.0214033" startTime="2025-07-20T11:36:49.5340959+10:00" endTime="2025-07-20T11:36:49.5350240+10:00" testType="13cdc9d9-ddb5-4fa4-a97d-d965ccfc6d4b" outcome="Passed" testListId="8c84fa94-04c1-424b-9868-57a2d4851a1d" relativeResultsDirectory="44055d79-4d18-42d2-b91f-99c1dbbb6101" />
    <UnitTestResult executionId="03d22552-ab42-46f4-9b79-644be94cffcf" testId="f2ab1a96-a5cf-2be4-067d-a75f2c770a48" testName="WorkFlo.Infrastructure.Tests.Services.Auth.EmailVerificationTokenServiceTests.service_uses_default_values_for_optional_configuration" computerName="KOMPUTA" duration="00:00:00.0002184" startTime="2025-07-20T11:36:49.5556021+10:00" endTime="2025-07-20T11:36:49.5557521+10:00" testType="13cdc9d9-ddb5-4fa4-a97d-d965ccfc6d4b" outcome="Passed" testListId="8c84fa94-04c1-424b-9868-57a2d4851a1d" relativeResultsDirectory="03d22552-ab42-46f4-9b79-644be94cffcf" />
    <UnitTestResult executionId="f67b700d-499f-4000-bedf-ef09e7b49f43" testId="cd99a492-300c-3b42-7f04-bb1d48279198" testName="WorkFlo.Infrastructure.Tests.Services.Auth.EmailVerificationTokenServiceTests.token_service_generates_valid_tokenAsync" computerName="KOMPUTA" duration="00:00:00.0022291" startTime="2025-07-20T11:36:49.5550251+10:00" endTime="2025-07-20T11:36:49.5555193+10:00" testType="13cdc9d9-ddb5-4fa4-a97d-d965ccfc6d4b" outcome="Passed" testListId="8c84fa94-04c1-424b-9868-57a2d4851a1d" relativeResultsDirectory="f67b700d-499f-4000-bedf-ef09e7b49f43" />
    <UnitTestResult executionId="fa2169d8-b57c-4df0-8a7d-2d99318f5702" testId="aa97ed2b-20b3-a5d2-a0e4-43ad5c0893f7" testName="WorkFlo.Infrastructure.Tests.Services.Auth.EmailVerificationTokenServiceTests.null_token_returns_errorAsync" computerName="KOMPUTA" duration="00:00:00.0443887" startTime="2025-07-20T11:36:49.4183973+10:00" endTime="2025-07-20T11:36:49.5337482+10:00" testType="13cdc9d9-ddb5-4fa4-a97d-d965ccfc6d4b" outcome="Passed" testListId="8c84fa94-04c1-424b-9868-57a2d4851a1d" relativeResultsDirectory="fa2169d8-b57c-4df0-8a7d-2d99318f5702" />
    <UnitTestResult executionId="58df020e-835f-4c9e-99bc-e8d24d3b9605" testId="ef74368a-9e91-639b-d93c-4f20867fe8be" testName="WorkFlo.Infrastructure.Tests.Services.Auth.PasswordHashingServiceTests.valid_password_can_be_hashed" computerName="KOMPUTA" duration="00:00:00.1986724" startTime="2025-07-20T11:36:56.4575479+10:00" endTime="2025-07-20T11:36:56.6562086+10:00" testType="13cdc9d9-ddb5-4fa4-a97d-d965ccfc6d4b" outcome="Passed" testListId="8c84fa94-04c1-424b-9868-57a2d4851a1d" relativeResultsDirectory="58df020e-835f-4c9e-99bc-e8d24d3b9605" />
    <UnitTestResult executionId="95c1dfc6-94f3-423a-8d9a-9bf1af090844" testId="83aaaada-b2b9-1100-3338-55cfcf12ccc7" testName="WorkFlo.Infrastructure.Tests.Services.LocalPasswordBreachServiceTests.Common_breached_passwords_are_detectedAsync(password: &quot;admin&quot;)" computerName="KOMPUTA" duration="00:00:00.0009264" startTime="2025-07-20T11:36:49.5270039+10:00" endTime="2025-07-20T11:36:49.5270556+10:00" testType="13cdc9d9-ddb5-4fa4-a97d-d965ccfc6d4b" outcome="Passed" testListId="8c84fa94-04c1-424b-9868-57a2d4851a1d" relativeResultsDirectory="95c1dfc6-94f3-423a-8d9a-9bf1af090844" />
    <UnitTestResult executionId="3c3b9945-8701-4414-abd3-ab08b92f5ad6" testId="dc1e4ce6-e26c-dca9-caa3-077ea097d33e" testName="WorkFlo.Infrastructure.Tests.Services.Auth.MicrosoftOAuthServiceTests.privacy_compliance_no_sensitive_data_loggedAsync" computerName="KOMPUTA" duration="00:00:00.0015960" startTime="2025-07-20T11:36:49.5523490+10:00" endTime="2025-07-20T11:36:49.5524423+10:00" testType="13cdc9d9-ddb5-4fa4-a97d-d965ccfc6d4b" outcome="Passed" testListId="8c84fa94-04c1-424b-9868-57a2d4851a1d" relativeResultsDirectory="3c3b9945-8701-4414-abd3-ab08b92f5ad6" />
    <UnitTestResult executionId="58844077-cddb-4336-86b4-c10fc9d44072" testId="779bb692-5e0e-a885-3bfc-6663d78eff79" testName="WorkFlo.Infrastructure.Tests.Services.Auth.PasswordHashingServiceTests.various_password_formats_can_be_hashed_and_verified(password: &quot;password&quot;)" computerName="KOMPUTA" duration="00:00:00.6352304" startTime="2025-07-20T11:36:49.4194036+10:00" endTime="2025-07-20T11:36:50.0605562+10:00" testType="13cdc9d9-ddb5-4fa4-a97d-d965ccfc6d4b" outcome="Passed" testListId="8c84fa94-04c1-424b-9868-57a2d4851a1d" relativeResultsDirectory="58844077-cddb-4336-86b4-c10fc9d44072" />
    <UnitTestResult executionId="343dd7f6-5ae7-48a1-a28d-7ab379c5f6a6" testId="d3d2b264-d4ef-a78d-1401-0cf8881a5172" testName="WorkFlo.Infrastructure.Tests.Services.LocalPasswordBreachServiceTests.Non_breached_passwords_are_not_detectedAsync(password: &quot;CustomUserPassword&quot;)" computerName="KOMPUTA" duration="00:00:00.0000201" startTime="2025-07-20T11:36:49.5331134+10:00" endTime="2025-07-20T11:36:49.5331701+10:00" testType="13cdc9d9-ddb5-4fa4-a97d-d965ccfc6d4b" outcome="Passed" testListId="8c84fa94-04c1-424b-9868-57a2d4851a1d" relativeResultsDirectory="343dd7f6-5ae7-48a1-a28d-7ab379c5f6a6" />
    <UnitTestResult executionId="a26c803e-6b09-446b-817c-b1f936f08796" testId="bb5db856-1d0a-c5cb-9b21-fb2efd6bd4ee" testName="WorkFlo.Infrastructure.Tests.Services.Auth.EmailVerificationTokenServiceTests.empty_token_returns_errorAsync" computerName="KOMPUTA" duration="00:00:00.0004293" startTime="2025-07-20T11:36:49.5558509+10:00" endTime="2025-07-20T11:36:49.5558858+10:00" testType="13cdc9d9-ddb5-4fa4-a97d-d965ccfc6d4b" outcome="Passed" testListId="8c84fa94-04c1-424b-9868-57a2d4851a1d" relativeResultsDirectory="a26c803e-6b09-446b-817c-b1f936f08796" />
    <UnitTestResult executionId="171c39d6-0a7d-4f2e-baf3-67253c9ed7bd" testId="80a1d5af-d3d4-518b-23fd-09772839900b" testName="WorkFlo.Infrastructure.Tests.Unit.Services.HookInstallationServiceTests.installed_hooks_call_workflo_validate_command" computerName="KOMPUTA" duration="00:00:00.0207883" startTime="2025-07-20T11:36:49.5347122+10:00" endTime="2025-07-20T11:36:49.5389100+10:00" testType="13cdc9d9-ddb5-4fa4-a97d-d965ccfc6d4b" outcome="Passed" testListId="8c84fa94-04c1-424b-9868-57a2d4851a1d" relativeResultsDirectory="171c39d6-0a7d-4f2e-baf3-67253c9ed7bd" />
    <UnitTestResult executionId="90889798-ae75-4066-b5f9-b99606777ecb" testId="cbdf6b44-8085-8521-b635-f2042c6125ca" testName="WorkFlo.Infrastructure.Tests.Services.Auth.JwtTokenServiceTests.expired_token_fails_validationAsync" computerName="KOMPUTA" duration="00:00:00.0069273" startTime="2025-07-20T11:36:49.5518075+10:00" endTime="2025-07-20T11:36:49.5536171+10:00" testType="13cdc9d9-ddb5-4fa4-a97d-d965ccfc6d4b" outcome="Passed" testListId="8c84fa94-04c1-424b-9868-57a2d4851a1d" relativeResultsDirectory="90889798-ae75-4066-b5f9-b99606777ecb" />
    <UnitTestResult executionId="2bb0ae37-02dd-45ac-bc73-4157682829ee" testId="09330ef4-9d0f-3d9c-6093-ac84d8902cff" testName="WorkFlo.Infrastructure.Tests.Services.LocalPasswordBreachServiceTests.Passwords_with_spaces_are_treated_as_differentAsync(password: &quot;pass word&quot;)" computerName="KOMPUTA" duration="00:00:00.0018947" startTime="2025-07-20T11:36:49.5264152+10:00" endTime="2025-07-20T11:36:49.5266876+10:00" testType="13cdc9d9-ddb5-4fa4-a97d-d965ccfc6d4b" outcome="Passed" testListId="8c84fa94-04c1-424b-9868-57a2d4851a1d" relativeResultsDirectory="2bb0ae37-02dd-45ac-bc73-4157682829ee" />
    <UnitTestResult executionId="a8765566-41b9-4f7a-b19a-c3c798755403" testId="7af83cbb-6c63-6cf8-993f-4484baa0ef9a" testName="WorkFlo.Infrastructure.Tests.Services.Auth.EmailVerificationTokenServiceTests.token_with_different_secret_is_rejectedAsync" computerName="KOMPUTA" duration="00:00:00.0013136" startTime="2025-07-20T11:36:49.5569150+10:00" endTime="2025-07-20T11:36:49.5570291+10:00" testType="13cdc9d9-ddb5-4fa4-a97d-d965ccfc6d4b" outcome="Passed" testListId="8c84fa94-04c1-424b-9868-57a2d4851a1d" relativeResultsDirectory="a8765566-41b9-4f7a-b19a-c3c798755403" />
    <UnitTestResult executionId="80c0c437-efc8-4129-9dee-11fffb3b13e1" testId="9257002b-feab-37ee-12b1-0b932534e014" testName="WorkFlo.Infrastructure.Tests.Services.Auth.GoogleOAuthServiceTests.token_exchange_http_error_returns_failureAsync" computerName="KOMPUTA" duration="00:00:00.0007281" startTime="2025-07-20T11:36:49.5544578+10:00" endTime="2025-07-20T11:36:49.5550656+10:00" testType="13cdc9d9-ddb5-4fa4-a97d-d965ccfc6d4b" outcome="Passed" testListId="8c84fa94-04c1-424b-9868-57a2d4851a1d" relativeResultsDirectory="80c0c437-efc8-4129-9dee-11fffb3b13e1" />
    <UnitTestResult executionId="4346ea7c-2c36-4603-b091-c27b496c4ba3" testId="0d4ee7a8-da75-4669-cbdf-ce272214a323" testName="WorkFlo.Infrastructure.Tests.Services.Auth.GoogleOAuthServiceTests.null_redirect_uri_works_correctlyAsync" computerName="KOMPUTA" duration="00:00:00.0006930" startTime="2025-07-20T11:36:49.5554135+10:00" endTime="2025-07-20T11:36:49.5554484+10:00" testType="13cdc9d9-ddb5-4fa4-a97d-d965ccfc6d4b" outcome="Passed" testListId="8c84fa94-04c1-424b-9868-57a2d4851a1d" relativeResultsDirectory="4346ea7c-2c36-4603-b091-c27b496c4ba3" />
    <UnitTestResult executionId="fd46731a-d3ed-4f88-b916-47177cc17394" testId="4c36595e-1acd-9b6b-971c-708a8fbed8c0" testName="WorkFlo.Infrastructure.Tests.Services.Auth.PasswordHashingServiceTests.verification_with_empty_password_throws_exception" computerName="KOMPUTA" duration="00:00:00.2004855" startTime="2025-07-20T11:36:58.6274010+10:00" endTime="2025-07-20T11:36:58.8277968+10:00" testType="13cdc9d9-ddb5-4fa4-a97d-d965ccfc6d4b" outcome="Passed" testListId="8c84fa94-04c1-424b-9868-57a2d4851a1d" relativeResultsDirectory="fd46731a-d3ed-4f88-b916-47177cc17394" />
    <UnitTestResult executionId="53e32acb-7236-4c81-a365-9ebae03cbd58" testId="100daa72-dc68-bb24-fdeb-eb2a71603c5f" testName="WorkFlo.Infrastructure.Tests.Services.LocalPasswordBreachServiceTests.Common_breached_passwords_are_detectedAsync(password: &quot;PASSWORD&quot;)" computerName="KOMPUTA" duration="00:00:00.0005192" startTime="2025-07-20T11:36:49.5271624+10:00" endTime="2025-07-20T11:36:49.5272193+10:00" testType="13cdc9d9-ddb5-4fa4-a97d-d965ccfc6d4b" outcome="Passed" testListId="8c84fa94-04c1-424b-9868-57a2d4851a1d" relativeResultsDirectory="53e32acb-7236-4c81-a365-9ebae03cbd58" />
    <UnitTestResult executionId="bbf0b428-c355-4506-83ae-1a2d9dc65f05" testId="ed61cfd9-4c9a-43e9-e049-a31cb00f4955" testName="WorkFlo.Infrastructure.Tests.Services.Auth.GoogleOAuthServiceTests.invalid_authorization_code_returns_failureAsync" computerName="KOMPUTA" duration="00:00:00.0008952" startTime="2025-07-20T11:36:49.5542302+10:00" endTime="2025-07-20T11:36:49.5543606+10:00" testType="13cdc9d9-ddb5-4fa4-a97d-d965ccfc6d4b" outcome="Passed" testListId="8c84fa94-04c1-424b-9868-57a2d4851a1d" relativeResultsDirectory="bbf0b428-c355-4506-83ae-1a2d9dc65f05" />
    <UnitTestResult executionId="cd893e5f-02b7-4ade-88a5-81661c440026" testId="b65a5c9b-3a0f-3a1e-ee5c-7fd068a8d06b" testName="WorkFlo.Infrastructure.Tests.Services.LocalPasswordBreachServiceTests.Common_breached_passwords_are_detectedAsync(password: &quot;password123&quot;)" computerName="KOMPUTA" duration="00:00:00.0000137" startTime="2025-07-20T11:36:49.5312897+10:00" endTime="2025-07-20T11:36:49.5313409+10:00" testType="13cdc9d9-ddb5-4fa4-a97d-d965ccfc6d4b" outcome="Passed" testListId="8c84fa94-04c1-424b-9868-57a2d4851a1d" relativeResultsDirectory="cd893e5f-02b7-4ade-88a5-81661c440026" />
    <UnitTestResult executionId="c6a9de80-392e-44dd-9bac-dbd9e82dd7d4" testId="6b2199ff-4db5-b4c2-adfe-4d8738c051e0" testName="WorkFlo.Infrastructure.Tests.Services.Auth.GoogleOAuthServiceTests.network_timeout_returns_appropriate_errorAsync" computerName="KOMPUTA" duration="00:00:00.0008469" startTime="2025-07-20T11:36:49.5535549+10:00" endTime="2025-07-20T11:36:49.5540335+10:00" testType="13cdc9d9-ddb5-4fa4-a97d-d965ccfc6d4b" outcome="Passed" testListId="8c84fa94-04c1-424b-9868-57a2d4851a1d" relativeResultsDirectory="c6a9de80-392e-44dd-9bac-dbd9e82dd7d4" />
    <UnitTestResult executionId="41e7f351-cedd-428f-b5af-2b135f8b4a3a" testId="a5da83e4-4070-4156-c8cf-85147ed3493a" testName="WorkFlo.Infrastructure.Tests.Services.Auth.MicrosoftOAuthServiceTests.user_info_retrieval_failure_returns_errorAsync" computerName="KOMPUTA" duration="00:00:00.0008536" startTime="2025-07-20T11:36:49.5541307+10:00" endTime="2025-07-20T11:36:49.5542699+10:00" testType="13cdc9d9-ddb5-4fa4-a97d-d965ccfc6d4b" outcome="Passed" testListId="8c84fa94-04c1-424b-9868-57a2d4851a1d" relativeResultsDirectory="41e7f351-cedd-428f-b5af-2b135f8b4a3a" />
    <UnitTestResult executionId="bfd16115-ca62-42a4-8dd2-1b3b2b13c32a" testId="4438f125-645d-8ed3-ffb8-fc9464d009b5" testName="WorkFlo.Infrastructure.Tests.Services.Auth.GoogleOAuthServiceTests.user_info_retrieval_failure_returns_errorAsync" computerName="KOMPUTA" duration="00:00:00.0009213" startTime="2025-07-20T11:36:49.5552862+10:00" endTime="2025-07-20T11:36:49.5553207+10:00" testType="13cdc9d9-ddb5-4fa4-a97d-d965ccfc6d4b" outcome="Passed" testListId="8c84fa94-04c1-424b-9868-57a2d4851a1d" relativeResultsDirectory="bfd16115-ca62-42a4-8dd2-1b3b2b13c32a" />
    <UnitTestResult executionId="359e9d55-af6e-4664-8257-e88184dea9a7" testId="46a9f2b3-a280-e95d-472c-b020cdc3f6a5" testName="WorkFlo.Infrastructure.Tests.Services.Auth.MicrosoftOAuthServiceTests.valid_authorization_code_returns_user_infoAsync" computerName="KOMPUTA" duration="00:00:00.0229327" startTime="2025-07-20T11:36:49.5402122+10:00" endTime="2025-07-20T11:36:49.5518462+10:00" testType="13cdc9d9-ddb5-4fa4-a97d-d965ccfc6d4b" outcome="Passed" testListId="8c84fa94-04c1-424b-9868-57a2d4851a1d" relativeResultsDirectory="359e9d55-af6e-4664-8257-e88184dea9a7" />
    <UnitTestResult executionId="0b652e8a-97cf-472c-8006-eb9ceddeba15" testId="d91a3cf0-29b7-a641-8f36-5faf3df8f7e8" testName="WorkFlo.Infrastructure.Tests.Services.Auth.JwtTokenServiceTests.access_token_expires_after_fifteen_minutesAsync" computerName="KOMPUTA" duration="00:00:00.0007930" startTime="2025-07-20T11:36:49.5557275+10:00" endTime="2025-07-20T11:36:49.5566079+10:00" testType="13cdc9d9-ddb5-4fa4-a97d-d965ccfc6d4b" outcome="Passed" testListId="8c84fa94-04c1-424b-9868-57a2d4851a1d" relativeResultsDirectory="0b652e8a-97cf-472c-8006-eb9ceddeba15" />
    <UnitTestResult executionId="e4ff20d6-7e5b-411a-bfc5-c43717de10a7" testId="9241c81a-eaa8-0c0d-6311-afb209a51e70" testName="WorkFlo.Infrastructure.Tests.Services.LocalPasswordBreachServiceTests.Null_password_throws_argument_null_exceptionAsync" computerName="KOMPUTA" duration="00:00:00.0199742" startTime="2025-07-20T11:36:49.5333252+10:00" endTime="2025-07-20T11:36:49.5347812+10:00" testType="13cdc9d9-ddb5-4fa4-a97d-d965ccfc6d4b" outcome="Passed" testListId="8c84fa94-04c1-424b-9868-57a2d4851a1d" relativeResultsDirectory="e4ff20d6-7e5b-411a-bfc5-c43717de10a7" />
    <UnitTestResult executionId="be196233-b41c-4779-82ac-5ef2a37d7318" testId="a47ab64f-71ab-9112-68d1-0196cd15d1a8" testName="WorkFlo.Infrastructure.Tests.Services.EmailServiceTests.SendVerificationEmailAsync_InvalidEmail_ReturnsFailureAsync" computerName="KOMPUTA" duration="00:00:00.1388974" startTime="2025-07-20T11:36:49.4170755+10:00" endTime="2025-07-20T11:36:49.5589770+10:00" testType="13cdc9d9-ddb5-4fa4-a97d-d965ccfc6d4b" outcome="Passed" testListId="8c84fa94-04c1-424b-9868-57a2d4851a1d" relativeResultsDirectory="be196233-b41c-4779-82ac-5ef2a37d7318" />
    <UnitTestResult executionId="1a37df0b-158b-4453-a793-a76632fb54e6" testId="2a1f03e8-8426-ba52-c504-bd9c287a7112" testName="WorkFlo.Infrastructure.Tests.Services.Auth.PasswordHashingServiceTests.verification_with_malformed_bcrypt_hash_returns_false" computerName="KOMPUTA" duration="00:00:00.0002424" startTime="2025-07-20T11:36:58.8282567+10:00" endTime="2025-07-20T11:36:58.8283094+10:00" testType="13cdc9d9-ddb5-4fa4-a97d-d965ccfc6d4b" outcome="Passed" testListId="8c84fa94-04c1-424b-9868-57a2d4851a1d" relativeResultsDirectory="1a37df0b-158b-4453-a793-a76632fb54e6" />
    <UnitTestResult executionId="57ab824a-6bb5-4603-a06c-56d7b8f9850b" testId="ea3e720a-eb66-9831-9012-7658e02da3eb" testName="WorkFlo.Infrastructure.Tests.Services.Auth.PasswordHashingServiceTests.password_verification_is_slow_enough_for_security" computerName="KOMPUTA" duration="00:00:00.3938297" startTime="2025-07-20T11:36:56.6564591+10:00" endTime="2025-07-20T11:36:57.0502411+10:00" testType="13cdc9d9-ddb5-4fa4-a97d-d965ccfc6d4b" outcome="Passed" testListId="8c84fa94-04c1-424b-9868-57a2d4851a1d" relativeResultsDirectory="57ab824a-6bb5-4603-a06c-56d7b8f9850b" />
    <UnitTestResult executionId="8449f6d3-ec2d-427f-ab37-0e9777c297ce" testId="82eb17d5-f190-3bb1-2ab8-3fd3a319b9d2" testName="WorkFlo.Infrastructure.Tests.Services.Auth.JwtTokenServiceTests.revoked_refresh_token_fails_validationAsync" computerName="KOMPUTA" duration="00:00:00.0009009" startTime="2025-07-20T11:36:49.5249920+10:00" endTime="2025-07-20T11:36:49.5251244+10:00" testType="13cdc9d9-ddb5-4fa4-a97d-d965ccfc6d4b" outcome="Passed" testListId="8c84fa94-04c1-424b-9868-57a2d4851a1d" relativeResultsDirectory="8449f6d3-ec2d-427f-ab37-0e9777c297ce" />
    <UnitTestResult executionId="db00139e-d8ee-4379-9f32-cc0f8645f70f" testId="5bf3f528-7340-a47c-e2e9-3948a46a75ae" testName="WorkFlo.Infrastructure.Tests.Services.Auth.PasswordHashingServiceTests.incorrect_password_fails_verification" computerName="KOMPUTA" duration="00:00:00.3933340" startTime="2025-07-20T11:36:57.8361649+10:00" endTime="2025-07-20T11:36:58.2294938+10:00" testType="13cdc9d9-ddb5-4fa4-a97d-d965ccfc6d4b" outcome="Passed" testListId="8c84fa94-04c1-424b-9868-57a2d4851a1d" relativeResultsDirectory="db00139e-d8ee-4379-9f32-cc0f8645f70f" />
    <UnitTestResult executionId="ba2fbe17-2c8a-4a7e-9b89-7bfae8938310" testId="72b65e61-1bc9-446b-e14a-da6ba3251cb3" testName="WorkFlo.Infrastructure.Tests.Unit.Services.HookInstallationServiceTests.hook_installation_fails_outside_git_repository" computerName="KOMPUTA" duration="00:00:00.0018326" startTime="2025-07-20T11:36:49.5394663+10:00" endTime="2025-07-20T11:36:49.5396231+10:00" testType="13cdc9d9-ddb5-4fa4-a97d-d965ccfc6d4b" outcome="Passed" testListId="8c84fa94-04c1-424b-9868-57a2d4851a1d" relativeResultsDirectory="ba2fbe17-2c8a-4a7e-9b89-7bfae8938310" />
    <UnitTestResult executionId="86e96b10-9e34-4173-9002-ad8103c8a780" testId="7e5d2cbf-f18f-c2e7-5396-2e535dd09a61" testName="WorkFlo.Infrastructure.Tests.Services.Auth.PasswordHashingServiceTests.verification_with_null_hash_throws_exception" computerName="KOMPUTA" duration="00:00:00.0001039" startTime="2025-07-20T11:36:58.4299142+10:00" endTime="2025-07-20T11:36:58.4299377+10:00" testType="13cdc9d9-ddb5-4fa4-a97d-d965ccfc6d4b" outcome="Passed" testListId="8c84fa94-04c1-424b-9868-57a2d4851a1d" relativeResultsDirectory="86e96b10-9e34-4173-9002-ad8103c8a780" />
    <UnitTestResult executionId="929e21eb-891e-49a5-874b-21082eff1608" testId="a10f0108-01f0-bdae-7538-64d4205fbd9f" testName="WorkFlo.Infrastructure.Tests.Services.Auth.MicrosoftOAuthServiceTests.invalid_authorization_code_returns_failureAsync" computerName="KOMPUTA" duration="00:00:00.0853472" startTime="2025-07-20T11:36:49.4193032+10:00" endTime="2025-07-20T11:36:49.5399086+10:00" testType="13cdc9d9-ddb5-4fa4-a97d-d965ccfc6d4b" outcome="Passed" testListId="8c84fa94-04c1-424b-9868-57a2d4851a1d" relativeResultsDirectory="929e21eb-891e-49a5-874b-21082eff1608" />
    <UnitTestResult executionId="2def2c60-156b-4312-a487-92db54c2e3fd" testId="a102ddad-c55a-0c83-5f18-0ea084863f17" testName="WorkFlo.Infrastructure.Tests.Services.Auth.GoogleOAuthServiceTests.valid_authorization_code_returns_user_infoAsync" computerName="KOMPUTA" duration="00:00:00.0010908" startTime="2025-07-20T11:36:49.5525771+10:00" endTime="2025-07-20T11:36:49.5533851+10:00" testType="13cdc9d9-ddb5-4fa4-a97d-d965ccfc6d4b" outcome="Passed" testListId="8c84fa94-04c1-424b-9868-57a2d4851a1d" relativeResultsDirectory="2def2c60-156b-4312-a487-92db54c2e3fd" />
    <UnitTestResult executionId="621aa652-975d-47e2-8f15-2b488bdb49cf" testId="5430e498-46f6-788a-ffac-58b610986f48" testName="WorkFlo.Infrastructure.Tests.Services.LocalPasswordBreachServiceTests.Service_is_thread_safeAsync" computerName="KOMPUTA" duration="00:00:00.0071326" startTime="2025-07-20T11:36:49.5349611+10:00" endTime="2025-07-20T11:36:49.5353659+10:00" testType="13cdc9d9-ddb5-4fa4-a97d-d965ccfc6d4b" outcome="Passed" testListId="8c84fa94-04c1-424b-9868-57a2d4851a1d" relativeResultsDirectory="621aa652-975d-47e2-8f15-2b488bdb49cf" />
    <UnitTestResult executionId="ea376c0b-06c4-4974-b040-a2afc0aad504" testId="e5adb937-19a8-1be3-c20c-5f594c1058aa" testName="WorkFlo.Infrastructure.Tests.Services.LocalPasswordBreachServiceTests.Common_breached_passwords_are_detectedAsync(password: &quot;123456&quot;)" computerName="KOMPUTA" duration="00:00:00.0000121" startTime="2025-07-20T11:36:49.5314606+10:00" endTime="2025-07-20T11:36:49.5315154+10:00" testType="13cdc9d9-ddb5-4fa4-a97d-d965ccfc6d4b" outcome="Passed" testListId="8c84fa94-04c1-424b-9868-57a2d4851a1d" relativeResultsDirectory="ea376c0b-06c4-4974-b040-a2afc0aad504" />
    <UnitTestResult executionId="f38427a5-a1b9-416c-b6e0-acfea956ded2" testId="d1d87f83-718b-c394-1b6a-f8ab743df232" testName="WorkFlo.Infrastructure.Tests.Services.Auth.PasswordHashingServiceTests.verification_with_empty_hash_throws_exception" computerName="KOMPUTA" duration="00:00:00.0002829" startTime="2025-07-20T11:36:58.4297896+10:00" endTime="2025-07-20T11:36:58.4298294+10:00" testType="13cdc9d9-ddb5-4fa4-a97d-d965ccfc6d4b" outcome="Passed" testListId="8c84fa94-04c1-424b-9868-57a2d4851a1d" relativeResultsDirectory="f38427a5-a1b9-416c-b6e0-acfea956ded2" />
    <UnitTestResult executionId="9e22531c-326a-409e-9e22-374159316468" testId="027d61dd-bd50-2ab5-1405-2cd4bef0cb9e" testName="WorkFlo.Infrastructure.Tests.Services.Auth.GoogleOAuthServiceTests.provider_name_is_google" computerName="KOMPUTA" duration="00:00:00.0000813" startTime="2025-07-20T11:36:49.5551634+10:00" endTime="2025-07-20T11:36:49.5551982+10:00" testType="13cdc9d9-ddb5-4fa4-a97d-d965ccfc6d4b" outcome="Passed" testListId="8c84fa94-04c1-424b-9868-57a2d4851a1d" relativeResultsDirectory="9e22531c-326a-409e-9e22-374159316468" />
    <UnitTestResult executionId="9ad22559-ea7e-4c2a-8600-ec4018aade59" testId="4cf34537-9d77-017d-89cc-6de5ed18627b" testName="WorkFlo.Infrastructure.Tests.Services.Auth.MicrosoftOAuthServiceTests.network_timeout_returns_appropriate_errorAsync" computerName="KOMPUTA" duration="00:00:00.0013507" startTime="2025-07-20T11:36:49.5533021+10:00" endTime="2025-07-20T11:36:49.5538403+10:00" testType="13cdc9d9-ddb5-4fa4-a97d-d965ccfc6d4b" outcome="Passed" testListId="8c84fa94-04c1-424b-9868-57a2d4851a1d" relativeResultsDirectory="9ad22559-ea7e-4c2a-8600-ec4018aade59" />
    <UnitTestResult executionId="63087bb0-549d-41ff-86c4-d59b420b2927" testId="de98de96-2adc-f1a6-4f45-f092d28f5b5b" testName="WorkFlo.Infrastructure.Tests.Services.Auth.EmailVerificationTokenServiceTests.service_requires_jwt_secret_configuration" computerName="KOMPUTA" duration="00:00:00.0008237" startTime="2025-07-20T11:36:49.5339026+10:00" endTime="2025-07-20T11:36:49.5339598+10:00" testType="13cdc9d9-ddb5-4fa4-a97d-d965ccfc6d4b" outcome="Passed" testListId="8c84fa94-04c1-424b-9868-57a2d4851a1d" relativeResultsDirectory="63087bb0-549d-41ff-86c4-d59b420b2927" />
    <UnitTestResult executionId="36089adc-6955-450c-b0d6-8556862599b5" testId="a9876021-4b9f-3808-9a34-9ec3b2f35d40" testName="WorkFlo.Infrastructure.Tests.Services.Auth.MicrosoftOAuthServiceTests.token_exchange_http_error_returns_failureAsync" computerName="KOMPUTA" duration="00:00:00.0008074" startTime="2025-07-20T11:36:49.5519622+10:00" endTime="2025-07-20T11:36:49.5520101+10:00" testType="13cdc9d9-ddb5-4fa4-a97d-d965ccfc6d4b" outcome="Passed" testListId="8c84fa94-04c1-424b-9868-57a2d4851a1d" relativeResultsDirectory="36089adc-6955-450c-b0d6-8556862599b5" />
    <UnitTestResult executionId="8eb82e8b-5324-4483-b571-19e93609e2e0" testId="d814bfd8-7f12-411b-b31d-189c13c91243" testName="WorkFlo.Infrastructure.Tests.Services.LocalPasswordBreachServiceTests.Non_breached_passwords_are_not_detectedAsync(password: &quot;UniqueSecureP@ssw0rd!&quot;)" computerName="KOMPUTA" duration="00:00:00.0000490" startTime="2025-07-20T11:36:49.5322890+10:00" endTime="2025-07-20T11:36:49.5323443+10:00" testType="13cdc9d9-ddb5-4fa4-a97d-d965ccfc6d4b" outcome="Passed" testListId="8c84fa94-04c1-424b-9868-57a2d4851a1d" relativeResultsDirectory="8eb82e8b-5324-4483-b571-19e93609e2e0" />
    <UnitTestResult executionId="06a1360f-c33a-4914-9d3b-7907c95f72eb" testId="df3147b8-23d8-9818-6421-19dd0aba7ab7" testName="WorkFlo.Infrastructure.Tests.Services.Auth.JwtTokenServiceTests.refresh_token_for_wrong_user_fails_validationAsync" computerName="KOMPUTA" duration="00:00:00.0012442" startTime="2025-07-20T11:36:49.5258569+10:00" endTime="2025-07-20T11:36:49.5259203+10:00" testType="13cdc9d9-ddb5-4fa4-a97d-d965ccfc6d4b" outcome="Passed" testListId="8c84fa94-04c1-424b-9868-57a2d4851a1d" relativeResultsDirectory="06a1360f-c33a-4914-9d3b-7907c95f72eb" />
    <UnitTestResult executionId="46dc4669-bc6a-4186-981e-036d003581fb" testId="4959ec2b-4321-5418-8878-6c4e18ea29aa" testName="WorkFlo.Infrastructure.Tests.Services.Auth.GoogleOAuthServiceTests.privacy_compliance_no_sensitive_data_loggedAsync" computerName="KOMPUTA" duration="00:00:00.1110505" startTime="2025-07-20T11:36:49.4193543+10:00" endTime="2025-07-20T11:36:49.5523874+10:00" testType="13cdc9d9-ddb5-4fa4-a97d-d965ccfc6d4b" outcome="Passed" testListId="8c84fa94-04c1-424b-9868-57a2d4851a1d" relativeResultsDirectory="46dc4669-bc6a-4186-981e-036d003581fb" />
    <UnitTestResult executionId="cbd12dec-e836-4105-bc27-92faa5206e08" testId="27680634-4410-a5fd-0781-928ef8b454d7" testName="WorkFlo.Infrastructure.Tests.Services.LocalPasswordBreachServiceTests.Common_breached_passwords_are_detectedAsync(password: &quot;Password&quot;)" computerName="KOMPUTA" duration="00:00:00.0000082" startTime="2025-07-20T11:36:49.5310882+10:00" endTime="2025-07-20T11:36:49.5311401+10:00" testType="13cdc9d9-ddb5-4fa4-a97d-d965ccfc6d4b" outcome="Passed" testListId="8c84fa94-04c1-424b-9868-57a2d4851a1d" relativeResultsDirectory="cbd12dec-e836-4105-bc27-92faa5206e08" />
    <UnitTestResult executionId="f5f8ce95-9bb8-4a00-8edf-d50766b8e2af" testId="69f57ee6-9bae-3fac-f397-6eea8f0f30b1" testName="WorkFlo.Infrastructure.Tests.Services.Auth.JwtTokenServiceTests.remember_me_extends_token_expiry" computerName="KOMPUTA" duration="00:00:00.0017904" startTime="2025-07-20T11:36:49.5262159+10:00" endTime="2025-07-20T11:36:49.5264899+10:00" testType="13cdc9d9-ddb5-4fa4-a97d-d965ccfc6d4b" outcome="Passed" testListId="8c84fa94-04c1-424b-9868-57a2d4851a1d" relativeResultsDirectory="f5f8ce95-9bb8-4a00-8edf-d50766b8e2af" />
    <UnitTestResult executionId="010983ba-afe8-49ae-8407-b6a58fdf2152" testId="8a1dc74f-14cf-12b3-795b-6f9877cb0573" testName="WorkFlo.Infrastructure.Tests.Services.Auth.MicrosoftOAuthServiceTests.null_redirect_uri_works_correctlyAsync" computerName="KOMPUTA" duration="00:00:00.0006122" startTime="2025-07-20T11:36:49.5525609+10:00" endTime="2025-07-20T11:36:49.5526324+10:00" testType="13cdc9d9-ddb5-4fa4-a97d-d965ccfc6d4b" outcome="Passed" testListId="8c84fa94-04c1-424b-9868-57a2d4851a1d" relativeResultsDirectory="010983ba-afe8-49ae-8407-b6a58fdf2152" />
    <UnitTestResult executionId="add7b9bd-ea47-47c1-911b-4c316826008c" testId="8aa9a976-c52d-5e9b-957b-087b15d1fa1c" testName="WorkFlo.Infrastructure.Tests.Services.LocalPasswordBreachServiceTests.Common_breached_passwords_are_detectedAsync(password: &quot;PaSsWoRd&quot;)" computerName="KOMPUTA" duration="00:00:00.0000143" startTime="2025-07-20T11:36:49.5308907+10:00" endTime="2025-07-20T11:36:49.5309644+10:00" testType="13cdc9d9-ddb5-4fa4-a97d-d965ccfc6d4b" outcome="Passed" testListId="8c84fa94-04c1-424b-9868-57a2d4851a1d" relativeResultsDirectory="add7b9bd-ea47-47c1-911b-4c316826008c" />
    <UnitTestResult executionId="480f6be3-ac7c-43a7-92db-dae51ed7882a" testId="97752442-10ff-9180-683e-f5027abe8481" testName="WorkFlo.Infrastructure.Tests.Unit.Services.HookInstallationServiceTests.developer_can_install_hooks_in_git_repository" computerName="KOMPUTA" duration="00:00:00.0384523" startTime="2025-07-20T11:36:49.4193793+10:00" endTime="2025-07-20T11:36:49.5344884+10:00" testType="13cdc9d9-ddb5-4fa4-a97d-d965ccfc6d4b" outcome="Passed" testListId="8c84fa94-04c1-424b-9868-57a2d4851a1d" relativeResultsDirectory="480f6be3-ac7c-43a7-92db-dae51ed7882a" />
    <UnitTestResult executionId="b6c040e8-c69b-4084-bf70-d37fbad1f13f" testId="8322bb12-5450-d4b3-b13e-cee9ebac26f9" testName="WorkFlo.Infrastructure.Tests.Services.Auth.MicrosoftOAuthServiceTests.provider_name_is_microsoft" computerName="KOMPUTA" duration="00:00:00.0000989" startTime="2025-07-20T11:36:49.5522160+10:00" endTime="2025-07-20T11:36:49.5522527+10:00" testType="13cdc9d9-ddb5-4fa4-a97d-d965ccfc6d4b" outcome="Passed" testListId="8c84fa94-04c1-424b-9868-57a2d4851a1d" relativeResultsDirectory="b6c040e8-c69b-4084-bf70-d37fbad1f13f" />
    <UnitTestResult executionId="6d2061c5-52ce-4572-9400-d24918c55163" testId="c714cf1b-e0b6-aa0b-e5c3-9200b28e5ee1" testName="WorkFlo.Infrastructure.Tests.Unit.Services.HookInstallationServiceTests.force_flag_overwrites_existing_hooks" computerName="KOMPUTA" duration="00:00:00.0100541" startTime="2025-07-20T11:36:49.5391598+10:00" endTime="2025-07-20T11:36:49.5392877+10:00" testType="13cdc9d9-ddb5-4fa4-a97d-d965ccfc6d4b" outcome="Passed" testListId="8c84fa94-04c1-424b-9868-57a2d4851a1d" relativeResultsDirectory="6d2061c5-52ce-4572-9400-d24918c55163" />
    <UnitTestResult executionId="7ccd51dc-eaaf-4215-8293-4452db1c6051" testId="09f0d8ae-60eb-5775-7510-004acbd6b3ed" testName="WorkFlo.Infrastructure.Tests.Services.LocalPasswordBreachServiceTests.Passwords_with_spaces_are_treated_as_differentAsync(password: &quot;password &quot;)" computerName="KOMPUTA" duration="00:00:00.0000408" startTime="2025-07-20T11:36:49.5267965+10:00" endTime="2025-07-20T11:36:49.5268644+10:00" testType="13cdc9d9-ddb5-4fa4-a97d-d965ccfc6d4b" outcome="Passed" testListId="8c84fa94-04c1-424b-9868-57a2d4851a1d" relativeResultsDirectory="7ccd51dc-eaaf-4215-8293-4452db1c6051" />
    <UnitTestResult executionId="1d2209c7-1516-4401-8d29-df2283d37cd9" testId="7a9f0f8a-b356-075e-6557-23cbc0d8b989" testName="WorkFlo.Infrastructure.Tests.Services.LocalPasswordBreachServiceTests.Passwords_with_spaces_are_treated_as_differentAsync(password: &quot; password&quot;)" computerName="KOMPUTA" duration="00:00:00.0292568" startTime="2025-07-20T11:36:49.4184906+10:00" endTime="2025-07-20T11:36:49.5262997+10:00" testType="13cdc9d9-ddb5-4fa4-a97d-d965ccfc6d4b" outcome="Passed" testListId="8c84fa94-04c1-424b-9868-57a2d4851a1d" relativeResultsDirectory="1d2209c7-1516-4401-8d29-df2283d37cd9" />
    <UnitTestResult executionId="3daa2372-8db2-4f59-8db4-03c92827c50e" testId="c4a44598-4167-c682-2b6b-891d361dd9ce" testName="WorkFlo.Infrastructure.Tests.Services.EmailServiceTests.SendVerificationEmailAsync_ValidEmail_EmailSentSuccessfullyAsync" computerName="KOMPUTA" duration="00:00:00.0114218" startTime="2025-07-20T11:36:49.5590930+10:00" endTime="2025-07-20T11:36:49.5705477+10:00" testType="13cdc9d9-ddb5-4fa4-a97d-d965ccfc6d4b" outcome="Passed" testListId="8c84fa94-04c1-424b-9868-57a2d4851a1d" relativeResultsDirectory="3daa2372-8db2-4f59-8db4-03c92827c50e" />
    <UnitTestResult executionId="bd3eadb2-8b39-42aa-9868-29291b7c3db3" testId="97fddcc2-8d5c-ba1c-68b1-09f649ac12a8" testName="WorkFlo.Infrastructure.Tests.Services.Auth.EmailVerificationTokenServiceTests.generated_token_can_be_validated_successfullyAsync" computerName="KOMPUTA" duration="00:00:00.0501462" startTime="2025-07-20T11:36:49.5352581+10:00" endTime="2025-07-20T11:36:49.5544986+10:00" testType="13cdc9d9-ddb5-4fa4-a97d-d965ccfc6d4b" outcome="Passed" testListId="8c84fa94-04c1-424b-9868-57a2d4851a1d" relativeResultsDirectory="bd3eadb2-8b39-42aa-9868-29291b7c3db3" />
    <UnitTestResult executionId="efaf5657-7c55-4952-9ee3-134aa79aea07" testId="5ca68fb0-f84f-489c-d1d7-7fd4c3bbf91c" testName="WorkFlo.Infrastructure.Tests.Services.LocalPasswordBreachServiceTests.Case_insensitive_detection_works_correctlyAsync" computerName="KOMPUTA" duration="00:00:00.0005872" startTime="2025-07-20T11:36:49.5367740+10:00" endTime="2025-07-20T11:36:49.5368859+10:00" testType="13cdc9d9-ddb5-4fa4-a97d-d965ccfc6d4b" outcome="Passed" testListId="8c84fa94-04c1-424b-9868-57a2d4851a1d" relativeResultsDirectory="efaf5657-7c55-4952-9ee3-134aa79aea07" />
    <UnitTestResult executionId="8b10596a-ea98-4169-b1c4-e7c969570671" testId="67aaaebd-d5ca-383b-38b1-c157254a5805" testName="WorkFlo.Infrastructure.Tests.Services.Auth.PasswordHashingServiceTests.various_password_formats_can_be_hashed_and_verified(password: &quot;\ud83d\udd12\ud83d\udd10\ud83d\udddd️&quot;)" computerName="KOMPUTA" duration="00:00:00.4131598" startTime="2025-07-20T11:36:50.0623292+10:00" endTime="2025-07-20T11:36:50.4739115+10:00" testType="13cdc9d9-ddb5-4fa4-a97d-d965ccfc6d4b" outcome="Passed" testListId="8c84fa94-04c1-424b-9868-57a2d4851a1d" relativeResultsDirectory="8b10596a-ea98-4169-b1c4-e7c969570671" />
    <UnitTestResult executionId="4c25b7eb-8484-4ccf-a221-d7e819eda7a3" testId="706b3ddf-785f-4dc9-e7b6-fb980dfe32ac" testName="WorkFlo.Infrastructure.Tests.Services.LocalPasswordBreachServiceTests.Common_breached_passwords_are_detectedAsync(password: &quot;password&quot;)" computerName="KOMPUTA" duration="00:00:00.0000514" startTime="2025-07-20T11:36:49.5306953+10:00" endTime="2025-07-20T11:36:49.5307657+10:00" testType="13cdc9d9-ddb5-4fa4-a97d-d965ccfc6d4b" outcome="Passed" testListId="8c84fa94-04c1-424b-9868-57a2d4851a1d" relativeResultsDirectory="4c25b7eb-8484-4ccf-a221-d7e819eda7a3" />
    <UnitTestResult executionId="e73cd908-cb44-4101-854d-7609074b7bb1" testId="5288bf8c-dd60-7f01-a49c-ab5d29436c07" testName="WorkFlo.Infrastructure.Tests.Services.Auth.EmailVerificationTokenServiceTests.token_with_different_purpose_is_rejectedAsync" computerName="KOMPUTA" duration="00:00:00.0007827" startTime="2025-07-20T11:36:49.5571155+10:00" endTime="2025-07-20T11:36:49.5571515+10:00" testType="13cdc9d9-ddb5-4fa4-a97d-d965ccfc6d4b" outcome="Passed" testListId="8c84fa94-04c1-424b-9868-57a2d4851a1d" relativeResultsDirectory="e73cd908-cb44-4101-854d-7609074b7bb1" />
    <UnitTestResult executionId="a15e3146-98ff-4f52-8fd8-5c1990cc0083" testId="d3f16d4f-48c7-415f-70b6-6a196ebee3e9" testName="WorkFlo.Infrastructure.Tests.Services.Auth.JwtTokenServiceTests.invalid_token_returns_null_user_idAsync" computerName="KOMPUTA" duration="00:00:00.0040570" startTime="2025-07-20T11:36:49.5537718+10:00" endTime="2025-07-20T11:36:49.5556371+10:00" testType="13cdc9d9-ddb5-4fa4-a97d-d965ccfc6d4b" outcome="Passed" testListId="8c84fa94-04c1-424b-9868-57a2d4851a1d" relativeResultsDirectory="a15e3146-98ff-4f52-8fd8-5c1990cc0083" />
    <UnitTestResult executionId="ac93f319-0a81-44be-b04b-41ed59a318da" testId="a4c0438b-e03a-d1b1-82fb-f6a49e6270ea" testName="WorkFlo.Infrastructure.Tests.Services.Auth.EmailVerificationTokenServiceTests.token_contains_correct_claimsAsync" computerName="KOMPUTA" duration="00:00:00.0006833" startTime="2025-07-20T11:36:49.5572643+10:00" endTime="2025-07-20T11:36:49.5573123+10:00" testType="13cdc9d9-ddb5-4fa4-a97d-d965ccfc6d4b" outcome="Passed" testListId="8c84fa94-04c1-424b-9868-57a2d4851a1d" relativeResultsDirectory="ac93f319-0a81-44be-b04b-41ed59a318da" />
    <UnitTestResult executionId="bb78076c-abb1-450f-93bb-cbfca4bc164d" testId="ef08fef5-58c0-a2f1-25c6-c0ffac77dce3" testName="WorkFlo.Infrastructure.Tests.Unit.Services.HookInstallationServiceTests.existing_hooks_prevent_installation_without_force" computerName="KOMPUTA" duration="00:00:00.0050506" startTime="2025-07-20T11:36:49.5398370+10:00" endTime="2025-07-20T11:36:49.5403971+10:00" testType="13cdc9d9-ddb5-4fa4-a97d-d965ccfc6d4b" outcome="Passed" testListId="8c84fa94-04c1-424b-9868-57a2d4851a1d" relativeResultsDirectory="bb78076c-abb1-450f-93bb-cbfca4bc164d" />
    <UnitTestResult executionId="2e42cb67-4ac0-49e8-9e1a-399031e68837" testId="a8994210-f7ff-6065-6d03-3675bca30992" testName="WorkFlo.Infrastructure.Tests.Services.Auth.PasswordHashingServiceTests.password_hashing_is_slow_enough_for_security" computerName="KOMPUTA" duration="00:00:00.2005816" startTime="2025-07-20T11:36:51.6894037+10:00" endTime="2025-07-20T11:36:51.8898165+10:00" testType="13cdc9d9-ddb5-4fa4-a97d-d965ccfc6d4b" outcome="Passed" testListId="8c84fa94-04c1-424b-9868-57a2d4851a1d" relativeResultsDirectory="2e42cb67-4ac0-49e8-9e1a-399031e68837" />
    <UnitTestResult executionId="57b08dd1-d474-4afb-a78a-8e3654532a13" testId="3e124039-5753-eab5-85cc-e4b5a1daf2ee" testName="WorkFlo.Infrastructure.Tests.Services.Auth.PasswordHashingServiceTests.verification_with_null_password_throws_exception" computerName="KOMPUTA" duration="00:00:00.1971320" startTime="2025-07-20T11:36:58.4300098+10:00" endTime="2025-07-20T11:36:58.6271490+10:00" testType="13cdc9d9-ddb5-4fa4-a97d-d965ccfc6d4b" outcome="Passed" testListId="8c84fa94-04c1-424b-9868-57a2d4851a1d" relativeResultsDirectory="57b08dd1-d474-4afb-a78a-8e3654532a13" />
    <UnitTestResult executionId="3fec0447-acff-493b-be16-2a6d629c5114" testId="5918c293-c80f-39e8-a2a8-c32843d0f001" testName="WorkFlo.Infrastructure.Tests.Services.Auth.PasswordHashingServiceTests.correct_password_verifies_successfully" computerName="KOMPUTA" duration="00:00:00.3869449" startTime="2025-07-20T11:36:56.0701489+10:00" endTime="2025-07-20T11:36:56.4568009+10:00" testType="13cdc9d9-ddb5-4fa4-a97d-d965ccfc6d4b" outcome="Passed" testListId="8c84fa94-04c1-424b-9868-57a2d4851a1d" relativeResultsDirectory="3fec0447-acff-493b-be16-2a6d629c5114" />
    <UnitTestResult executionId="cfc0ec2d-375e-4da4-baa8-45456d9459ab" testId="4c612ccb-2c23-14ca-8f40-4305bb5c1436" testName="WorkFlo.Infrastructure.Tests.Services.Auth.JwtTokenServiceTests.valid_refresh_token_can_be_validatedAsync" computerName="KOMPUTA" duration="00:00:00.0153228" startTime="2025-07-20T11:36:49.4184465+10:00" endTime="2025-07-20T11:36:49.4401432+10:00" testType="13cdc9d9-ddb5-4fa4-a97d-d965ccfc6d4b" outcome="Passed" testListId="8c84fa94-04c1-424b-9868-57a2d4851a1d" relativeResultsDirectory="cfc0ec2d-375e-4da4-baa8-45456d9459ab" />
    <UnitTestResult executionId="c7c247a3-9121-4747-a49f-38bdac8cde63" testId="5e9ce0b9-8e85-ec5a-fa7b-a42e5aae1de6" testName="WorkFlo.Infrastructure.Tests.Services.Auth.PasswordHashingServiceTests.empty_password_throws_exception" computerName="KOMPUTA" duration="00:00:00.0004298" startTime="2025-07-20T11:36:56.4571322+10:00" endTime="2025-07-20T11:36:56.4573603+10:00" testType="13cdc9d9-ddb5-4fa4-a97d-d965ccfc6d4b" outcome="Passed" testListId="8c84fa94-04c1-424b-9868-57a2d4851a1d" relativeResultsDirectory="c7c247a3-9121-4747-a49f-38bdac8cde63" />
    <UnitTestResult executionId="5665bb91-835c-4395-b4a6-0097366814f3" testId="c6198b7b-fab8-0135-0483-8c8d81d7d023" testName="WorkFlo.Infrastructure.Tests.Services.Auth.JwtTokenServiceTests.tampered_token_fails_validationAsync" computerName="KOMPUTA" duration="00:00:00.0689492" startTime="2025-07-20T11:36:49.5266294+10:00" endTime="2025-07-20T11:36:49.5407912+10:00" testType="13cdc9d9-ddb5-4fa4-a97d-d965ccfc6d4b" outcome="Passed" testListId="8c84fa94-04c1-424b-9868-57a2d4851a1d" relativeResultsDirectory="5665bb91-835c-4395-b4a6-0097366814f3" />
    <UnitTestResult executionId="85bcd268-6d04-49ce-bc13-2917d476278f" testId="3678eb59-12de-69e5-0a42-a70474bbc59e" testName="WorkFlo.Infrastructure.Tests.Services.Auth.PasswordHashingServiceTests.null_password_throws_exception" computerName="KOMPUTA" duration="00:00:00.0001254" startTime="2025-07-20T11:36:58.8290287+10:00" endTime="2025-07-20T11:36:58.8290731+10:00" testType="13cdc9d9-ddb5-4fa4-a97d-d965ccfc6d4b" outcome="Passed" testListId="8c84fa94-04c1-424b-9868-57a2d4851a1d" relativeResultsDirectory="85bcd268-6d04-49ce-bc13-2917d476278f" />
    <UnitTestResult executionId="79358c6b-1fce-4cc5-a121-ad3c479cf0e7" testId="aed3cfcd-34b9-6c6d-6d88-1dc90a414545" testName="WorkFlo.Infrastructure.Tests.Services.Auth.PasswordHashingServiceTests.same_password_produces_different_hashes" computerName="KOMPUTA" duration="00:00:00.7850613" startTime="2025-07-20T11:36:57.0505426+10:00" endTime="2025-07-20T11:36:57.8354525+10:00" testType="13cdc9d9-ddb5-4fa4-a97d-d965ccfc6d4b" outcome="Passed" testListId="8c84fa94-04c1-424b-9868-57a2d4851a1d" relativeResultsDirectory="79358c6b-1fce-4cc5-a121-ad3c479cf0e7" />
    <UnitTestResult executionId="735b952e-e172-4c04-bcb8-394af9769148" testId="7c70eb7b-b098-38bf-dc7a-7c5e43f8a777" testName="WorkFlo.Infrastructure.Tests.Services.LocalPasswordBreachServiceTests.Empty_password_is_not_breachedAsync" computerName="KOMPUTA" duration="00:00:00.0005831" startTime="2025-07-20T11:36:49.5316455+10:00" endTime="2025-07-20T11:36:49.5317088+10:00" testType="13cdc9d9-ddb5-4fa4-a97d-d965ccfc6d4b" outcome="Passed" testListId="8c84fa94-04c1-424b-9868-57a2d4851a1d" relativeResultsDirectory="735b952e-e172-4c04-bcb8-394af9769148" />
    <UnitTestResult executionId="ce3d3ac7-bbe9-4391-8559-60daff2711fb" testId="d450ec95-be19-8ca1-176b-207a9e0b94f8" testName="WorkFlo.Infrastructure.Tests.Services.Auth.PasswordHashingServiceTests.verification_with_invalid_hash_returns_false" computerName="KOMPUTA" duration="00:00:00.0001971" startTime="2025-07-20T11:36:57.8357470+10:00" endTime="2025-07-20T11:36:57.8359979+10:00" testType="13cdc9d9-ddb5-4fa4-a97d-d965ccfc6d4b" outcome="Passed" testListId="8c84fa94-04c1-424b-9868-57a2d4851a1d" relativeResultsDirectory="ce3d3ac7-bbe9-4391-8559-60daff2711fb" />
    <UnitTestResult executionId="c770cf5d-c503-48f1-88e8-aa0fd66b5b12" testId="f7a34190-bae1-0ed1-3afc-65f199bd9e45" testName="WorkFlo.Infrastructure.Tests.Services.LocalPasswordBreachServiceTests.Non_breached_passwords_are_not_detectedAsync(password: &quot;NotInBreachList2024&quot;)" computerName="KOMPUTA" duration="00:00:00.0012064" startTime="2025-07-20T11:36:49.5318335+10:00" endTime="2025-07-20T11:36:49.5318894+10:00" testType="13cdc9d9-ddb5-4fa4-a97d-d965ccfc6d4b" outcome="Passed" testListId="8c84fa94-04c1-424b-9868-57a2d4851a1d" relativeResultsDirectory="c770cf5d-c503-48f1-88e8-aa0fd66b5b12" />
    <UnitTestResult executionId="1ef108c2-a31c-49f9-92d1-4c55baa3f38c" testId="00d44aba-e46e-53c2-1dbf-d70da15670c5" testName="WorkFlo.Infrastructure.Tests.Services.Auth.PasswordHashingServiceTests.hash_contains_proper_bcrypt_work_factor" computerName="KOMPUTA" duration="00:00:00.1997636" startTime="2025-07-20T11:36:58.2297421+10:00" endTime="2025-07-20T11:36:58.4295069+10:00" testType="13cdc9d9-ddb5-4fa4-a97d-d965ccfc6d4b" outcome="Passed" testListId="8c84fa94-04c1-424b-9868-57a2d4851a1d" relativeResultsDirectory="1ef108c2-a31c-49f9-92d1-4c55baa3f38c" />
    <UnitTestResult executionId="08ed53ec-81a8-427c-bfa5-de89fd47f65e" testId="64bb6201-ac58-8694-5a55-d668a70572d2" testName="WorkFlo.Infrastructure.Tests.Services.Auth.PasswordHashingServiceTests.timing_attack_resistance_same_user_different_passwords" computerName="KOMPUTA" duration="00:00:04.1795785" startTime="2025-07-20T11:36:51.8900799+10:00" endTime="2025-07-20T11:36:56.0696076+10:00" testType="13cdc9d9-ddb5-4fa4-a97d-d965ccfc6d4b" outcome="Passed" testListId="8c84fa94-04c1-424b-9868-57a2d4851a1d" relativeResultsDirectory="08ed53ec-81a8-427c-bfa5-de89fd47f65e" />
    <UnitTestResult executionId="1e6327b0-201a-4e60-9dbd-effc8ddfb9c9" testId="9ff68046-52ee-b73a-6f86-67f287da4da3" testName="WorkFlo.Infrastructure.Tests.Services.Auth.JwtTokenServiceTests.user_id_can_be_extracted_from_valid_tokenAsync" computerName="KOMPUTA" duration="00:00:00.0142095" startTime="2025-07-20T11:36:49.5567658+10:00" endTime="2025-07-20T11:36:49.5569522+10:00" testType="13cdc9d9-ddb5-4fa4-a97d-d965ccfc6d4b" outcome="Passed" testListId="8c84fa94-04c1-424b-9868-57a2d4851a1d" relativeResultsDirectory="1e6327b0-201a-4e60-9dbd-effc8ddfb9c9" />
    <UnitTestResult executionId="3ee1c46d-dcef-4877-ac1f-36688d1fcc17" testId="ee9d823c-2ca9-2fa5-927b-6c007361ee12" testName="WorkFlo.Infrastructure.Tests.Services.LocalPasswordBreachServiceTests.Non_breached_passwords_are_not_detectedAsync(password: &quot;MyVeryLongAndComplexPassword123!@#&quot;)" computerName="KOMPUTA" duration="00:00:00.0005951" startTime="2025-07-20T11:36:49.5320095+10:00" endTime="2025-07-20T11:36:49.5321379+10:00" testType="13cdc9d9-ddb5-4fa4-a97d-d965ccfc6d4b" outcome="Passed" testListId="8c84fa94-04c1-424b-9868-57a2d4851a1d" relativeResultsDirectory="3ee1c46d-dcef-4877-ac1f-36688d1fcc17" />
    <UnitTestResult executionId="a6b1eca9-cee3-41c6-8d29-61a8c8ca53f9" testId="07bc9ae8-b2cb-04fe-76eb-4c03b7e82c35" testName="WorkFlo.Infrastructure.Tests.Services.Auth.EmailVerificationTokenServiceTests.expired_token_is_rejectedAsync" computerName="KOMPUTA" duration="00:00:00.0135752" startTime="2025-07-20T11:36:49.5565377+10:00" endTime="2025-07-20T11:36:49.5568106+10:00" testType="13cdc9d9-ddb5-4fa4-a97d-d965ccfc6d4b" outcome="Passed" testListId="8c84fa94-04c1-424b-9868-57a2d4851a1d" relativeResultsDirectory="a6b1eca9-cee3-41c6-8d29-61a8c8ca53f9" />
    <UnitTestResult executionId="564d2857-e847-4b91-87a7-f6d7961c25f5" testId="03fe380d-1d26-68f3-684f-b0f2325487ad" testName="WorkFlo.Infrastructure.Tests.Services.Auth.JwtTokenServiceTests.refresh_token_is_cryptographically_secureAsync" computerName="KOMPUTA" duration="00:00:00.0095205" startTime="2025-07-20T11:36:49.4667842+10:00" endTime="2025-07-20T11:36:49.4672973+10:00" testType="13cdc9d9-ddb5-4fa4-a97d-d965ccfc6d4b" outcome="Passed" testListId="8c84fa94-04c1-424b-9868-57a2d4851a1d" relativeResultsDirectory="564d2857-e847-4b91-87a7-f6d7961c25f5" />
  </Results>
  <TestDefinitions>
    <UnitTest name="WorkFlo.Infrastructure.Tests.Services.Auth.PasswordHashingServiceTests.various_password_formats_can_be_hashed_and_verified(password: &quot;\ud83d\udd12\ud83d\udd10\ud83d\udddd️&quot;)" storage="/home/dan/code/workflo/tests/workflo.infrastructure.tests/bin/debug/net9.0/workflo.infrastructure.tests.dll" id="67aaaebd-d5ca-383b-38b1-c157254a5805">
      <Execution id="8b10596a-ea98-4169-b1c4-e7c969570671" />
      <TestMethod codeBase="/home/dan/code/WorkFlo/tests/WorkFlo.Infrastructure.Tests/bin/Debug/net9.0/WorkFlo.Infrastructure.Tests.dll" adapterTypeName="executor://xunit/VsTestRunner3/netcore/" className="WorkFlo.Infrastructure.Tests.Services.Auth.PasswordHashingServiceTests" name="various_password_formats_can_be_hashed_and_verified" />
    </UnitTest>
    <UnitTest name="WorkFlo.Infrastructure.Tests.Services.Auth.PasswordHashingServiceTests.null_password_throws_exception" storage="/home/dan/code/workflo/tests/workflo.infrastructure.tests/bin/debug/net9.0/workflo.infrastructure.tests.dll" id="3678eb59-12de-69e5-0a42-a70474bbc59e">
      <Execution id="85bcd268-6d04-49ce-bc13-2917d476278f" />
      <TestMethod codeBase="/home/dan/code/WorkFlo/tests/WorkFlo.Infrastructure.Tests/bin/Debug/net9.0/WorkFlo.Infrastructure.Tests.dll" adapterTypeName="executor://xunit/VsTestRunner3/netcore/" className="WorkFlo.Infrastructure.Tests.Services.Auth.PasswordHashingServiceTests" name="null_password_throws_exception" />
    </UnitTest>
    <UnitTest name="WorkFlo.Infrastructure.Tests.Services.Auth.PasswordHashingServiceTests.password_verification_is_slow_enough_for_security" storage="/home/dan/code/workflo/tests/workflo.infrastructure.tests/bin/debug/net9.0/workflo.infrastructure.tests.dll" id="ea3e720a-eb66-9831-9012-7658e02da3eb">
      <Execution id="57ab824a-6bb5-4603-a06c-56d7b8f9850b" />
      <TestMethod codeBase="/home/dan/code/WorkFlo/tests/WorkFlo.Infrastructure.Tests/bin/Debug/net9.0/WorkFlo.Infrastructure.Tests.dll" adapterTypeName="executor://xunit/VsTestRunner3/netcore/" className="WorkFlo.Infrastructure.Tests.Services.Auth.PasswordHashingServiceTests" name="password_verification_is_slow_enough_for_security" />
    </UnitTest>
    <UnitTest name="WorkFlo.Infrastructure.Tests.Services.Auth.GoogleOAuthServiceTests.provider_name_is_google" storage="/home/dan/code/workflo/tests/workflo.infrastructure.tests/bin/debug/net9.0/workflo.infrastructure.tests.dll" id="027d61dd-bd50-2ab5-1405-2cd4bef0cb9e">
      <Execution id="9e22531c-326a-409e-9e22-374159316468" />
      <TestMethod codeBase="/home/dan/code/WorkFlo/tests/WorkFlo.Infrastructure.Tests/bin/Debug/net9.0/WorkFlo.Infrastructure.Tests.dll" adapterTypeName="executor://xunit/VsTestRunner3/netcore/" className="WorkFlo.Infrastructure.Tests.Services.Auth.GoogleOAuthServiceTests" name="provider_name_is_google" />
    </UnitTest>
    <UnitTest name="WorkFlo.Infrastructure.Tests.Services.Auth.JwtTokenServiceTests.remember_me_extends_token_expiry" storage="/home/dan/code/workflo/tests/workflo.infrastructure.tests/bin/debug/net9.0/workflo.infrastructure.tests.dll" id="69f57ee6-9bae-3fac-f397-6eea8f0f30b1">
      <Execution id="f5f8ce95-9bb8-4a00-8edf-d50766b8e2af" />
      <TestMethod codeBase="/home/dan/code/WorkFlo/tests/WorkFlo.Infrastructure.Tests/bin/Debug/net9.0/WorkFlo.Infrastructure.Tests.dll" adapterTypeName="executor://xunit/VsTestRunner3/netcore/" className="WorkFlo.Infrastructure.Tests.Services.Auth.JwtTokenServiceTests" name="remember_me_extends_token_expiry" />
    </UnitTest>
    <UnitTest name="WorkFlo.Infrastructure.Tests.Services.LocalPasswordBreachServiceTests.Common_breached_passwords_are_detectedAsync(password: &quot;123456&quot;)" storage="/home/dan/code/workflo/tests/workflo.infrastructure.tests/bin/debug/net9.0/workflo.infrastructure.tests.dll" id="e5adb937-19a8-1be3-c20c-5f594c1058aa">
      <Execution id="ea376c0b-06c4-4974-b040-a2afc0aad504" />
      <TestMethod codeBase="/home/dan/code/WorkFlo/tests/WorkFlo.Infrastructure.Tests/bin/Debug/net9.0/WorkFlo.Infrastructure.Tests.dll" adapterTypeName="executor://xunit/VsTestRunner3/netcore/" className="WorkFlo.Infrastructure.Tests.Services.LocalPasswordBreachServiceTests" name="Common_breached_passwords_are_detectedAsync" />
    </UnitTest>
    <UnitTest name="WorkFlo.Infrastructure.Tests.Services.Auth.EmailVerificationTokenServiceTests.token_with_different_secret_is_rejectedAsync" storage="/home/dan/code/workflo/tests/workflo.infrastructure.tests/bin/debug/net9.0/workflo.infrastructure.tests.dll" id="7af83cbb-6c63-6cf8-993f-4484baa0ef9a">
      <Execution id="a8765566-41b9-4f7a-b19a-c3c798755403" />
      <TestMethod codeBase="/home/dan/code/WorkFlo/tests/WorkFlo.Infrastructure.Tests/bin/Debug/net9.0/WorkFlo.Infrastructure.Tests.dll" adapterTypeName="executor://xunit/VsTestRunner3/netcore/" className="WorkFlo.Infrastructure.Tests.Services.Auth.EmailVerificationTokenServiceTests" name="token_with_different_secret_is_rejectedAsync" />
    </UnitTest>
    <UnitTest name="WorkFlo.Infrastructure.Tests.Services.Auth.JwtTokenServiceTests.refresh_token_for_wrong_user_fails_validationAsync" storage="/home/dan/code/workflo/tests/workflo.infrastructure.tests/bin/debug/net9.0/workflo.infrastructure.tests.dll" id="df3147b8-23d8-9818-6421-19dd0aba7ab7">
      <Execution id="06a1360f-c33a-4914-9d3b-7907c95f72eb" />
      <TestMethod codeBase="/home/dan/code/WorkFlo/tests/WorkFlo.Infrastructure.Tests/bin/Debug/net9.0/WorkFlo.Infrastructure.Tests.dll" adapterTypeName="executor://xunit/VsTestRunner3/netcore/" className="WorkFlo.Infrastructure.Tests.Services.Auth.JwtTokenServiceTests" name="refresh_token_for_wrong_user_fails_validationAsync" />
    </UnitTest>
    <UnitTest name="WorkFlo.Infrastructure.Tests.Services.LocalPasswordBreachServiceTests.Empty_password_is_not_breachedAsync" storage="/home/dan/code/workflo/tests/workflo.infrastructure.tests/bin/debug/net9.0/workflo.infrastructure.tests.dll" id="7c70eb7b-b098-38bf-dc7a-7c5e43f8a777">
      <Execution id="735b952e-e172-4c04-bcb8-394af9769148" />
      <TestMethod codeBase="/home/dan/code/WorkFlo/tests/WorkFlo.Infrastructure.Tests/bin/Debug/net9.0/WorkFlo.Infrastructure.Tests.dll" adapterTypeName="executor://xunit/VsTestRunner3/netcore/" className="WorkFlo.Infrastructure.Tests.Services.LocalPasswordBreachServiceTests" name="Empty_password_is_not_breachedAsync" />
    </UnitTest>
    <UnitTest name="WorkFlo.Infrastructure.Tests.Services.Auth.JwtTokenServiceTests.valid_user_can_generate_access_tokenAsync" storage="/home/dan/code/workflo/tests/workflo.infrastructure.tests/bin/debug/net9.0/workflo.infrastructure.tests.dll" id="1ba797af-c4fa-dd69-45af-ef968ae91115">
      <Execution id="aa73c612-21fc-42d5-b333-007b820521d5" />
      <TestMethod codeBase="/home/dan/code/WorkFlo/tests/WorkFlo.Infrastructure.Tests/bin/Debug/net9.0/WorkFlo.Infrastructure.Tests.dll" adapterTypeName="executor://xunit/VsTestRunner3/netcore/" className="WorkFlo.Infrastructure.Tests.Services.Auth.JwtTokenServiceTests" name="valid_user_can_generate_access_tokenAsync" />
    </UnitTest>
    <UnitTest name="WorkFlo.Infrastructure.Tests.Services.Auth.PasswordHashingServiceTests.verification_with_null_password_throws_exception" storage="/home/dan/code/workflo/tests/workflo.infrastructure.tests/bin/debug/net9.0/workflo.infrastructure.tests.dll" id="3e124039-5753-eab5-85cc-e4b5a1daf2ee">
      <Execution id="57b08dd1-d474-4afb-a78a-8e3654532a13" />
      <TestMethod codeBase="/home/dan/code/WorkFlo/tests/WorkFlo.Infrastructure.Tests/bin/Debug/net9.0/WorkFlo.Infrastructure.Tests.dll" adapterTypeName="executor://xunit/VsTestRunner3/netcore/" className="WorkFlo.Infrastructure.Tests.Services.Auth.PasswordHashingServiceTests" name="verification_with_null_password_throws_exception" />
    </UnitTest>
    <UnitTest name="WorkFlo.Infrastructure.Tests.Services.Auth.GoogleOAuthServiceTests.valid_authorization_code_returns_user_infoAsync" storage="/home/dan/code/workflo/tests/workflo.infrastructure.tests/bin/debug/net9.0/workflo.infrastructure.tests.dll" id="a102ddad-c55a-0c83-5f18-0ea084863f17">
      <Execution id="2def2c60-156b-4312-a487-92db54c2e3fd" />
      <TestMethod codeBase="/home/dan/code/WorkFlo/tests/WorkFlo.Infrastructure.Tests/bin/Debug/net9.0/WorkFlo.Infrastructure.Tests.dll" adapterTypeName="executor://xunit/VsTestRunner3/netcore/" className="WorkFlo.Infrastructure.Tests.Services.Auth.GoogleOAuthServiceTests" name="valid_authorization_code_returns_user_infoAsync" />
    </UnitTest>
    <UnitTest name="WorkFlo.Infrastructure.Tests.Services.EmailServiceTests.SendVerificationEmailAsync_ValidEmail_EmailSentSuccessfullyAsync" storage="/home/dan/code/workflo/tests/workflo.infrastructure.tests/bin/debug/net9.0/workflo.infrastructure.tests.dll" id="c4a44598-4167-c682-2b6b-891d361dd9ce">
      <Execution id="3daa2372-8db2-4f59-8db4-03c92827c50e" />
      <TestMethod codeBase="/home/dan/code/WorkFlo/tests/WorkFlo.Infrastructure.Tests/bin/Debug/net9.0/WorkFlo.Infrastructure.Tests.dll" adapterTypeName="executor://xunit/VsTestRunner3/netcore/" className="WorkFlo.Infrastructure.Tests.Services.EmailServiceTests" name="SendVerificationEmailAsync_ValidEmail_EmailSentSuccessfullyAsync" />
    </UnitTest>
    <UnitTest name="WorkFlo.Infrastructure.Tests.Services.Auth.MicrosoftOAuthServiceTests.provider_name_is_microsoft" storage="/home/dan/code/workflo/tests/workflo.infrastructure.tests/bin/debug/net9.0/workflo.infrastructure.tests.dll" id="8322bb12-5450-d4b3-b13e-cee9ebac26f9">
      <Execution id="b6c040e8-c69b-4084-bf70-d37fbad1f13f" />
      <TestMethod codeBase="/home/dan/code/WorkFlo/tests/WorkFlo.Infrastructure.Tests/bin/Debug/net9.0/WorkFlo.Infrastructure.Tests.dll" adapterTypeName="executor://xunit/VsTestRunner3/netcore/" className="WorkFlo.Infrastructure.Tests.Services.Auth.MicrosoftOAuthServiceTests" name="provider_name_is_microsoft" />
    </UnitTest>
    <UnitTest name="WorkFlo.Infrastructure.Tests.Services.LocalPasswordBreachServiceTests.Null_password_throws_argument_null_exceptionAsync" storage="/home/dan/code/workflo/tests/workflo.infrastructure.tests/bin/debug/net9.0/workflo.infrastructure.tests.dll" id="9241c81a-eaa8-0c0d-6311-afb209a51e70">
      <Execution id="e4ff20d6-7e5b-411a-bfc5-c43717de10a7" />
      <TestMethod codeBase="/home/dan/code/WorkFlo/tests/WorkFlo.Infrastructure.Tests/bin/Debug/net9.0/WorkFlo.Infrastructure.Tests.dll" adapterTypeName="executor://xunit/VsTestRunner3/netcore/" className="WorkFlo.Infrastructure.Tests.Services.LocalPasswordBreachServiceTests" name="Null_password_throws_argument_null_exceptionAsync" />
    </UnitTest>
    <UnitTest name="WorkFlo.Infrastructure.Tests.Services.Auth.JwtTokenServiceTests.tampered_token_fails_validationAsync" storage="/home/dan/code/workflo/tests/workflo.infrastructure.tests/bin/debug/net9.0/workflo.infrastructure.tests.dll" id="c6198b7b-fab8-0135-0483-8c8d81d7d023">
      <Execution id="5665bb91-835c-4395-b4a6-0097366814f3" />
      <TestMethod codeBase="/home/dan/code/WorkFlo/tests/WorkFlo.Infrastructure.Tests/bin/Debug/net9.0/WorkFlo.Infrastructure.Tests.dll" adapterTypeName="executor://xunit/VsTestRunner3/netcore/" className="WorkFlo.Infrastructure.Tests.Services.Auth.JwtTokenServiceTests" name="tampered_token_fails_validationAsync" />
    </UnitTest>
    <UnitTest name="WorkFlo.Infrastructure.Tests.Services.Auth.JwtTokenServiceTests.user_id_can_be_extracted_from_valid_tokenAsync" storage="/home/dan/code/workflo/tests/workflo.infrastructure.tests/bin/debug/net9.0/workflo.infrastructure.tests.dll" id="9ff68046-52ee-b73a-6f86-67f287da4da3">
      <Execution id="1e6327b0-201a-4e60-9dbd-effc8ddfb9c9" />
      <TestMethod codeBase="/home/dan/code/WorkFlo/tests/WorkFlo.Infrastructure.Tests/bin/Debug/net9.0/WorkFlo.Infrastructure.Tests.dll" adapterTypeName="executor://xunit/VsTestRunner3/netcore/" className="WorkFlo.Infrastructure.Tests.Services.Auth.JwtTokenServiceTests" name="user_id_can_be_extracted_from_valid_tokenAsync" />
    </UnitTest>
    <UnitTest name="WorkFlo.Infrastructure.Tests.Services.Auth.PasswordHashingServiceTests.verification_with_invalid_hash_returns_false" storage="/home/dan/code/workflo/tests/workflo.infrastructure.tests/bin/debug/net9.0/workflo.infrastructure.tests.dll" id="d450ec95-be19-8ca1-176b-207a9e0b94f8">
      <Execution id="ce3d3ac7-bbe9-4391-8559-60daff2711fb" />
      <TestMethod codeBase="/home/dan/code/WorkFlo/tests/WorkFlo.Infrastructure.Tests/bin/Debug/net9.0/WorkFlo.Infrastructure.Tests.dll" adapterTypeName="executor://xunit/VsTestRunner3/netcore/" className="WorkFlo.Infrastructure.Tests.Services.Auth.PasswordHashingServiceTests" name="verification_with_invalid_hash_returns_false" />
    </UnitTest>
    <UnitTest name="WorkFlo.Infrastructure.Tests.Services.Auth.EmailVerificationTokenServiceTests.token_with_different_purpose_is_rejectedAsync" storage="/home/dan/code/workflo/tests/workflo.infrastructure.tests/bin/debug/net9.0/workflo.infrastructure.tests.dll" id="5288bf8c-dd60-7f01-a49c-ab5d29436c07">
      <Execution id="e73cd908-cb44-4101-854d-7609074b7bb1" />
      <TestMethod codeBase="/home/dan/code/WorkFlo/tests/WorkFlo.Infrastructure.Tests/bin/Debug/net9.0/WorkFlo.Infrastructure.Tests.dll" adapterTypeName="executor://xunit/VsTestRunner3/netcore/" className="WorkFlo.Infrastructure.Tests.Services.Auth.EmailVerificationTokenServiceTests" name="token_with_different_purpose_is_rejectedAsync" />
    </UnitTest>
    <UnitTest name="WorkFlo.Infrastructure.Tests.Services.LocalPasswordBreachServiceTests.Case_insensitive_detection_works_correctlyAsync" storage="/home/dan/code/workflo/tests/workflo.infrastructure.tests/bin/debug/net9.0/workflo.infrastructure.tests.dll" id="5ca68fb0-f84f-489c-d1d7-7fd4c3bbf91c">
      <Execution id="efaf5657-7c55-4952-9ee3-134aa79aea07" />
      <TestMethod codeBase="/home/dan/code/WorkFlo/tests/WorkFlo.Infrastructure.Tests/bin/Debug/net9.0/WorkFlo.Infrastructure.Tests.dll" adapterTypeName="executor://xunit/VsTestRunner3/netcore/" className="WorkFlo.Infrastructure.Tests.Services.LocalPasswordBreachServiceTests" name="Case_insensitive_detection_works_correctlyAsync" />
    </UnitTest>
    <UnitTest name="WorkFlo.Infrastructure.Tests.Services.Auth.PasswordHashingServiceTests.various_password_formats_can_be_hashed_and_verified(password: &quot;a&quot;)" storage="/home/dan/code/workflo/tests/workflo.infrastructure.tests/bin/debug/net9.0/workflo.infrastructure.tests.dll" id="37d167cf-27e5-6d4c-c44e-31524593d11a">
      <Execution id="e37cb491-0714-4c4e-a50b-752dc8fd880b" />
      <TestMethod codeBase="/home/dan/code/WorkFlo/tests/WorkFlo.Infrastructure.Tests/bin/Debug/net9.0/WorkFlo.Infrastructure.Tests.dll" adapterTypeName="executor://xunit/VsTestRunner3/netcore/" className="WorkFlo.Infrastructure.Tests.Services.Auth.PasswordHashingServiceTests" name="various_password_formats_can_be_hashed_and_verified" />
    </UnitTest>
    <UnitTest name="WorkFlo.Infrastructure.Tests.Services.LocalPasswordBreachServiceTests.Common_breached_passwords_are_detectedAsync(password: &quot;admin&quot;)" storage="/home/dan/code/workflo/tests/workflo.infrastructure.tests/bin/debug/net9.0/workflo.infrastructure.tests.dll" id="83aaaada-b2b9-1100-3338-55cfcf12ccc7">
      <Execution id="95c1dfc6-94f3-423a-8d9a-9bf1af090844" />
      <TestMethod codeBase="/home/dan/code/WorkFlo/tests/WorkFlo.Infrastructure.Tests/bin/Debug/net9.0/WorkFlo.Infrastructure.Tests.dll" adapterTypeName="executor://xunit/VsTestRunner3/netcore/" className="WorkFlo.Infrastructure.Tests.Services.LocalPasswordBreachServiceTests" name="Common_breached_passwords_are_detectedAsync" />
    </UnitTest>
    <UnitTest name="WorkFlo.Infrastructure.Tests.Services.Auth.PasswordHashingServiceTests.various_password_formats_can_be_hashed_and_verified(password: &quot;P@ssw0rd123!@#$%^&amp;*()&quot;)" storage="/home/dan/code/workflo/tests/workflo.infrastructure.tests/bin/debug/net9.0/workflo.infrastructure.tests.dll" id="d013d669-819a-1b32-b302-9eee19199870">
      <Execution id="52fa90ea-8fc5-4ff2-82c5-2f51fcdd8e49" />
      <TestMethod codeBase="/home/dan/code/WorkFlo/tests/WorkFlo.Infrastructure.Tests/bin/Debug/net9.0/WorkFlo.Infrastructure.Tests.dll" adapterTypeName="executor://xunit/VsTestRunner3/netcore/" className="WorkFlo.Infrastructure.Tests.Services.Auth.PasswordHashingServiceTests" name="various_password_formats_can_be_hashed_and_verified" />
    </UnitTest>
    <UnitTest name="WorkFlo.Infrastructure.Tests.Services.LocalPasswordBreachServiceTests.Common_breached_passwords_are_detectedAsync(password: &quot;password&quot;)" storage="/home/dan/code/workflo/tests/workflo.infrastructure.tests/bin/debug/net9.0/workflo.infrastructure.tests.dll" id="706b3ddf-785f-4dc9-e7b6-fb980dfe32ac">
      <Execution id="4c25b7eb-8484-4ccf-a221-d7e819eda7a3" />
      <TestMethod codeBase="/home/dan/code/WorkFlo/tests/WorkFlo.Infrastructure.Tests/bin/Debug/net9.0/WorkFlo.Infrastructure.Tests.dll" adapterTypeName="executor://xunit/VsTestRunner3/netcore/" className="WorkFlo.Infrastructure.Tests.Services.LocalPasswordBreachServiceTests" name="Common_breached_passwords_are_detectedAsync" />
    </UnitTest>
    <UnitTest name="WorkFlo.Infrastructure.Tests.Services.Auth.PasswordHashingServiceTests.verification_with_null_hash_throws_exception" storage="/home/dan/code/workflo/tests/workflo.infrastructure.tests/bin/debug/net9.0/workflo.infrastructure.tests.dll" id="7e5d2cbf-f18f-c2e7-5396-2e535dd09a61">
      <Execution id="86e96b10-9e34-4173-9002-ad8103c8a780" />
      <TestMethod codeBase="/home/dan/code/WorkFlo/tests/WorkFlo.Infrastructure.Tests/bin/Debug/net9.0/WorkFlo.Infrastructure.Tests.dll" adapterTypeName="executor://xunit/VsTestRunner3/netcore/" className="WorkFlo.Infrastructure.Tests.Services.Auth.PasswordHashingServiceTests" name="verification_with_null_hash_throws_exception" />
    </UnitTest>
    <UnitTest name="WorkFlo.Infrastructure.Tests.Services.LocalPasswordBreachServiceTests.Non_breached_passwords_are_not_detectedAsync(password: &quot;CustomUserPassword&quot;)" storage="/home/dan/code/workflo/tests/workflo.infrastructure.tests/bin/debug/net9.0/workflo.infrastructure.tests.dll" id="d3d2b264-d4ef-a78d-1401-0cf8881a5172">
      <Execution id="343dd7f6-5ae7-48a1-a28d-7ab379c5f6a6" />
      <TestMethod codeBase="/home/dan/code/WorkFlo/tests/WorkFlo.Infrastructure.Tests/bin/Debug/net9.0/WorkFlo.Infrastructure.Tests.dll" adapterTypeName="executor://xunit/VsTestRunner3/netcore/" className="WorkFlo.Infrastructure.Tests.Services.LocalPasswordBreachServiceTests" name="Non_breached_passwords_are_not_detectedAsync" />
    </UnitTest>
    <UnitTest name="WorkFlo.Infrastructure.Tests.Services.Auth.MicrosoftOAuthServiceTests.network_timeout_returns_appropriate_errorAsync" storage="/home/dan/code/workflo/tests/workflo.infrastructure.tests/bin/debug/net9.0/workflo.infrastructure.tests.dll" id="4cf34537-9d77-017d-89cc-6de5ed18627b">
      <Execution id="9ad22559-ea7e-4c2a-8600-ec4018aade59" />
      <TestMethod codeBase="/home/dan/code/WorkFlo/tests/WorkFlo.Infrastructure.Tests/bin/Debug/net9.0/WorkFlo.Infrastructure.Tests.dll" adapterTypeName="executor://xunit/VsTestRunner3/netcore/" className="WorkFlo.Infrastructure.Tests.Services.Auth.MicrosoftOAuthServiceTests" name="network_timeout_returns_appropriate_errorAsync" />
    </UnitTest>
    <UnitTest name="WorkFlo.Infrastructure.Tests.Services.LocalPasswordBreachServiceTests.Non_breached_passwords_are_not_detectedAsync(password: &quot;NotInBreachList2024&quot;)" storage="/home/dan/code/workflo/tests/workflo.infrastructure.tests/bin/debug/net9.0/workflo.infrastructure.tests.dll" id="f7a34190-bae1-0ed1-3afc-65f199bd9e45">
      <Execution id="c770cf5d-c503-48f1-88e8-aa0fd66b5b12" />
      <TestMethod codeBase="/home/dan/code/WorkFlo/tests/WorkFlo.Infrastructure.Tests/bin/Debug/net9.0/WorkFlo.Infrastructure.Tests.dll" adapterTypeName="executor://xunit/VsTestRunner3/netcore/" className="WorkFlo.Infrastructure.Tests.Services.LocalPasswordBreachServiceTests" name="Non_breached_passwords_are_not_detectedAsync" />
    </UnitTest>
    <UnitTest name="WorkFlo.Infrastructure.Tests.Services.Auth.JwtTokenServiceTests.invalid_token_returns_null_user_idAsync" storage="/home/dan/code/workflo/tests/workflo.infrastructure.tests/bin/debug/net9.0/workflo.infrastructure.tests.dll" id="d3f16d4f-48c7-415f-70b6-6a196ebee3e9">
      <Execution id="a15e3146-98ff-4f52-8fd8-5c1990cc0083" />
      <TestMethod codeBase="/home/dan/code/WorkFlo/tests/WorkFlo.Infrastructure.Tests/bin/Debug/net9.0/WorkFlo.Infrastructure.Tests.dll" adapterTypeName="executor://xunit/VsTestRunner3/netcore/" className="WorkFlo.Infrastructure.Tests.Services.Auth.JwtTokenServiceTests" name="invalid_token_returns_null_user_idAsync" />
    </UnitTest>
    <UnitTest name="WorkFlo.Infrastructure.Tests.Unit.Services.HookInstallationServiceTests.force_flag_overwrites_existing_hooks" storage="/home/dan/code/workflo/tests/workflo.infrastructure.tests/bin/debug/net9.0/workflo.infrastructure.tests.dll" id="c714cf1b-e0b6-aa0b-e5c3-9200b28e5ee1">
      <Execution id="6d2061c5-52ce-4572-9400-d24918c55163" />
      <TestMethod codeBase="/home/dan/code/WorkFlo/tests/WorkFlo.Infrastructure.Tests/bin/Debug/net9.0/WorkFlo.Infrastructure.Tests.dll" adapterTypeName="executor://xunit/VsTestRunner3/netcore/" className="WorkFlo.Infrastructure.Tests.Unit.Services.HookInstallationServiceTests" name="force_flag_overwrites_existing_hooks" />
    </UnitTest>
    <UnitTest name="WorkFlo.Infrastructure.Tests.Services.LocalPasswordBreachServiceTests.Non_breached_passwords_are_not_detectedAsync(password: &quot;UniqueSecureP@ssw0rd!&quot;)" storage="/home/dan/code/workflo/tests/workflo.infrastructure.tests/bin/debug/net9.0/workflo.infrastructure.tests.dll" id="d814bfd8-7f12-411b-b31d-189c13c91243">
      <Execution id="8eb82e8b-5324-4483-b571-19e93609e2e0" />
      <TestMethod codeBase="/home/dan/code/WorkFlo/tests/WorkFlo.Infrastructure.Tests/bin/Debug/net9.0/WorkFlo.Infrastructure.Tests.dll" adapterTypeName="executor://xunit/VsTestRunner3/netcore/" className="WorkFlo.Infrastructure.Tests.Services.LocalPasswordBreachServiceTests" name="Non_breached_passwords_are_not_detectedAsync" />
    </UnitTest>
    <UnitTest name="WorkFlo.Infrastructure.Tests.Services.Auth.EmailVerificationTokenServiceTests.invalid_token_returns_errorAsync" storage="/home/dan/code/workflo/tests/workflo.infrastructure.tests/bin/debug/net9.0/workflo.infrastructure.tests.dll" id="4c4f26d1-9e05-26a1-2a7e-2f41a7723280">
      <Execution id="44055d79-4d18-42d2-b91f-99c1dbbb6101" />
      <TestMethod codeBase="/home/dan/code/WorkFlo/tests/WorkFlo.Infrastructure.Tests/bin/Debug/net9.0/WorkFlo.Infrastructure.Tests.dll" adapterTypeName="executor://xunit/VsTestRunner3/netcore/" className="WorkFlo.Infrastructure.Tests.Services.Auth.EmailVerificationTokenServiceTests" name="invalid_token_returns_errorAsync" />
    </UnitTest>
    <UnitTest name="WorkFlo.Infrastructure.Tests.Services.Auth.PasswordHashingServiceTests.incorrect_password_fails_verification" storage="/home/dan/code/workflo/tests/workflo.infrastructure.tests/bin/debug/net9.0/workflo.infrastructure.tests.dll" id="5bf3f528-7340-a47c-e2e9-3948a46a75ae">
      <Execution id="db00139e-d8ee-4379-9f32-cc0f8645f70f" />
      <TestMethod codeBase="/home/dan/code/WorkFlo/tests/WorkFlo.Infrastructure.Tests/bin/Debug/net9.0/WorkFlo.Infrastructure.Tests.dll" adapterTypeName="executor://xunit/VsTestRunner3/netcore/" className="WorkFlo.Infrastructure.Tests.Services.Auth.PasswordHashingServiceTests" name="incorrect_password_fails_verification" />
    </UnitTest>
    <UnitTest name="WorkFlo.Infrastructure.Tests.Services.Auth.EmailVerificationTokenServiceTests.service_requires_jwt_secret_configuration" storage="/home/dan/code/workflo/tests/workflo.infrastructure.tests/bin/debug/net9.0/workflo.infrastructure.tests.dll" id="de98de96-2adc-f1a6-4f45-f092d28f5b5b">
      <Execution id="63087bb0-549d-41ff-86c4-d59b420b2927" />
      <TestMethod codeBase="/home/dan/code/WorkFlo/tests/WorkFlo.Infrastructure.Tests/bin/Debug/net9.0/WorkFlo.Infrastructure.Tests.dll" adapterTypeName="executor://xunit/VsTestRunner3/netcore/" className="WorkFlo.Infrastructure.Tests.Services.Auth.EmailVerificationTokenServiceTests" name="service_requires_jwt_secret_configuration" />
    </UnitTest>
    <UnitTest name="WorkFlo.Infrastructure.Tests.Services.Auth.PasswordHashingServiceTests.valid_password_can_be_hashed" storage="/home/dan/code/workflo/tests/workflo.infrastructure.tests/bin/debug/net9.0/workflo.infrastructure.tests.dll" id="ef74368a-9e91-639b-d93c-4f20867fe8be">
      <Execution id="58df020e-835f-4c9e-99bc-e8d24d3b9605" />
      <TestMethod codeBase="/home/dan/code/WorkFlo/tests/WorkFlo.Infrastructure.Tests/bin/Debug/net9.0/WorkFlo.Infrastructure.Tests.dll" adapterTypeName="executor://xunit/VsTestRunner3/netcore/" className="WorkFlo.Infrastructure.Tests.Services.Auth.PasswordHashingServiceTests" name="valid_password_can_be_hashed" />
    </UnitTest>
    <UnitTest name="WorkFlo.Infrastructure.Tests.Services.Auth.MicrosoftOAuthServiceTests.token_exchange_http_error_returns_failureAsync" storage="/home/dan/code/workflo/tests/workflo.infrastructure.tests/bin/debug/net9.0/workflo.infrastructure.tests.dll" id="a9876021-4b9f-3808-9a34-9ec3b2f35d40">
      <Execution id="36089adc-6955-450c-b0d6-8556862599b5" />
      <TestMethod codeBase="/home/dan/code/WorkFlo/tests/WorkFlo.Infrastructure.Tests/bin/Debug/net9.0/WorkFlo.Infrastructure.Tests.dll" adapterTypeName="executor://xunit/VsTestRunner3/netcore/" className="WorkFlo.Infrastructure.Tests.Services.Auth.MicrosoftOAuthServiceTests" name="token_exchange_http_error_returns_failureAsync" />
    </UnitTest>
    <UnitTest name="WorkFlo.Infrastructure.Tests.Services.Auth.JwtTokenServiceTests.generated_access_token_contains_correct_claimsAsync" storage="/home/dan/code/workflo/tests/workflo.infrastructure.tests/bin/debug/net9.0/workflo.infrastructure.tests.dll" id="b2d2ac58-e4a2-5d3b-bdd1-452474d6238f">
      <Execution id="6556f330-6049-4e30-af76-73e9facdaaa6" />
      <TestMethod codeBase="/home/dan/code/WorkFlo/tests/WorkFlo.Infrastructure.Tests/bin/Debug/net9.0/WorkFlo.Infrastructure.Tests.dll" adapterTypeName="executor://xunit/VsTestRunner3/netcore/" className="WorkFlo.Infrastructure.Tests.Services.Auth.JwtTokenServiceTests" name="generated_access_token_contains_correct_claimsAsync" />
    </UnitTest>
    <UnitTest name="WorkFlo.Infrastructure.Tests.Services.Auth.GoogleOAuthServiceTests.privacy_compliance_no_sensitive_data_loggedAsync" storage="/home/dan/code/workflo/tests/workflo.infrastructure.tests/bin/debug/net9.0/workflo.infrastructure.tests.dll" id="4959ec2b-4321-5418-8878-6c4e18ea29aa">
      <Execution id="46dc4669-bc6a-4186-981e-036d003581fb" />
      <TestMethod codeBase="/home/dan/code/WorkFlo/tests/WorkFlo.Infrastructure.Tests/bin/Debug/net9.0/WorkFlo.Infrastructure.Tests.dll" adapterTypeName="executor://xunit/VsTestRunner3/netcore/" className="WorkFlo.Infrastructure.Tests.Services.Auth.GoogleOAuthServiceTests" name="privacy_compliance_no_sensitive_data_loggedAsync" />
    </UnitTest>
    <UnitTest name="WorkFlo.Infrastructure.Tests.Services.Auth.MicrosoftOAuthServiceTests.null_redirect_uri_works_correctlyAsync" storage="/home/dan/code/workflo/tests/workflo.infrastructure.tests/bin/debug/net9.0/workflo.infrastructure.tests.dll" id="8a1dc74f-14cf-12b3-795b-6f9877cb0573">
      <Execution id="010983ba-afe8-49ae-8407-b6a58fdf2152" />
      <TestMethod codeBase="/home/dan/code/WorkFlo/tests/WorkFlo.Infrastructure.Tests/bin/Debug/net9.0/WorkFlo.Infrastructure.Tests.dll" adapterTypeName="executor://xunit/VsTestRunner3/netcore/" className="WorkFlo.Infrastructure.Tests.Services.Auth.MicrosoftOAuthServiceTests" name="null_redirect_uri_works_correctlyAsync" />
    </UnitTest>
    <UnitTest name="WorkFlo.Infrastructure.Tests.Services.LocalPasswordBreachServiceTests.Non_breached_passwords_are_not_detectedAsync(password: &quot;MyVeryLongAndComplexPassword123!@#&quot;)" storage="/home/dan/code/workflo/tests/workflo.infrastructure.tests/bin/debug/net9.0/workflo.infrastructure.tests.dll" id="ee9d823c-2ca9-2fa5-927b-6c007361ee12">
      <Execution id="3ee1c46d-dcef-4877-ac1f-36688d1fcc17" />
      <TestMethod codeBase="/home/dan/code/WorkFlo/tests/WorkFlo.Infrastructure.Tests/bin/Debug/net9.0/WorkFlo.Infrastructure.Tests.dll" adapterTypeName="executor://xunit/VsTestRunner3/netcore/" className="WorkFlo.Infrastructure.Tests.Services.LocalPasswordBreachServiceTests" name="Non_breached_passwords_are_not_detectedAsync" />
    </UnitTest>
    <UnitTest name="WorkFlo.Infrastructure.Tests.Services.LocalPasswordBreachServiceTests.Common_breached_passwords_are_detectedAsync(password: &quot;PASSWORD&quot;)" storage="/home/dan/code/workflo/tests/workflo.infrastructure.tests/bin/debug/net9.0/workflo.infrastructure.tests.dll" id="100daa72-dc68-bb24-fdeb-eb2a71603c5f">
      <Execution id="53e32acb-7236-4c81-a365-9ebae03cbd58" />
      <TestMethod codeBase="/home/dan/code/WorkFlo/tests/WorkFlo.Infrastructure.Tests/bin/Debug/net9.0/WorkFlo.Infrastructure.Tests.dll" adapterTypeName="executor://xunit/VsTestRunner3/netcore/" className="WorkFlo.Infrastructure.Tests.Services.LocalPasswordBreachServiceTests" name="Common_breached_passwords_are_detectedAsync" />
    </UnitTest>
    <UnitTest name="WorkFlo.Infrastructure.Tests.Services.Auth.PasswordHashingServiceTests.timing_attack_resistance_same_user_different_passwords" storage="/home/dan/code/workflo/tests/workflo.infrastructure.tests/bin/debug/net9.0/workflo.infrastructure.tests.dll" id="64bb6201-ac58-8694-5a55-d668a70572d2">
      <Execution id="08ed53ec-81a8-427c-bfa5-de89fd47f65e" />
      <TestMethod codeBase="/home/dan/code/WorkFlo/tests/WorkFlo.Infrastructure.Tests/bin/Debug/net9.0/WorkFlo.Infrastructure.Tests.dll" adapterTypeName="executor://xunit/VsTestRunner3/netcore/" className="WorkFlo.Infrastructure.Tests.Services.Auth.PasswordHashingServiceTests" name="timing_attack_resistance_same_user_different_passwords" />
    </UnitTest>
    <UnitTest name="WorkFlo.Infrastructure.Tests.Services.Auth.GoogleOAuthServiceTests.user_info_retrieval_failure_returns_errorAsync" storage="/home/dan/code/workflo/tests/workflo.infrastructure.tests/bin/debug/net9.0/workflo.infrastructure.tests.dll" id="4438f125-645d-8ed3-ffb8-fc9464d009b5">
      <Execution id="bfd16115-ca62-42a4-8dd2-1b3b2b13c32a" />
[...]
      <Execution id="f67b700d-499f-4000-bedf-ef09e7b49f43" />
      <TestMethod codeBase="/home/dan/code/WorkFlo/tests/WorkFlo.Infrastructure.Tests/bin/Debug/net9.0/WorkFlo.Infrastructure.Tests.dll" adapterTypeName="executor://xunit/VsTestRunner3/netcore/" className="WorkFlo.Infrastructure.Tests.Services.Auth.EmailVerificationTokenServiceTests" name="token_service_generates_valid_tokenAsync" />
    </UnitTest>
    <UnitTest name="WorkFlo.Infrastructure.Tests.Services.LocalPasswordBreachServiceTests.Common_breached_passwords_are_detectedAsync(password: &quot;password123&quot;)" storage="/home/dan/code/workflo/tests/workflo.infrastructure.tests/bin/debug/net9.0/workflo.infrastructure.tests.dll" id="b65a5c9b-3a0f-3a1e-ee5c-7fd068a8d06b">
      <Execution id="cd893e5f-02b7-4ade-88a5-81661c440026" />
      <TestMethod codeBase="/home/dan/code/WorkFlo/tests/WorkFlo.Infrastructure.Tests/bin/Debug/net9.0/WorkFlo.Infrastructure.Tests.dll" adapterTypeName="executor://xunit/VsTestRunner3/netcore/" className="WorkFlo.Infrastructure.Tests.Services.LocalPasswordBreachServiceTests" name="Common_breached_passwords_are_detectedAsync" />
    </UnitTest>
    <UnitTest name="WorkFlo.Infrastructure.Tests.Services.Auth.EmailVerificationTokenServiceTests.empty_token_returns_errorAsync" storage="/home/dan/code/workflo/tests/workflo.infrastructure.tests/bin/debug/net9.0/workflo.infrastructure.tests.dll" id="bb5db856-1d0a-c5cb-9b21-fb2efd6bd4ee">
      <Execution id="a26c803e-6b09-446b-817c-b1f936f08796" />
      <TestMethod codeBase="/home/dan/code/WorkFlo/tests/WorkFlo.Infrastructure.Tests/bin/Debug/net9.0/WorkFlo.Infrastructure.Tests.dll" adapterTypeName="executor://xunit/VsTestRunner3/netcore/" className="WorkFlo.Infrastructure.Tests.Services.Auth.EmailVerificationTokenServiceTests" name="empty_token_returns_errorAsync" />
    </UnitTest>
    <UnitTest name="WorkFlo.Infrastructure.Tests.Services.Auth.EmailVerificationTokenServiceTests.service_uses_default_values_for_optional_configuration" storage="/home/dan/code/workflo/tests/workflo.infrastructure.tests/bin/debug/net9.0/workflo.infrastructure.tests.dll" id="f2ab1a96-a5cf-2be4-067d-a75f2c770a48">
      <Execution id="03d22552-ab42-46f4-9b79-644be94cffcf" />
      <TestMethod codeBase="/home/dan/code/WorkFlo/tests/WorkFlo.Infrastructure.Tests/bin/Debug/net9.0/WorkFlo.Infrastructure.Tests.dll" adapterTypeName="executor://xunit/VsTestRunner3/netcore/" className="WorkFlo.Infrastructure.Tests.Services.Auth.EmailVerificationTokenServiceTests" name="service_uses_default_values_for_optional_configuration" />
    </UnitTest>
    <UnitTest name="WorkFlo.Infrastructure.Tests.Services.LocalPasswordBreachServiceTests.Passwords_with_spaces_are_treated_as_differentAsync(password: &quot;password &quot;)" storage="/home/dan/code/workflo/tests/workflo.infrastructure.tests/bin/debug/net9.0/workflo.infrastructure.tests.dll" id="09f0d8ae-60eb-5775-7510-004acbd6b3ed">
      <Execution id="7ccd51dc-eaaf-4215-8293-4452db1c6051" />
      <TestMethod codeBase="/home/dan/code/WorkFlo/tests/WorkFlo.Infrastructure.Tests/bin/Debug/net9.0/WorkFlo.Infrastructure.Tests.dll" adapterTypeName="executor://xunit/VsTestRunner3/netcore/" className="WorkFlo.Infrastructure.Tests.Services.LocalPasswordBreachServiceTests" name="Passwords_with_spaces_are_treated_as_differentAsync" />
    </UnitTest>
    <UnitTest name="WorkFlo.Infrastructure.Tests.Services.EmailServiceTests.SendVerificationEmailAsync_InvalidEmail_ReturnsFailureAsync" storage="/home/dan/code/workflo/tests/workflo.infrastructure.tests/bin/debug/net9.0/workflo.infrastructure.tests.dll" id="a47ab64f-71ab-9112-68d1-0196cd15d1a8">
      <Execution id="be196233-b41c-4779-82ac-5ef2a37d7318" />
      <TestMethod codeBase="/home/dan/code/WorkFlo/tests/WorkFlo.Infrastructure.Tests/bin/Debug/net9.0/WorkFlo.Infrastructure.Tests.dll" adapterTypeName="executor://xunit/VsTestRunner3/netcore/" className="WorkFlo.Infrastructure.Tests.Services.EmailServiceTests" name="SendVerificationEmailAsync_InvalidEmail_ReturnsFailureAsync" />
    </UnitTest>
  </TestDefinitions>
  <TestEntries>
    <TestEntry testId="37d167cf-27e5-6d4c-c44e-31524593d11a" executionId="e37cb491-0714-4c4e-a50b-752dc8fd880b" testListId="8c84fa94-04c1-424b-9868-57a2d4851a1d" />
    <TestEntry testId="b2d2ac58-e4a2-5d3b-bdd1-452474d6238f" executionId="6556f330-6049-4e30-af76-73e9facdaaa6" testListId="8c84fa94-04c1-424b-9868-57a2d4851a1d" />
    <TestEntry testId="d013d669-819a-1b32-b302-9eee19199870" executionId="52fa90ea-8fc5-4ff2-82c5-2f51fcdd8e49" testListId="8c84fa94-04c1-424b-9868-57a2d4851a1d" />
    <TestEntry testId="1ba797af-c4fa-dd69-45af-ef968ae91115" executionId="aa73c612-21fc-42d5-b333-007b820521d5" testListId="8c84fa94-04c1-424b-9868-57a2d4851a1d" />
    <TestEntry testId="0458f956-58e0-7485-1f87-845f91f17ec2" executionId="fb01b8e8-781c-42b1-9a06-78e379e1dc03" testListId="8c84fa94-04c1-424b-9868-57a2d4851a1d" />
    <TestEntry testId="4c4f26d1-9e05-26a1-2a7e-2f41a7723280" executionId="44055d79-4d18-42d2-b91f-99c1dbbb6101" testListId="8c84fa94-04c1-424b-9868-57a2d4851a1d" />
    <TestEntry testId="f2ab1a96-a5cf-2be4-067d-a75f2c770a48" executionId="03d22552-ab42-46f4-9b79-644be94cffcf" testListId="8c84fa94-04c1-424b-9868-57a2d4851a1d" />
    <TestEntry testId="cd99a492-300c-3b42-7f04-bb1d48279198" executionId="f67b700d-499f-4000-bedf-ef09e7b49f43" testListId="8c84fa94-04c1-424b-9868-57a2d4851a1d" />
    <TestEntry testId="aa97ed2b-20b3-a5d2-a0e4-43ad5c0893f7" executionId="fa2169d8-b57c-4df0-8a7d-2d99318f5702" testListId="8c84fa94-04c1-424b-9868-57a2d4851a1d" />
    <TestEntry testId="ef74368a-9e91-639b-d93c-4f20867fe8be" executionId="58df020e-835f-4c9e-99bc-e8d24d3b9605" testListId="8c84fa94-04c1-424b-9868-57a2d4851a1d" />
    <TestEntry testId="83aaaada-b2b9-1100-3338-55cfcf12ccc7" executionId="95c1dfc6-94f3-423a-8d9a-9bf1af090844" testListId="8c84fa94-04c1-424b-9868-57a2d4851a1d" />
    <TestEntry testId="dc1e4ce6-e26c-dca9-caa3-077ea097d33e" executionId="3c3b9945-8701-4414-abd3-ab08b92f5ad6" testListId="8c84fa94-04c1-424b-9868-57a2d4851a1d" />
    <TestEntry testId="779bb692-5e0e-a885-3bfc-6663d78eff79" executionId="58844077-cddb-4336-86b4-c10fc9d44072" testListId="8c84fa94-04c1-424b-9868-57a2d4851a1d" />
    <TestEntry testId="d3d2b264-d4ef-a78d-1401-0cf8881a5172" executionId="343dd7f6-5ae7-48a1-a28d-7ab379c5f6a6" testListId="8c84fa94-04c1-424b-9868-57a2d4851a1d" />
    <TestEntry testId="bb5db856-1d0a-c5cb-9b21-fb2efd6bd4ee" executionId="a26c803e-6b09-446b-817c-b1f936f08796" testListId="8c84fa94-04c1-424b-9868-57a2d4851a1d" />
    <TestEntry testId="80a1d5af-d3d4-518b-23fd-09772839900b" executionId="171c39d6-0a7d-4f2e-baf3-67253c9ed7bd" testListId="8c84fa94-04c1-424b-9868-57a2d4851a1d" />
    <TestEntry testId="cbdf6b44-8085-8521-b635-f2042c6125ca" executionId="90889798-ae75-4066-b5f9-b99606777ecb" testListId="8c84fa94-04c1-424b-9868-57a2d4851a1d" />
    <TestEntry testId="09330ef4-9d0f-3d9c-6093-ac84d8902cff" executionId="2bb0ae37-02dd-45ac-bc73-4157682829ee" testListId="8c84fa94-04c1-424b-9868-57a2d4851a1d" />
    <TestEntry testId="7af83cbb-6c63-6cf8-993f-4484baa0ef9a" executionId="a8765566-41b9-4f7a-b19a-c3c798755403" testListId="8c84fa94-04c1-424b-9868-57a2d4851a1d" />
    <TestEntry testId="9257002b-feab-37ee-12b1-0b932534e014" executionId="80c0c437-efc8-4129-9dee-11fffb3b13e1" testListId="8c84fa94-04c1-424b-9868-57a2d4851a1d" />
    <TestEntry testId="0d4ee7a8-da75-4669-cbdf-ce272214a323" executionId="4346ea7c-2c36-4603-b091-c27b496c4ba3" testListId="8c84fa94-04c1-424b-9868-57a2d4851a1d" />
    <TestEntry testId="4c36595e-1acd-9b6b-971c-708a8fbed8c0" executionId="fd46731a-d3ed-4f88-b916-47177cc17394" testListId="8c84fa94-04c1-424b-9868-57a2d4851a1d" />
    <TestEntry testId="100daa72-dc68-bb24-fdeb-eb2a71603c5f" executionId="53e32acb-7236-4c81-a365-9ebae03cbd58" testListId="8c84fa94-04c1-424b-9868-57a2d4851a1d" />
    <TestEntry testId="ed61cfd9-4c9a-43e9-e049-a31cb00f4955" executionId="bbf0b428-c355-4506-83ae-1a2d9dc65f05" testListId="8c84fa94-04c1-424b-9868-57a2d4851a1d" />
    <TestEntry testId="b65a5c9b-3a0f-3a1e-ee5c-7fd068a8d06b" executionId="cd893e5f-02b7-4ade-88a5-81661c440026" testListId="8c84fa94-04c1-424b-9868-57a2d4851a1d" />
    <TestEntry testId="6b2199ff-4db5-b4c2-adfe-4d8738c051e0" executionId="c6a9de80-392e-44dd-9bac-dbd9e82dd7d4" testListId="8c84fa94-04c1-424b-9868-57a2d4851a1d" />
    <TestEntry testId="a5da83e4-4070-4156-c8cf-85147ed3493a" executionId="41e7f351-cedd-428f-b5af-2b135f8b4a3a" testListId="8c84fa94-04c1-424b-9868-57a2d4851a1d" />
    <TestEntry testId="4438f125-645d-8ed3-ffb8-fc9464d009b5" executionId="bfd16115-ca62-42a4-8dd2-1b3b2b13c32a" testListId="8c84fa94-04c1-424b-9868-57a2d4851a1d" />
    <TestEntry testId="46a9f2b3-a280-e95d-472c-b020cdc3f6a5" executionId="359e9d55-af6e-4664-8257-e88184dea9a7" testListId="8c84fa94-04c1-424b-9868-57a2d4851a1d" />
    <TestEntry testId="d91a3cf0-29b7-a641-8f36-5faf3df8f7e8" executionId="0b652e8a-97cf-472c-8006-eb9ceddeba15" testListId="8c84fa94-04c1-424b-9868-57a2d4851a1d" />
    <TestEntry testId="9241c81a-eaa8-0c0d-6311-afb209a51e70" executionId="e4ff20d6-7e5b-411a-bfc5-c43717de10a7" testListId="8c84fa94-04c1-424b-9868-57a2d4851a1d" />
    <TestEntry testId="a47ab64f-71ab-9112-68d1-0196cd15d1a8" executionId="be196233-b41c-4779-82ac-5ef2a37d7318" testListId="8c84fa94-04c1-424b-9868-57a2d4851a1d" />
    <TestEntry testId="2a1f03e8-8426-ba52-c504-bd9c287a7112" executionId="1a37df0b-158b-4453-a793-a76632fb54e6" testListId="8c84fa94-04c1-424b-9868-57a2d4851a1d" />
    <TestEntry testId="ea3e720a-eb66-9831-9012-7658e02da3eb" executionId="57ab824a-6bb5-4603-a06c-56d7b8f9850b" testListId="8c84fa94-04c1-424b-9868-57a2d4851a1d" />
    <TestEntry testId="82eb17d5-f190-3bb1-2ab8-3fd3a319b9d2" executionId="8449f6d3-ec2d-427f-ab37-0e9777c297ce" testListId="8c84fa94-04c1-424b-9868-57a2d4851a1d" />
    <TestEntry testId="5bf3f528-7340-a47c-e2e9-3948a46a75ae" executionId="db00139e-d8ee-4379-9f32-cc0f8645f70f" testListId="8c84fa94-04c1-424b-9868-57a2d4851a1d" />
    <TestEntry testId="72b65e61-1bc9-446b-e14a-da6ba3251cb3" executionId="ba2fbe17-2c8a-4a7e-9b89-7bfae8938310" testListId="8c84fa94-04c1-424b-9868-57a2d4851a1d" />
    <TestEntry testId="7e5d2cbf-f18f-c2e7-5396-2e535dd09a61" executionId="86e96b10-9e34-4173-9002-ad8103c8a780" testListId="8c84fa94-04c1-424b-9868-57a2d4851a1d" />
    <TestEntry testId="a10f0108-01f0-bdae-7538-64d4205fbd9f" executionId="929e21eb-891e-49a5-874b-21082eff1608" testListId="8c84fa94-04c1-424b-9868-57a2d4851a1d" />
    <TestEntry testId="a102ddad-c55a-0c83-5f18-0ea084863f17" executionId="2def2c60-156b-4312-a487-92db54c2e3fd" testListId="8c84fa94-04c1-424b-9868-57a2d4851a1d" />
    <TestEntry testId="5430e498-46f6-788a-ffac-58b610986f48" executionId="621aa652-975d-47e2-8f15-2b488bdb49cf" testListId="8c84fa94-04c1-424b-9868-57a2d4851a1d" />
    <TestEntry testId="e5adb937-19a8-1be3-c20c-5f594c1058aa" executionId="ea376c0b-06c4-4974-b040-a2afc0aad504" testListId="8c84fa94-04c1-424b-9868-57a2d4851a1d" />
    <TestEntry testId="d1d87f83-718b-c394-1b6a-f8ab743df232" executionId="f38427a5-a1b9-416c-b6e0-acfea956ded2" testListId="8c84fa94-04c1-424b-9868-57a2d4851a1d" />
    <TestEntry testId="027d61dd-bd50-2ab5-1405-2cd4bef0cb9e" executionId="9e22531c-326a-409e-9e22-374159316468" testListId="8c84fa94-04c1-424b-9868-57a2d4851a1d" />
    <TestEntry testId="4cf34537-9d77-017d-89cc-6de5ed18627b" executionId="9ad22559-ea7e-4c2a-8600-ec4018aade59" testListId="8c84fa94-04c1-424b-9868-57a2d4851a1d" />
    <TestEntry testId="de98de96-2adc-f1a6-4f45-f092d28f5b5b" executionId="63087bb0-549d-41ff-86c4-d59b420b2927" testListId="8c84fa94-04c1-424b-9868-57a2d4851a1d" />
    <TestEntry testId="a9876021-4b9f-3808-9a34-9ec3b2f35d40" executionId="36089adc-6955-450c-b0d6-8556862599b5" testListId="8c84fa94-04c1-424b-9868-57a2d4851a1d" />
    <TestEntry testId="d814bfd8-7f12-411b-b31d-189c13c91243" executionId="8eb82e8b-5324-4483-b571-19e93609e2e0" testListId="8c84fa94-04c1-424b-9868-57a2d4851a1d" />
    <TestEntry testId="df3147b8-23d8-9818-6421-19dd0aba7ab7" executionId="06a1360f-c33a-4914-9d3b-7907c95f72eb" testListId="8c84fa94-04c1-424b-9868-57a2d4851a1d" />
    <TestEntry testId="4959ec2b-4321-5418-8878-6c4e18ea29aa" executionId="46dc4669-bc6a-4186-981e-036d003581fb" testListId="8c84fa94-04c1-424b-9868-57a2d4851a1d" />
    <TestEntry testId="27680634-4410-a5fd-0781-928ef8b454d7" executionId="cbd12dec-e836-4105-bc27-92faa5206e08" testListId="8c84fa94-04c1-424b-9868-57a2d4851a1d" />
    <TestEntry testId="69f57ee6-9bae-3fac-f397-6eea8f0f30b1" executionId="f5f8ce95-9bb8-4a00-8edf-d50766b8e2af" testListId="8c84fa94-04c1-424b-9868-57a2d4851a1d" />
    <TestEntry testId="8a1dc74f-14cf-12b3-795b-6f9877cb0573" executionId="010983ba-afe8-49ae-8407-b6a58fdf2152" testListId="8c84fa94-04c1-424b-9868-57a2d4851a1d" />
    <TestEntry testId="8aa9a976-c52d-5e9b-957b-087b15d1fa1c" executionId="add7b9bd-ea47-47c1-911b-4c316826008c" testListId="8c84fa94-04c1-424b-9868-57a2d4851a1d" />
    <TestEntry testId="97752442-10ff-9180-683e-f5027abe8481" executionId="480f6be3-ac7c-43a7-92db-dae51ed7882a" testListId="8c84fa94-04c1-424b-9868-57a2d4851a1d" />
    <TestEntry testId="8322bb12-5450-d4b3-b13e-cee9ebac26f9" executionId="b6c040e8-c69b-4084-bf70-d37fbad1f13f" testListId="8c84fa94-04c1-424b-9868-57a2d4851a1d" />
    <TestEntry testId="c714cf1b-e0b6-aa0b-e5c3-9200b28e5ee1" executionId="6d2061c5-52ce-4572-9400-d24918c55163" testListId="8c84fa94-04c1-424b-9868-57a2d4851a1d" />
    <TestEntry testId="09f0d8ae-60eb-5775-7510-004acbd6b3ed" executionId="7ccd51dc-eaaf-4215-8293-4452db1c6051" testListId="8c84fa94-04c1-424b-9868-57a2d4851a1d" />
    <TestEntry testId="7a9f0f8a-b356-075e-6557-23cbc0d8b989" executionId="1d2209c7-1516-4401-8d29-df2283d37cd9" testListId="8c84fa94-04c1-424b-9868-57a2d4851a1d" />
    <TestEntry testId="c4a44598-4167-c682-2b6b-891d361dd9ce" executionId="3daa2372-8db2-4f59-8db4-03c92827c50e" testListId="8c84fa94-04c1-424b-9868-57a2d4851a1d" />
    <TestEntry testId="97fddcc2-8d5c-ba1c-68b1-09f649ac12a8" executionId="bd3eadb2-8b39-42aa-9868-29291b7c3db3" testListId="8c84fa94-04c1-424b-9868-57a2d4851a1d" />
    <TestEntry testId="5ca68fb0-f84f-489c-d1d7-7fd4c3bbf91c" executionId="efaf5657-7c55-4952-9ee3-134aa79aea07" testListId="8c84fa94-04c1-424b-9868-57a2d4851a1d" />
    <TestEntry testId="67aaaebd-d5ca-383b-38b1-c157254a5805" executionId="8b10596a-ea98-4169-b1c4-e7c969570671" testListId="8c84fa94-04c1-424b-9868-57a2d4851a1d" />
    <TestEntry testId="706b3ddf-785f-4dc9-e7b6-fb980dfe32ac" executionId="4c25b7eb-8484-4ccf-a221-d7e819eda7a3" testListId="8c84fa94-04c1-424b-9868-57a2d4851a1d" />
    <TestEntry testId="5288bf8c-dd60-7f01-a49c-ab5d29436c07" executionId="e73cd908-cb44-4101-854d-7609074b7bb1" testListId="8c84fa94-04c1-424b-9868-57a2d4851a1d" />
    <TestEntry testId="d3f16d4f-48c7-415f-70b6-6a196ebee3e9" executionId="a15e3146-98ff-4f52-8fd8-5c1990cc0083" testListId="8c84fa94-04c1-424b-9868-57a2d4851a1d" />
    <TestEntry testId="a4c0438b-e03a-d1b1-82fb-f6a49e6270ea" executionId="ac93f319-0a81-44be-b04b-41ed59a318da" testListId="8c84fa94-04c1-424b-9868-57a2d4851a1d" />
    <TestEntry testId="ef08fef5-58c0-a2f1-25c6-c0ffac77dce3" executionId="bb78076c-abb1-450f-93bb-cbfca4bc164d" testListId="8c84fa94-04c1-424b-9868-57a2d4851a1d" />
    <TestEntry testId="a8994210-f7ff-6065-6d03-3675bca30992" executionId="2e42cb67-4ac0-49e8-9e1a-399031e68837" testListId="8c84fa94-04c1-424b-9868-57a2d4851a1d" />
    <TestEntry testId="3e124039-5753-eab5-85cc-e4b5a1daf2ee" executionId="57b08dd1-d474-4afb-a78a-8e3654532a13" testListId="8c84fa94-04c1-424b-9868-57a2d4851a1d" />
    <TestEntry testId="5918c293-c80f-39e8-a2a8-c32843d0f001" executionId="3fec0447-acff-493b-be16-2a6d629c5114" testListId="8c84fa94-04c1-424b-9868-57a2d4851a1d" />
    <TestEntry testId="4c612ccb-2c23-14ca-8f40-4305bb5c1436" executionId="cfc0ec2d-375e-4da4-baa8-45456d9459ab" testListId="8c84fa94-04c1-424b-9868-57a2d4851a1d" />
    <TestEntry testId="5e9ce0b9-8e85-ec5a-fa7b-a42e5aae1de6" executionId="c7c247a3-9121-4747-a49f-38bdac8cde63" testListId="8c84fa94-04c1-424b-9868-57a2d4851a1d" />
    <TestEntry testId="c6198b7b-fab8-0135-0483-8c8d81d7d023" executionId="5665bb91-835c-4395-b4a6-0097366814f3" testListId="8c84fa94-04c1-424b-9868-57a2d4851a1d" />
    <TestEntry testId="3678eb59-12de-69e5-0a42-a70474bbc59e" executionId="85bcd268-6d04-49ce-bc13-2917d476278f" testListId="8c84fa94-04c1-424b-9868-57a2d4851a1d" />
    <TestEntry testId="aed3cfcd-34b9-6c6d-6d88-1dc90a414545" executionId="79358c6b-1fce-4cc5-a121-ad3c479cf0e7" testListId="8c84fa94-04c1-424b-9868-57a2d4851a1d" />
    <TestEntry testId="7c70eb7b-b098-38bf-dc7a-7c5e43f8a777" executionId="735b952e-e172-4c04-bcb8-394af9769148" testListId="8c84fa94-04c1-424b-9868-57a2d4851a1d" />
    <TestEntry testId="d450ec95-be19-8ca1-176b-207a9e0b94f8" executionId="ce3d3ac7-bbe9-4391-8559-60daff2711fb" testListId="8c84fa94-04c1-424b-9868-57a2d4851a1d" />
    <TestEntry testId="f7a34190-bae1-0ed1-3afc-65f199bd9e45" executionId="c770cf5d-c503-48f1-88e8-aa0fd66b5b12" testListId="8c84fa94-04c1-424b-9868-57a2d4851a1d" />
    <TestEntry testId="00d44aba-e46e-53c2-1dbf-d70da15670c5" executionId="1ef108c2-a31c-49f9-92d1-4c55baa3f38c" testListId="8c84fa94-04c1-424b-9868-57a2d4851a1d" />
    <TestEntry testId="64bb6201-ac58-8694-5a55-d668a70572d2" executionId="08ed53ec-81a8-427c-bfa5-de89fd47f65e" testListId="8c84fa94-04c1-424b-9868-57a2d4851a1d" />
    <TestEntry testId="9ff68046-52ee-b73a-6f86-67f287da4da3" executionId="1e6327b0-201a-4e60-9dbd-effc8ddfb9c9" testListId="8c84fa94-04c1-424b-9868-57a2d4851a1d" />
    <TestEntry testId="ee9d823c-2ca9-2fa5-927b-6c007361ee12" executionId="3ee1c46d-dcef-4877-ac1f-36688d1fcc17" testListId="8c84fa94-04c1-424b-9868-57a2d4851a1d" />
    <TestEntry testId="07bc9ae8-b2cb-04fe-76eb-4c03b7e82c35" executionId="a6b1eca9-cee3-41c6-8d29-61a8c8ca53f9" testListId="8c84fa94-04c1-424b-9868-57a2d4851a1d" />
    <TestEntry testId="03fe380d-1d26-68f3-684f-b0f2325487ad" executionId="564d2857-e847-4b91-87a7-f6d7961c25f5" testListId="8c84fa94-04c1-424b-9868-57a2d4851a1d" />
  </TestEntries>
  <TestLists>
    <TestList name="Results Not in a List" id="8c84fa94-04c1-424b-9868-57a2d4851a1d" />
    <TestList name="All Loaded Results" id="19431567-8539-422a-85d7-44ee4e166bda" />
  </TestLists>
  <ResultSummary outcome="Completed">
    <Counters total="85" executed="85" passed="85" failed="0" error="0" timeout="0" aborted="0" inconclusive="0" passedButRunAborted="0" notRunnable="0" notExecuted="0" disconnected="0" warning="0" completed="0" inProgress="0" pending="0" />
    <Output>
      <StdOut>[xUnit.net 00:00:00.00] xUnit.net VSTest Adapter v3.1.1+bf6400fd51 (64-bit .NET 9.0.7)
[xUnit.net 00:00:00.05]   Discovering: WorkFlo.Infrastructure.Tests
[xUnit.net 00:00:00.09]   Discovered:  WorkFlo.Infrastructure.Tests
[xUnit.net 00:00:00.12]   Starting:    WorkFlo.Infrastructure.Tests
     Warning:
     The component "Fluent Assertions" is governed by the rules defined in the Xceed License Agreement and
     the Xceed Fluent Assertions Community License. You may use Fluent Assertions free of charge for
     non-commercial use only. An active subscription is required to use Fluent Assertions for commercial use.
     Please contact Xceed Sales mailto:sales@xceed.com to acquire a subscription at a very low cost.
     A paid commercial license supports the development and continued increasing support of
     Fluent Assertions users under both commercial and community licenses. Help us
     keep Fluent Assertions at the forefront of unit testing.
     For more information, visit https://xceed.com/products/unit-testing/fluent-assertions/
[xUnit.net 00:00:09.56]   Finished:    WorkFlo.Infrastructure.Tests
</StdOut>
    </Output>
  </ResultSummary>
</TestRun>