TN:
SF:src/acceptance-criteria-parser.ts
FN:8,parseAcceptanceCriteria
FN:17,(anonymous_1)
FNF:2
FNH:2
FNDA:18,parseAcceptanceCriteria
FNDA:1030,(anonymous_1)
DA:8,2
DA:9,18
DA:10,3
DA:14,15
DA:16,15
DA:17,1030
LF:6
LH:6
BRDA:9,0,0,3
BRDA:9,0,1,15
BRF:2
BRH:2
end_of_record
TN:
SF:src/github-client.ts
FN:17,(anonymous_0)
FN:29,(anonymous_1)
FN:52,(anonymous_2)
FN:58,(anonymous_3)
FN:66,(anonymous_4)
FN:74,(anonymous_5)
FN:78,(anonymous_6)
FNF:7
FNH:7
FNDA:4,(anonymous_0)
FNDA:4,(anonymous_1)
FNDA:15,(anonymous_2)
FNDA:14,(anonymous_3)
FNDA:7,(anonymous_4)
FNDA:7,(anonymous_5)
FNDA:3,(anonymous_6)
DA:5,3
DA:6,3
DA:16,3
DA:18,4
DA:19,4
DA:22,2
DA:23,1
DA:25,3
DA:30,4
DA:32,4
DA:33,4
DA:34,3
DA:35,1
DA:38,3
DA:39,3
DA:41,3
DA:49,3
DA:50,15
DA:53,15
DA:54,22
DA:59,14
DA:60,14
DA:61,3
DA:63,11
DA:67,7
DA:68,1
DA:70,6
DA:75,7
DA:79,3
LF:29
LH:29
BRDA:52,0,0,3
BRDA:60,1,0,3
BRDA:60,1,1,11
BRDA:67,2,0,1
BRDA:67,2,1,6
BRF:5
BRH:5
end_of_record
TN:
SF:src/issue-updater.ts
FN:9,markCriterionComplete
FN:41,markCriterionCompleteById
FN:71,setGitHubClient
FN:81,updateIssueAC
FN:105,markCriterionCompleteByText
FN:145,markComplete
FNF:6
FNH:6
FNDA:7,markCriterionComplete
FNDA:9,markCriterionCompleteById
FNDA:9,setGitHubClient
FNDA:9,updateIssueAC
FNDA:12,markCriterionCompleteByText
FNDA:5,markComplete
DA:1,2
DA:9,2
DA:10,7
DA:11,3
DA:14,4
DA:15,4
DA:17,4
DA:18,9
DA:21,9
DA:22,5
DA:24,5
DA:26,3
DA:27,3
DA:32,1
DA:41,2
DA:42,9
DA:43,2
DA:46,7
DA:47,2
DA:50,5
DA:51,5
DA:53,5
DA:54,9
DA:56,9
DA:57,4
DA:58,4
DA:62,1
DA:66,2
DA:71,2
DA:72,9
DA:81,2
DA:82,9
DA:84,9
DA:87,8
DA:90,5
DA:92,5
DA:98,4
DA:105,2
DA:106,12
DA:107,1
DA:110,11
DA:111,1
DA:114,10
DA:115,10
DA:117,10
DA:118,68
DA:121,68
DA:122,7
DA:123,7
DA:124,7
DA:128,10
DA:129,3
DA:132,7
DA:145,2
DA:146,5
DA:147,1
DA:150,4
DA:151,2
DA:152,2
DA:153,1
DA:155,1
LF:61
LH:61
BRDA:10,0,0,3
BRDA:10,0,1,4
BRDA:21,1,0,5
BRDA:21,1,1,4
BRDA:24,2,0,3
BRDA:24,2,1,2
BRDA:42,3,0,2
BRDA:42,3,1,7
BRDA:46,4,0,2
BRDA:46,4,1,5
BRDA:56,5,0,4
BRDA:56,5,1,5
BRDA:106,6,0,1
BRDA:106,6,1,11
BRDA:110,7,0,1
BRDA:110,7,1,10
BRDA:110,8,0,11
BRDA:110,8,1,10
BRDA:121,9,0,7
BRDA:121,9,1,61
BRDA:121,10,0,68
BRDA:121,10,1,21
BRDA:128,11,0,3
BRDA:128,11,1,7
BRDA:146,12,0,1
BRDA:146,12,1,4
BRDA:150,13,0,2
BRDA:150,13,1,2
BRDA:152,14,0,1
BRDA:152,14,1,1
BRF:30
BRH:30
end_of_record
