TN:
SF:src/acceptance-criteria-parser.ts
FN:8,parseAcceptanceCriteria
FN:17,(anonymous_1)
FNF:2
FNH:2
FNDA:18,parseAcceptanceCriteria
FNDA:1030,(anonymous_1)
DA:8,2
DA:9,18
DA:10,3
DA:14,15
DA:16,15
DA:17,1030
LF:6
LH:6
BRDA:9,0,0,3
BRDA:9,0,1,15
BRF:2
BRH:2
end_of_record
TN:
SF:src/github-client.ts
FN:17,(anonymous_0)
FN:29,(anonymous_1)
FN:52,(anonymous_2)
FN:58,(anonymous_3)
FN:66,(anonymous_4)
FN:74,(anonymous_5)
FN:78,(anonymous_6)
FNF:7
FNH:5
FNDA:0,(anonymous_0)
FNDA:0,(anonymous_1)
FNDA:9,(anonymous_2)
FNDA:9,(anonymous_3)
FNDA:5,(anonymous_4)
FNDA:5,(anonymous_5)
FNDA:2,(anonymous_6)
DA:5,2
DA:6,2
DA:16,2
DA:18,0
DA:19,0
DA:22,0
DA:23,0
DA:25,0
DA:30,0
DA:32,0
DA:33,0
DA:34,0
DA:35,0
DA:38,0
DA:39,0
DA:41,0
DA:49,2
DA:50,9
DA:53,9
DA:54,18
DA:59,9
DA:60,9
DA:61,1
DA:63,8
DA:67,5
DA:68,0
DA:70,5
DA:75,5
DA:79,2
LF:29
LH:15
BRDA:52,0,0,0
BRDA:60,1,0,1
BRDA:60,1,1,8
BRDA:67,2,0,0
BRDA:67,2,1,5
BRF:5
BRH:3
end_of_record
TN:
SF:src/issue-updater.ts
FN:9,markCriterionComplete
FN:41,markCriterionCompleteById
FN:71,setGitHubClient
FN:81,updateIssueAC
FN:105,markCriterionCompleteByText
FN:145,markComplete
FNF:6
FNH:4
FNDA:3,markCriterionComplete
FNDA:0,markCriterionCompleteById
FNDA:9,setGitHubClient
FNDA:9,updateIssueAC
FNDA:12,markCriterionCompleteByText
FNDA:0,markComplete
DA:1,2
DA:9,2
DA:10,3
DA:11,0
DA:14,3
DA:15,3
DA:17,3
DA:18,7
DA:21,7
DA:22,3
DA:24,3
DA:26,2
DA:27,2
DA:32,1
DA:41,2
DA:42,0
DA:43,0
DA:46,0
DA:47,0
DA:50,0
DA:51,0
DA:53,0
DA:54,0
DA:56,0
DA:57,0
DA:58,0
DA:62,0
DA:66,2
DA:71,2
DA:72,9
DA:81,2
DA:82,9
DA:84,9
DA:87,8
DA:90,5
DA:92,5
DA:98,4
DA:105,2
DA:106,12
DA:107,1
DA:110,11
DA:111,1
DA:114,10
DA:115,10
DA:117,10
DA:118,68
DA:121,68
DA:122,7
DA:123,7
DA:124,7
DA:128,10
DA:129,3
DA:132,7
DA:145,2
DA:146,0
DA:147,0
DA:150,0
DA:151,0
DA:152,0
DA:153,0
DA:155,0
LF:61
LH:41
BRDA:10,0,0,0
BRDA:10,0,1,3
BRDA:21,1,0,3
BRDA:21,1,1,4
BRDA:24,2,0,2
BRDA:24,2,1,1
BRDA:42,3,0,0
BRDA:42,3,1,0
BRDA:46,4,0,0
BRDA:46,4,1,0
BRDA:56,5,0,0
BRDA:56,5,1,0
BRDA:106,6,0,1
BRDA:106,6,1,11
BRDA:110,7,0,1
BRDA:110,7,1,10
BRDA:110,8,0,11
BRDA:110,8,1,10
BRDA:121,9,0,7
BRDA:121,9,1,61
BRDA:121,10,0,68
BRDA:121,10,1,21
BRDA:128,11,0,3
BRDA:128,11,1,7
BRDA:146,12,0,0
BRDA:146,12,1,0
BRDA:150,13,0,0
BRDA:150,13,1,0
BRDA:152,14,0,0
BRDA:152,14,1,0
BRF:30
BRH:17
end_of_record
