<?xml version="1.0" encoding="utf-8"?>
<TestRun id="6134ec32-c638-4d67-9aae-d6d32696db52" name="@KOMPUTA 2025-07-18 22:52:55" xmlns="http://microsoft.com/schemas/VisualStudio/TeamTest/2010">
  <Times creation="2025-07-18T22:52:55.3632212+10:00" queuing="2025-07-18T22:52:55.3632213+10:00" start="2025-07-18T22:52:54.7051410+10:00" finish="2025-07-18T22:53:04.3103928+10:00" />
  <TestSettings name="default" id="df2d9092-ca4d-4d3c-8a06-a710e8e213ff">
    <Deployment runDeploymentRoot="_KOMPUTA_2025-07-18_22_52_55" />
  </TestSettings>
  <Results>
    <UnitTestResult executionId="2643f177-b857-40cf-a1bc-15f8c6dd8fb5" testId="69f57ee6-9bae-3fac-f397-6eea8f0f30b1" testName="WorkFlo.Infrastructure.Tests.Services.Auth.JwtTokenServiceTests.remember_me_extends_token_expiry" computerName="KOMPUTA" duration="00:00:00.0013044" startTime="2025-07-18T22:52:55.3271040+10:00" endTime="2025-07-18T22:52:55.3271715+10:00" testType="13cdc9d9-ddb5-4fa4-a97d-d965ccfc6d4b" outcome="Passed" testListId="8c84fa94-04c1-424b-9868-57a2d4851a1d" relativeResultsDirectory="2643f177-b857-40cf-a1bc-15f8c6dd8fb5" />
    <UnitTestResult executionId="71596d9b-37f6-45c8-812b-af8ccac47763" testId="46a9f2b3-a280-e95d-472c-b020cdc3f6a5" testName="WorkFlo.Infrastructure.Tests.Services.Auth.MicrosoftOAuthServiceTests.valid_authorization_code_returns_user_infoAsync" computerName="KOMPUTA" duration="00:00:00.0205207" startTime="2025-07-18T22:52:55.3507433+10:00" endTime="2025-07-18T22:52:55.3550217+10:00" testType="13cdc9d9-ddb5-4fa4-a97d-d965ccfc6d4b" outcome="Passed" testListId="8c84fa94-04c1-424b-9868-57a2d4851a1d" relativeResultsDirectory="71596d9b-37f6-45c8-812b-af8ccac47763" />
    <UnitTestResult executionId="b2d4fe2b-1601-40ad-aa9b-d526304afb38" testId="2a1f03e8-8426-ba52-c504-bd9c287a7112" testName="WorkFlo.Infrastructure.Tests.Services.Auth.PasswordHashingServiceTests.verification_with_malformed_bcrypt_hash_returns_false" computerName="KOMPUTA" duration="00:00:00.0002726" startTime="2025-07-18T22:53:04.2509151+10:00" endTime="2025-07-18T22:53:04.2512422+10:00" testType="13cdc9d9-ddb5-4fa4-a97d-d965ccfc6d4b" outcome="Passed" testListId="8c84fa94-04c1-424b-9868-57a2d4851a1d" relativeResultsDirectory="b2d4fe2b-1601-40ad-aa9b-d526304afb38" />
    <UnitTestResult executionId="6deb3fcd-43a1-48de-8208-8ec4b3aff04f" testId="d3f16d4f-48c7-415f-70b6-6a196ebee3e9" testName="WorkFlo.Infrastructure.Tests.Services.Auth.JwtTokenServiceTests.invalid_token_returns_null_user_idAsync" computerName="KOMPUTA" duration="00:00:00.0033878" startTime="2025-07-18T22:52:55.3523736+10:00" endTime="2025-07-18T22:52:55.3527748+10:00" testType="13cdc9d9-ddb5-4fa4-a97d-d965ccfc6d4b" outcome="Passed" testListId="8c84fa94-04c1-424b-9868-57a2d4851a1d" relativeResultsDirectory="6deb3fcd-43a1-48de-8208-8ec4b3aff04f" />
    <UnitTestResult executionId="0c90a99c-4c0c-49de-a6e1-c3bd5183e0fa" testId="1ba797af-c4fa-dd69-45af-ef968ae91115" testName="WorkFlo.Infrastructure.Tests.Services.Auth.JwtTokenServiceTests.valid_user_can_generate_access_tokenAsync" computerName="KOMPUTA" duration="00:00:00.0012636" startTime="2025-07-18T22:52:55.3515342+10:00" endTime="2025-07-18T22:52:55.3517474+10:00" testType="13cdc9d9-ddb5-4fa4-a97d-d965ccfc6d4b" outcome="Passed" testListId="8c84fa94-04c1-424b-9868-57a2d4851a1d" relativeResultsDirectory="0c90a99c-4c0c-49de-a6e1-c3bd5183e0fa" />
    <UnitTestResult executionId="e100d17c-33e4-4ff7-acf3-1281021c828c" testId="09330ef4-9d0f-3d9c-6093-ac84d8902cff" testName="WorkFlo.Infrastructure.Tests.Services.LocalPasswordBreachServiceTests.Passwords_with_spaces_are_treated_as_differentAsync(password: &quot;pass word&quot;)" computerName="KOMPUTA" duration="00:00:00.0006051" startTime="2025-07-18T22:52:55.3275986+10:00" endTime="2025-07-18T22:52:55.3278183+10:00" testType="13cdc9d9-ddb5-4fa4-a97d-d965ccfc6d4b" outcome="Passed" testListId="8c84fa94-04c1-424b-9868-57a2d4851a1d" relativeResultsDirectory="e100d17c-33e4-4ff7-acf3-1281021c828c" />
    <UnitTestResult executionId="d96ccd51-a61a-4556-a941-9d2328f0aae3" testId="82eb17d5-f190-3bb1-2ab8-3fd3a319b9d2" testName="WorkFlo.Infrastructure.Tests.Services.Auth.JwtTokenServiceTests.revoked_refresh_token_fails_validationAsync" computerName="KOMPUTA" duration="00:00:00.0022923" startTime="2025-07-18T22:52:55.3263326+10:00" endTime="2025-07-18T22:52:55.3264236+10:00" testType="13cdc9d9-ddb5-4fa4-a97d-d965ccfc6d4b" outcome="Passed" testListId="8c84fa94-04c1-424b-9868-57a2d4851a1d" relativeResultsDirectory="d96ccd51-a61a-4556-a941-9d2328f0aae3" />
    <UnitTestResult executionId="15eac49c-21bd-4a86-9837-fa767d4dea03" testId="d1d87f83-718b-c394-1b6a-f8ab743df232" testName="WorkFlo.Infrastructure.Tests.Services.Auth.PasswordHashingServiceTests.verification_with_empty_hash_throws_exception" computerName="KOMPUTA" duration="00:00:00.0005471" startTime="2025-07-18T22:53:03.8408206+10:00" endTime="2025-07-18T22:53:03.8410337+10:00" testType="13cdc9d9-ddb5-4fa4-a97d-d965ccfc6d4b" outcome="Passed" testListId="8c84fa94-04c1-424b-9868-57a2d4851a1d" relativeResultsDirectory="15eac49c-21bd-4a86-9837-fa767d4dea03" />
    <UnitTestResult executionId="24709cf0-4c7c-432e-ab2e-254cd7e5ec81" testId="779bb692-5e0e-a885-3bfc-6663d78eff79" testName="WorkFlo.Infrastructure.Tests.Services.Auth.PasswordHashingServiceTests.various_password_formats_can_be_hashed_and_verified(password: &quot;password&quot;)" computerName="KOMPUTA" duration="00:00:00.6426722" startTime="2025-07-18T22:52:55.2199498+10:00" endTime="2025-07-18T22:52:55.8699368+10:00" testType="13cdc9d9-ddb5-4fa4-a97d-d965ccfc6d4b" outcome="Passed" testListId="8c84fa94-04c1-424b-9868-57a2d4851a1d" relativeResultsDirectory="24709cf0-4c7c-432e-ab2e-254cd7e5ec81" />
    <UnitTestResult executionId="3108a61c-b196-4b87-ba5a-16230ee5a130" testId="7e5d2cbf-f18f-c2e7-5396-2e535dd09a61" testName="WorkFlo.Infrastructure.Tests.Services.Auth.PasswordHashingServiceTests.verification_with_null_hash_throws_exception" computerName="KOMPUTA" duration="00:00:00.0004992" startTime="2025-07-18T22:53:03.8416073+10:00" endTime="2025-07-18T22:53:03.8420893+10:00" testType="13cdc9d9-ddb5-4fa4-a97d-d965ccfc6d4b" outcome="Passed" testListId="8c84fa94-04c1-424b-9868-57a2d4851a1d" relativeResultsDirectory="3108a61c-b196-4b87-ba5a-16230ee5a130" />
    <UnitTestResult executionId="c5a638c0-765a-4057-b48e-b39670a1a890" testId="d013d669-819a-1b32-b302-9eee19199870" testName="WorkFlo.Infrastructure.Tests.Services.Auth.PasswordHashingServiceTests.various_password_formats_can_be_hashed_and_verified(password: &quot;P@ssw0rd123!@#$%^&amp;*()&quot;)" computerName="KOMPUTA" duration="00:00:00.4165347" startTime="2025-07-18T22:52:56.2848046+10:00" endTime="2025-07-18T22:52:56.7010293+10:00" testType="13cdc9d9-ddb5-4fa4-a97d-d965ccfc6d4b" outcome="Passed" testListId="8c84fa94-04c1-424b-9868-57a2d4851a1d" relativeResultsDirectory="c5a638c0-765a-4057-b48e-b39670a1a890" />
    <UnitTestResult executionId="8c17736b-0ad9-4274-83b8-4cf2af130e8d" testId="4c612ccb-2c23-14ca-8f40-4305bb5c1436" testName="WorkFlo.Infrastructure.Tests.Services.Auth.JwtTokenServiceTests.valid_refresh_token_can_be_validatedAsync" computerName="KOMPUTA" duration="00:00:00.0150406" startTime="2025-07-18T22:52:55.2179308+10:00" endTime="2025-07-18T22:52:55.2428984+10:00" testType="13cdc9d9-ddb5-4fa4-a97d-d965ccfc6d4b" outcome="Passed" testListId="8c84fa94-04c1-424b-9868-57a2d4851a1d" relativeResultsDirectory="8c17736b-0ad9-4274-83b8-4cf2af130e8d" />
    <UnitTestResult executionId="a1615259-239a-4a57-8d10-3e95c7f35a92" testId="5288bf8c-dd60-7f01-a49c-ab5d29436c07" testName="WorkFlo.Infrastructure.Tests.Services.Auth.EmailVerificationTokenServiceTests.token_with_different_purpose_is_rejectedAsync" computerName="KOMPUTA" duration="00:00:00.0008363" startTime="2025-07-18T22:52:55.3565191+10:00" endTime="2025-07-18T22:52:55.3581772+10:00" testType="13cdc9d9-ddb5-4fa4-a97d-d965ccfc6d4b" outcome="Passed" testListId="8c84fa94-04c1-424b-9868-57a2d4851a1d" relativeResultsDirectory="a1615259-239a-4a57-8d10-3e95c7f35a92" />
    <UnitTestResult executionId="39af7756-8340-43c2-b4b7-6d0c26aa8a8c" testId="a8994210-f7ff-6065-6d03-3675bca30992" testName="WorkFlo.Infrastructure.Tests.Services.Auth.PasswordHashingServiceTests.password_hashing_is_slow_enough_for_security" computerName="KOMPUTA" duration="00:00:00.2045356" startTime="2025-07-18T22:52:57.5310260+10:00" endTime="2025-07-18T22:52:57.7354653+10:00" testType="13cdc9d9-ddb5-4fa4-a97d-d965ccfc6d4b" outcome="Passed" testListId="8c84fa94-04c1-424b-9868-57a2d4851a1d" relativeResultsDirectory="39af7756-8340-43c2-b4b7-6d0c26aa8a8c" />
    <UnitTestResult executionId="175dfcec-ab4f-4b49-bf94-7e752c8170b6" testId="8322bb12-5450-d4b3-b13e-cee9ebac26f9" testName="WorkFlo.Infrastructure.Tests.Services.Auth.MicrosoftOAuthServiceTests.provider_name_is_microsoft" computerName="KOMPUTA" duration="00:00:00.0000970" startTime="2025-07-18T22:52:55.3559550+10:00" endTime="2025-07-18T22:52:55.3560440+10:00" testType="13cdc9d9-ddb5-4fa4-a97d-d965ccfc6d4b" outcome="Passed" testListId="8c84fa94-04c1-424b-9868-57a2d4851a1d" relativeResultsDirectory="175dfcec-ab4f-4b49-bf94-7e752c8170b6" />
    <UnitTestResult executionId="a872dd22-646f-4cd1-9ae3-0cd30e72dfc3" testId="5430e498-46f6-788a-ffac-58b610986f48" testName="WorkFlo.Infrastructure.Tests.Services.LocalPasswordBreachServiceTests.Service_is_thread_safeAsync" computerName="KOMPUTA" duration="00:00:00.0063111" startTime="2025-07-18T22:52:55.3368152+10:00" endTime="2025-07-18T22:52:55.3371769+10:00" testType="13cdc9d9-ddb5-4fa4-a97d-d965ccfc6d4b" outcome="Passed" testListId="8c84fa94-04c1-424b-9868-57a2d4851a1d" relativeResultsDirectory="a872dd22-646f-4cd1-9ae3-0cd30e72dfc3" />
    <UnitTestResult executionId="c4a1618e-6e49-49f5-afcf-6bbbc1193e8d" testId="c4a44598-4167-c682-2b6b-891d361dd9ce" testName="WorkFlo.Infrastructure.Tests.Services.EmailServiceTests.SendVerificationEmailAsync_ValidEmail_EmailSentSuccessfullyAsync" computerName="KOMPUTA" duration="00:00:00.0101973" startTime="2025-07-18T22:52:55.3614744+10:00" endTime="2025-07-18T22:52:55.3677276+10:00" testType="13cdc9d9-ddb5-4fa4-a97d-d965ccfc6d4b" outcome="Passed" testListId="8c84fa94-04c1-424b-9868-57a2d4851a1d" relativeResultsDirectory="c4a1618e-6e49-49f5-afcf-6bbbc1193e8d" />
    <UnitTestResult executionId="76a8c2f6-3fba-4b1f-a959-35e37cf0f4fa" testId="c714cf1b-e0b6-aa0b-e5c3-9200b28e5ee1" testName="WorkFlo.Infrastructure.Tests.Unit.Services.HookInstallationServiceTests.force_flag_overwrites_existing_hooks" computerName="KOMPUTA" duration="00:00:00.0116679" startTime="2025-07-18T22:52:55.3410406+10:00" endTime="2025-07-18T22:52:55.3411982+10:00" testType="13cdc9d9-ddb5-4fa4-a97d-d965ccfc6d4b" outcome="Passed" testListId="8c84fa94-04c1-424b-9868-57a2d4851a1d" relativeResultsDirectory="76a8c2f6-3fba-4b1f-a959-35e37cf0f4fa" />
    <UnitTestResult executionId="deff3782-79c9-4a72-b99b-17614d3d22e8" testId="83aaaada-b2b9-1100-3338-55cfcf12ccc7" testName="WorkFlo.Infrastructure.Tests.Services.LocalPasswordBreachServiceTests.Common_breached_passwords_are_detectedAsync(password: &quot;admin&quot;)" computerName="KOMPUTA" duration="00:00:00.0011216" startTime="2025-07-18T22:52:55.3281815+10:00" endTime="2025-07-18T22:52:55.3282673+10:00" testType="13cdc9d9-ddb5-4fa4-a97d-d965ccfc6d4b" outcome="Passed" testListId="8c84fa94-04c1-424b-9868-57a2d4851a1d" relativeResultsDirectory="deff3782-79c9-4a72-b99b-17614d3d22e8" />
    <UnitTestResult executionId="82a3cbc9-6ff2-4e9b-b389-c77402bdf16c" testId="0458f956-58e0-7485-1f87-845f91f17ec2" testName="WorkFlo.Infrastructure.Tests.Services.Auth.PasswordHashingServiceTests.various_password_formats_can_be_hashed_and_verified(password: &quot;verylongpasswordthatexceedsnormallimits&quot;)" computerName="KOMPUTA" duration="00:00:00.4183252" startTime="2025-07-18T22:52:56.7021464+10:00" endTime="2025-07-18T22:52:57.1194913+10:00" testType="13cdc9d9-ddb5-4fa4-a97d-d965ccfc6d4b" outcome="Passed" testListId="8c84fa94-04c1-424b-9868-57a2d4851a1d" relativeResultsDirectory="82a3cbc9-6ff2-4e9b-b389-c77402bdf16c" />
    <UnitTestResult executionId="3f073777-26a0-49bb-bc2e-d1e4830eba10" testId="97fddcc2-8d5c-ba1c-68b1-09f649ac12a8" testName="WorkFlo.Infrastructure.Tests.Services.Auth.EmailVerificationTokenServiceTests.generated_token_can_be_validated_successfullyAsync" computerName="KOMPUTA" duration="00:00:00.0430467" startTime="2025-07-18T22:52:55.3371246+10:00" endTime="2025-07-18T22:52:55.3525018+10:00" testType="13cdc9d9-ddb5-4fa4-a97d-d965ccfc6d4b" outcome="Passed" testListId="8c84fa94-04c1-424b-9868-57a2d4851a1d" relativeResultsDirectory="3f073777-26a0-49bb-bc2e-d1e4830eba10" />
    <UnitTestResult executionId="9e83da3b-35d0-4f1f-932c-2ba48d51a537" testId="d450ec95-be19-8ca1-176b-207a9e0b94f8" testName="WorkFlo.Infrastructure.Tests.Services.Auth.PasswordHashingServiceTests.verification_with_invalid_hash_returns_false" computerName="KOMPUTA" duration="00:00:00.0002060" startTime="2025-07-18T22:53:03.2309925+10:00" endTime="2025-07-18T22:53:03.2310693+10:00" testType="13cdc9d9-ddb5-4fa4-a97d-d965ccfc6d4b" outcome="Passed" testListId="8c84fa94-04c1-424b-9868-57a2d4851a1d" relativeResultsDirectory="9e83da3b-35d0-4f1f-932c-2ba48d51a537" />
    <UnitTestResult executionId="10622ff2-5f71-4a1a-b06a-3c9078d47146" testId="d91a3cf0-29b7-a641-8f36-5faf3df8f7e8" testName="WorkFlo.Infrastructure.Tests.Services.Auth.JwtTokenServiceTests.access_token_expires_after_fifteen_minutesAsync" computerName="KOMPUTA" duration="00:00:00.0005813" startTime="2025-07-18T22:52:55.3529683+10:00" endTime="2025-07-18T22:52:55.3533330+10:00" testType="13cdc9d9-ddb5-4fa4-a97d-d965ccfc6d4b" outcome="Passed" testListId="8c84fa94-04c1-424b-9868-57a2d4851a1d" relativeResultsDirectory="10622ff2-5f71-4a1a-b06a-3c9078d47146" />
    <UnitTestResult executionId="9f229c93-b5a5-4ad9-b8dd-a2e8e68ad2be" testId="027d61dd-bd50-2ab5-1405-2cd4bef0cb9e" testName="WorkFlo.Infrastructure.Tests.Services.Auth.GoogleOAuthServiceTests.provider_name_is_google" computerName="KOMPUTA" duration="00:00:00.0001543" startTime="2025-07-18T22:52:55.3604910+10:00" endTime="2025-07-18T22:52:55.3605557+10:00" testType="13cdc9d9-ddb5-4fa4-a97d-d965ccfc6d4b" outcome="Passed" testListId="8c84fa94-04c1-424b-9868-57a2d4851a1d" relativeResultsDirectory="9f229c93-b5a5-4ad9-b8dd-a2e8e68ad2be" />
    <UnitTestResult executionId="207bff92-8437-4a3e-a7d0-96eb330fd39b" testId="a5da83e4-4070-4156-c8cf-85147ed3493a" testName="WorkFlo.Infrastructure.Tests.Services.Auth.MicrosoftOAuthServiceTests.user_info_retrieval_failure_returns_errorAsync" computerName="KOMPUTA" duration="00:00:00.0090319" startTime="2025-07-18T22:52:55.3588413+10:00" endTime="2025-07-18T22:52:55.3592814+10:00" testType="13cdc9d9-ddb5-4fa4-a97d-d965ccfc6d4b" outcome="Passed" testListId="8c84fa94-04c1-424b-9868-57a2d4851a1d" relativeResultsDirectory="207bff92-8437-4a3e-a7d0-96eb330fd39b" />
    <UnitTestResult executionId="6a986893-c0e6-44f7-bc07-f8b0802c9220" testId="27680634-4410-a5fd-0781-928ef8b454d7" testName="WorkFlo.Infrastructure.Tests.Services.LocalPasswordBreachServiceTests.Common_breached_passwords_are_detectedAsync(password: &quot;Password&quot;)" computerName="KOMPUTA" duration="00:00:00.0000108" startTime="2025-07-18T22:52:55.3313537+10:00" endTime="2025-07-18T22:52:55.3314106+10:00" testType="13cdc9d9-ddb5-4fa4-a97d-d965ccfc6d4b" outcome="Passed" testListId="8c84fa94-04c1-424b-9868-57a2d4851a1d" relativeResultsDirectory="6a986893-c0e6-44f7-bc07-f8b0802c9220" />
    <UnitTestResult executionId="2f404627-8142-446b-9613-8d431c3baca9" testId="5e9ce0b9-8e85-ec5a-fa7b-a42e5aae1de6" testName="WorkFlo.Infrastructure.Tests.Services.Auth.PasswordHashingServiceTests.empty_password_throws_exception" computerName="KOMPUTA" duration="00:00:00.0006636" startTime="2025-07-18T22:53:01.8027030+10:00" endTime="2025-07-18T22:53:01.8029687+10:00" testType="13cdc9d9-ddb5-4fa4-a97d-d965ccfc6d4b" outcome="Passed" testListId="8c84fa94-04c1-424b-9868-57a2d4851a1d" relativeResultsDirectory="2f404627-8142-446b-9613-8d431c3baca9" />
    <UnitTestResult executionId="dc9d00d6-5306-48ef-a4d2-cf4d4792c7b5" testId="bb5db856-1d0a-c5cb-9b21-fb2efd6bd4ee" testName="WorkFlo.Infrastructure.Tests.Services.Auth.EmailVerificationTokenServiceTests.empty_token_returns_errorAsync" computerName="KOMPUTA" duration="00:00:00.0006863" startTime="2025-07-18T22:52:55.3546903+10:00" endTime="2025-07-18T22:52:55.3547779+10:00" testType="13cdc9d9-ddb5-4fa4-a97d-d965ccfc6d4b" outcome="Passed" testListId="8c84fa94-04c1-424b-9868-57a2d4851a1d" relativeResultsDirectory="dc9d00d6-5306-48ef-a4d2-cf4d4792c7b5" />
    <UnitTestResult executionId="ad6625e1-9b31-4f80-aafa-9100bd4fd45f" testId="5ca68fb0-f84f-489c-d1d7-7fd4c3bbf91c" testName="WorkFlo.Infrastructure.Tests.Services.LocalPasswordBreachServiceTests.Case_insensitive_detection_works_correctlyAsync" computerName="KOMPUTA" duration="00:00:00.0018491" startTime="2025-07-18T22:52:55.3383639+10:00" endTime="2025-07-18T22:52:55.3384550+10:00" testType="13cdc9d9-ddb5-4fa4-a97d-d965ccfc6d4b" outcome="Passed" testListId="8c84fa94-04c1-424b-9868-57a2d4851a1d" relativeResultsDirectory="ad6625e1-9b31-4f80-aafa-9100bd4fd45f" />
    <UnitTestResult executionId="8a95483b-a90c-4768-80ec-393302013922" testId="a4c0438b-e03a-d1b1-82fb-f6a49e6270ea" testName="WorkFlo.Infrastructure.Tests.Services.Auth.EmailVerificationTokenServiceTests.token_contains_correct_claimsAsync" computerName="KOMPUTA" duration="00:00:00.0092498" startTime="2025-07-18T22:52:55.3583585+10:00" endTime="2025-07-18T22:52:55.3589092+10:00" testType="13cdc9d9-ddb5-4fa4-a97d-d965ccfc6d4b" outcome="Passed" testListId="8c84fa94-04c1-424b-9868-57a2d4851a1d" relativeResultsDirectory="8a95483b-a90c-4768-80ec-393302013922" />
    <UnitTestResult executionId="0dfda2f0-a5a3-4cb8-b7ce-970a6040645f" testId="72b65e61-1bc9-446b-e14a-da6ba3251cb3" testName="WorkFlo.Infrastructure.Tests.Unit.Services.HookInstallationServiceTests.hook_installation_fails_outside_git_repository" computerName="KOMPUTA" duration="00:00:00.0016592" startTime="2025-07-18T22:52:55.3414720+10:00" endTime="2025-07-18T22:52:55.3416498+10:00" testType="13cdc9d9-ddb5-4fa4-a97d-d965ccfc6d4b" outcome="Passed" testListId="8c84fa94-04c1-424b-9868-57a2d4851a1d" relativeResultsDirectory="0dfda2f0-a5a3-4cb8-b7ce-970a6040645f" />
    <UnitTestResult executionId="cc6b95c1-628c-4e54-b2b5-524cf30745c7" testId="64bb6201-ac58-8694-5a55-d668a70572d2" testName="WorkFlo.Infrastructure.Tests.Services.Auth.PasswordHashingServiceTests.timing_attack_resistance_same_user_different_passwords" computerName="KOMPUTA" duration="00:00:04.4726762" startTime="2025-07-18T22:52:57.7357919+10:00" endTime="2025-07-18T22:53:01.3932434+10:00" testType="13cdc9d9-ddb5-4fa4-a97d-d965ccfc6d4b" outcome="Passed" testListId="8c84fa94-04c1-424b-9868-57a2d4851a1d" relativeResultsDirectory="cc6b95c1-628c-4e54-b2b5-524cf30745c7" />
    <UnitTestResult executionId="99c4acf7-75b4-4000-99bd-601540d54f47" testId="4959ec2b-4321-5418-8878-6c4e18ea29aa" testName="WorkFlo.Infrastructure.Tests.Services.Auth.GoogleOAuthServiceTests.privacy_compliance_no_sensitive_data_loggedAsync" computerName="KOMPUTA" duration="00:00:00.1169227" startTime="2025-07-18T22:52:55.2190991+10:00" endTime="2025-07-18T22:52:55.3575986+10:00" testType="13cdc9d9-ddb5-4fa4-a97d-d965ccfc6d4b" outcome="Passed" testListId="8c84fa94-04c1-424b-9868-57a2d4851a1d" relativeResultsDirectory="99c4acf7-75b4-4000-99bd-601540d54f47" />
    <UnitTestResult executionId="a7d1ecb9-c48f-4bae-a08d-9d6cf9f5a048" testId="b65a5c9b-3a0f-3a1e-ee5c-7fd068a8d06b" testName="WorkFlo.Infrastructure.Tests.Services.LocalPasswordBreachServiceTests.Common_breached_passwords_are_detectedAsync(password: &quot;password123&quot;)" computerName="KOMPUTA" duration="00:00:00.0000113" startTime="2025-07-18T22:52:55.3315079+10:00" endTime="2025-07-18T22:52:55.3316165+10:00" testType="13cdc9d9-ddb5-4fa4-a97d-d965ccfc6d4b" outcome="Passed" testListId="8c84fa94-04c1-424b-9868-57a2d4851a1d" relativeResultsDirectory="a7d1ecb9-c48f-4bae-a08d-9d6cf9f5a048" />
    <UnitTestResult executionId="97fbcbdd-3827-4ec7-aea3-b21f2182a875" testId="706b3ddf-785f-4dc9-e7b6-fb980dfe32ac" testName="WorkFlo.Infrastructure.Tests.Services.LocalPasswordBreachServiceTests.Common_breached_passwords_are_detectedAsync(password: &quot;password&quot;)" computerName="KOMPUTA" duration="00:00:00.0000121" startTime="2025-07-18T22:52:55.3309698+10:00" endTime="2025-07-18T22:52:55.3310841+10:00" testType="13cdc9d9-ddb5-4fa4-a97d-d965ccfc6d4b" outcome="Passed" testListId="8c84fa94-04c1-424b-9868-57a2d4851a1d" relativeResultsDirectory="97fbcbdd-3827-4ec7-aea3-b21f2182a875" />
    <UnitTestResult executionId="319298a9-0655-4814-99ae-5453319bcdad" testId="ed61cfd9-4c9a-43e9-e049-a31cb00f4955" testName="WorkFlo.Infrastructure.Tests.Services.Auth.GoogleOAuthServiceTests.invalid_authorization_code_returns_failureAsync" computerName="KOMPUTA" duration="00:00:00.0006226" startTime="2025-07-18T22:52:55.3592133+10:00" endTime="2025-07-18T22:52:55.3594668+10:00" testType="13cdc9d9-ddb5-4fa4-a97d-d965ccfc6d4b" outcome="Passed" testListId="8c84fa94-04c1-424b-9868-57a2d4851a1d" relativeResultsDirectory="319298a9-0655-4814-99ae-5453319bcdad" />
    <UnitTestResult executionId="020fab84-0146-4fd3-bcc1-ba0182db6a8c" testId="d3d2b264-d4ef-a78d-1401-0cf8881a5172" testName="WorkFlo.Infrastructure.Tests.Services.LocalPasswordBreachServiceTests.Non_breached_passwords_are_not_detectedAsync(password: &quot;CustomUserPassword&quot;)" computerName="KOMPUTA" duration="00:00:00.0000039" startTime="2025-07-18T22:52:55.3340919+10:00" endTime="2025-07-18T22:52:55.3341761+10:00" testType="13cdc9d9-ddb5-4fa4-a97d-d965ccfc6d4b" outcome="Passed" testListId="8c84fa94-04c1-424b-9868-57a2d4851a1d" relativeResultsDirectory="020fab84-0146-4fd3-bcc1-ba0182db6a8c" />
    <UnitTestResult executionId="c1531cc9-adf9-4900-ab0b-d1661b57cd4f" testId="aed3cfcd-34b9-6c6d-6d88-1dc90a414545" testName="WorkFlo.Infrastructure.Tests.Services.Auth.PasswordHashingServiceTests.same_password_produces_different_hashes" computerName="KOMPUTA" duration="00:00:00.8141226" startTime="2025-07-18T22:53:02.4166900+10:00" endTime="2025-07-18T22:53:03.2306130+10:00" testType="13cdc9d9-ddb5-4fa4-a97d-d965ccfc6d4b" outcome="Passed" testListId="8c84fa94-04c1-424b-9868-57a2d4851a1d" relativeResultsDirectory="c1531cc9-adf9-4900-ab0b-d1661b57cd4f" />
    <UnitTestResult executionId="81f1f54f-511f-4599-96b5-98f4de0d9331" testId="a47ab64f-71ab-9112-68d1-0196cd15d1a8" testName="WorkFlo.Infrastructure.Tests.Services.EmailServiceTests.SendVerificationEmailAsync_InvalidEmail_ReturnsFailureAsync" computerName="KOMPUTA" duration="00:00:00.1354646" startTime="2025-07-18T22:52:55.2199267+10:00" endTime="2025-07-18T22:52:55.3612543+10:00" testType="13cdc9d9-ddb5-4fa4-a97d-d965ccfc6d4b" outcome="Passed" testListId="8c84fa94-04c1-424b-9868-57a2d4851a1d" relativeResultsDirectory="81f1f54f-511f-4599-96b5-98f4de0d9331" />
    <UnitTestResult executionId="34c08add-6abd-4fc1-a0b7-73bfad6238a2" testId="cbdf6b44-8085-8521-b635-f2042c6125ca" testName="WorkFlo.Infrastructure.Tests.Services.Auth.JwtTokenServiceTests.expired_token_fails_validationAsync" computerName="KOMPUTA" duration="00:00:00.0065474" startTime="2025-07-18T22:52:55.3518494+10:00" endTime="2025-07-18T22:52:55.3521125+10:00" testType="13cdc9d9-ddb5-4fa4-a97d-d965ccfc6d4b" outcome="Passed" testListId="8c84fa94-04c1-424b-9868-57a2d4851a1d" relativeResultsDirectory="34c08add-6abd-4fc1-a0b7-73bfad6238a2" />
    <UnitTestResult executionId="ecf0cdc0-bbc0-41b9-a09f-e390baca9dc2" testId="37d167cf-27e5-6d4c-c44e-31524593d11a" testName="WorkFlo.Infrastructure.Tests.Services.Auth.PasswordHashingServiceTests.various_password_formats_can_be_hashed_and_verified(password: &quot;a&quot;)" computerName="KOMPUTA" duration="00:00:00.4110528" startTime="2025-07-18T22:52:57.1198390+10:00" endTime="2025-07-18T22:52:57.5307395+10:00" testType="13cdc9d9-ddb5-4fa4-a97d-d965ccfc6d4b" outcome="Passed" testListId="8c84fa94-04c1-424b-9868-57a2d4851a1d" relativeResultsDirectory="ecf0cdc0-bbc0-41b9-a09f-e390baca9dc2" />
    <UnitTestResult executionId="4d506a9e-8d1b-40a3-99e7-b0ee6daadbcc" testId="0d4ee7a8-da75-4669-cbdf-ce272214a323" testName="WorkFlo.Infrastructure.Tests.Services.Auth.GoogleOAuthServiceTests.null_redirect_uri_works_correctlyAsync" computerName="KOMPUTA" duration="00:00:00.0004911" startTime="2025-07-18T22:52:55.3609943+10:00" endTime="2025-07-18T22:52:55.3610725+10:00" testType="13cdc9d9-ddb5-4fa4-a97d-d965ccfc6d4b" outcome="Passed" testListId="8c84fa94-04c1-424b-9868-57a2d4851a1d" relativeResultsDirectory="4d506a9e-8d1b-40a3-99e7-b0ee6daadbcc" />
    <UnitTestResult executionId="48a0e220-a307-47a4-821e-11995c39c3b2" testId="5bf3f528-7340-a47c-e2e9-3948a46a75ae" testName="WorkFlo.Infrastructure.Tests.Services.Auth.PasswordHashingServiceTests.incorrect_password_fails_verification" computerName="KOMPUTA" duration="00:00:00.4066072" startTime="2025-07-18T22:53:03.2312817+10:00" endTime="2025-07-18T22:53:03.6378397+10:00" testType="13cdc9d9-ddb5-4fa4-a97d-d965ccfc6d4b" outcome="Passed" testListId="8c84fa94-04c1-424b-9868-57a2d4851a1d" relativeResultsDirectory="48a0e220-a307-47a4-821e-11995c39c3b2" />
    <UnitTestResult executionId="6f1c77f9-ee0b-499e-b778-9dd797da6832" testId="97752442-10ff-9180-683e-f5027abe8481" testName="WorkFlo.Infrastructure.Tests.Unit.Services.HookInstallationServiceTests.developer_can_install_hooks_in_git_repository" computerName="KOMPUTA" duration="00:00:00.0439170" startTime="2025-07-18T22:52:55.2191711+10:00" endTime="2025-07-18T22:52:55.3361875+10:00" testType="13cdc9d9-ddb5-4fa4-a97d-d965ccfc6d4b" outcome="Passed" testListId="8c84fa94-04c1-424b-9868-57a2d4851a1d" relativeResultsDirectory="6f1c77f9-ee0b-499e-b778-9dd797da6832" />
    <UnitTestResult executionId="86e32d8f-e35c-4f28-9c5e-c915d1884ea5" testId="e5adb937-19a8-1be3-c20c-5f594c1058aa" testName="WorkFlo.Infrastructure.Tests.Services.LocalPasswordBreachServiceTests.Common_breached_passwords_are_detectedAsync(password: &quot;123456&quot;)" computerName="KOMPUTA" duration="00:00:00.0000116" startTime="2025-07-18T22:52:55.3317633+10:00" endTime="2025-07-18T22:52:55.3319059+10:00" testType="13cdc9d9-ddb5-4fa4-a97d-d965ccfc6d4b" outcome="Passed" testListId="8c84fa94-04c1-424b-9868-57a2d4851a1d" relativeResultsDirectory="86e32d8f-e35c-4f28-9c5e-c915d1884ea5" />
    <UnitTestResult executionId="d5531c03-d59f-4c38-b691-06123356c751" testId="ea3e720a-eb66-9831-9012-7658e02da3eb" testName="WorkFlo.Infrastructure.Tests.Services.Auth.PasswordHashingServiceTests.password_verification_is_slow_enough_for_security" computerName="KOMPUTA" duration="00:00:00.4098268" startTime="2025-07-18T22:53:02.0064350+10:00" endTime="2025-07-18T22:53:02.4162198+10:00" testType="13cdc9d9-ddb5-4fa4-a97d-d965ccfc6d4b" outcome="Passed" testListId="8c84fa94-04c1-424b-9868-57a2d4851a1d" relativeResultsDirectory="d5531c03-d59f-4c38-b691-06123356c751" />
    <UnitTestResult executionId="8dd8be63-7558-4a92-9fd4-550274ac4b52" testId="dc1e4ce6-e26c-dca9-caa3-077ea097d33e" testName="WorkFlo.Infrastructure.Tests.Services.Auth.MicrosoftOAuthServiceTests.privacy_compliance_no_sensitive_data_loggedAsync" computerName="KOMPUTA" duration="00:00:00.0011287" startTime="2025-07-18T22:52:55.3562447+10:00" endTime="2025-07-18T22:52:55.3565986+10:00" testType="13cdc9d9-ddb5-4fa4-a97d-d965ccfc6d4b" outcome="Passed" testListId="8c84fa94-04c1-424b-9868-57a2d4851a1d" relativeResultsDirectory="8dd8be63-7558-4a92-9fd4-550274ac4b52" />
    <UnitTestResult executionId="e8b95bc2-67bc-4089-837b-c6241f424359" testId="9241c81a-eaa8-0c0d-6311-afb209a51e70" testName="WorkFlo.Infrastructure.Tests.Services.LocalPasswordBreachServiceTests.Null_password_throws_argument_null_exceptionAsync" computerName="KOMPUTA" duration="00:00:00.0160832" startTime="2025-07-18T22:52:55.3344045+10:00" endTime="2025-07-18T22:52:55.3365559+10:00" testType="13cdc9d9-ddb5-4fa4-a97d-d965ccfc6d4b" outcome="Passed" testListId="8c84fa94-04c1-424b-9868-57a2d4851a1d" relativeResultsDirectory="e8b95bc2-67bc-4089-837b-c6241f424359" />
    <UnitTestResult executionId="7a03736d-c462-4b72-ae8f-328e47ae31f4" testId="8aa9a976-c52d-5e9b-957b-087b15d1fa1c" testName="WorkFlo.Infrastructure.Tests.Services.LocalPasswordBreachServiceTests.Common_breached_passwords_are_detectedAsync(password: &quot;PaSsWoRd&quot;)" computerName="KOMPUTA" duration="00:00:00.0000092" startTime="2025-07-18T22:52:55.3312027+10:00" endTime="2025-07-18T22:52:55.3312610+10:00" testType="13cdc9d9-ddb5-4fa4-a97d-d965ccfc6d4b" outcome="Passed" testListId="8c84fa94-04c1-424b-9868-57a2d4851a1d" relativeResultsDirectory="7a03736d-c462-4b72-ae8f-328e47ae31f4" />
    <UnitTestResult executionId="51780f29-8f81-4dbf-a9c0-763491710e92" testId="4438f125-645d-8ed3-ffb8-fc9464d009b5" testName="WorkFlo.Infrastructure.Tests.Services.Auth.GoogleOAuthServiceTests.user_info_retrieval_failure_returns_errorAsync" computerName="KOMPUTA" duration="00:00:00.0007348" startTime="2025-07-18T22:52:55.3607208+10:00" endTime="2025-07-18T22:52:55.3608040+10:00" testType="13cdc9d9-ddb5-4fa4-a97d-d965ccfc6d4b" outcome="Passed" testListId="8c84fa94-04c1-424b-9868-57a2d4851a1d" relativeResultsDirectory="51780f29-8f81-4dbf-a9c0-763491710e92" />
    <UnitTestResult executionId="dbfe5cae-9478-420b-bcc6-dbe69fada13e" testId="df3147b8-23d8-9818-6421-19dd0aba7ab7" testName="WorkFlo.Infrastructure.Tests.Services.Auth.JwtTokenServiceTests.refresh_token_for_wrong_user_fails_validationAsync" computerName="KOMPUTA" duration="00:00:00.0010552" startTime="2025-07-18T22:52:55.3267799+10:00" endTime="2025-07-18T22:52:55.3269308+10:00" testType="13cdc9d9-ddb5-4fa4-a97d-d965ccfc6d4b" outcome="Passed" testListId="8c84fa94-04c1-424b-9868-57a2d4851a1d" relativeResultsDirectory="dbfe5cae-9478-420b-bcc6-dbe69fada13e" />
    <UnitTestResult executionId="42b3e151-3fd0-482c-a675-98ff4690b901" testId="7a9f0f8a-b356-075e-6557-23cbc0d8b989" testName="WorkFlo.Infrastructure.Tests.Services.LocalPasswordBreachServiceTests.Passwords_with_spaces_are_treated_as_differentAsync(password: &quot; password&quot;)" computerName="KOMPUTA" duration="00:00:00.0366591" startTime="2025-07-18T22:52:55.2192239+10:00" endTime="2025-07-18T22:52:55.3274394+10:00" testType="13cdc9d9-ddb5-4fa4-a97d-d965ccfc6d4b" outcome="Passed" testListId="8c84fa94-04c1-424b-9868-57a2d4851a1d" relativeResultsDirectory="42b3e151-3fd0-482c-a675-98ff4690b901" />
    <UnitTestResult executionId="a0cb06e5-51be-44c4-b35d-3f311208008e" testId="9257002b-feab-37ee-12b1-0b932534e014" testName="WorkFlo.Infrastructure.Tests.Services.Auth.GoogleOAuthServiceTests.token_exchange_http_error_returns_failureAsync" computerName="KOMPUTA" duration="00:00:00.0005990" startTime="2025-07-18T22:52:55.3602260+10:00" endTime="2025-07-18T22:52:55.3603035+10:00" testType="13cdc9d9-ddb5-4fa4-a97d-d965ccfc6d4b" outcome="Passed" testListId="8c84fa94-04c1-424b-9868-57a2d4851a1d" relativeResultsDirectory="a0cb06e5-51be-44c4-b35d-3f311208008e" />
    <UnitTestResult executionId="17b3b21a-c6f2-4684-9359-793a896d9c32" testId="100daa72-dc68-bb24-fdeb-eb2a71603c5f" testName="WorkFlo.Infrastructure.Tests.Services.LocalPasswordBreachServiceTests.Common_breached_passwords_are_detectedAsync(password: &quot;PASSWORD&quot;)" computerName="KOMPUTA" duration="00:00:00.0003285" startTime="2025-07-18T22:52:55.3285693+10:00" endTime="2025-07-18T22:52:55.3286560+10:00" testType="13cdc9d9-ddb5-4fa4-a97d-d965ccfc6d4b" outcome="Passed" testListId="8c84fa94-04c1-424b-9868-57a2d4851a1d" relativeResultsDirectory="17b3b21a-c6f2-4684-9359-793a896d9c32" />
    <UnitTestResult executionId="9f5b5ed9-3616-4163-87f9-c43d970d234c" testId="d814bfd8-7f12-411b-b31d-189c13c91243" testName="WorkFlo.Infrastructure.Tests.Services.LocalPasswordBreachServiceTests.Non_breached_passwords_are_not_detectedAsync(password: &quot;UniqueSecureP@ssw0rd!&quot;)" computerName="KOMPUTA" duration="00:00:00.0000181" startTime="2025-07-18T22:52:55.3330542+10:00" endTime="2025-07-18T22:52:55.3331645+10:00" testType="13cdc9d9-ddb5-4fa4-a97d-d965ccfc6d4b" outcome="Passed" testListId="8c84fa94-04c1-424b-9868-57a2d4851a1d" relativeResultsDirectory="9f5b5ed9-3616-4163-87f9-c43d970d234c" />
    <UnitTestResult executionId="854fce72-6182-44ad-8713-07855c4e8077" testId="de98de96-2adc-f1a6-4f45-f092d28f5b5b" testName="WorkFlo.Infrastructure.Tests.Services.Auth.EmailVerificationTokenServiceTests.service_requires_jwt_secret_configuration" computerName="KOMPUTA" duration="00:00:00.0012011" startTime="2025-07-18T22:52:55.3350080+10:00" endTime="2025-07-18T22:52:55.3351309+10:00" testType="13cdc9d9-ddb5-4fa4-a97d-d965ccfc6d4b" outcome="Passed" testListId="8c84fa94-04c1-424b-9868-57a2d4851a1d" relativeResultsDirectory="854fce72-6182-44ad-8713-07855c4e8077" />
    <UnitTestResult executionId="210dcd00-4920-4311-99f4-59aee17a3ff5" testId="a102ddad-c55a-0c83-5f18-0ea084863f17" testName="WorkFlo.Infrastructure.Tests.Services.Auth.GoogleOAuthServiceTests.valid_authorization_code_returns_user_infoAsync" computerName="KOMPUTA" duration="00:00:00.0008047" startTime="2025-07-18T22:52:55.3577957+10:00" endTime="2025-07-18T22:52:55.3584195+10:00" testType="13cdc9d9-ddb5-4fa4-a97d-d965ccfc6d4b" outcome="Passed" testListId="8c84fa94-04c1-424b-9868-57a2d4851a1d" relativeResultsDirectory="210dcd00-4920-4311-99f4-59aee17a3ff5" />
    <UnitTestResult executionId="d0955e45-0756-4dcb-b1cc-f0ab4c843b6f" testId="a9876021-4b9f-3808-9a34-9ec3b2f35d40" testName="WorkFlo.Infrastructure.Tests.Services.Auth.MicrosoftOAuthServiceTests.token_exchange_http_error_returns_failureAsync" computerName="KOMPUTA" duration="00:00:00.0008532" startTime="2025-07-18T22:52:55.3551969+10:00" endTime="2025-07-18T22:52:55.3557496+10:00" testType="13cdc9d9-ddb5-4fa4-a97d-d965ccfc6d4b" outcome="Passed" testListId="8c84fa94-04c1-424b-9868-57a2d4851a1d" relativeResultsDirectory="d0955e45-0756-4dcb-b1cc-f0ab4c843b6f" />
    <UnitTestResult executionId="1868fd02-f9f0-45a3-a4d9-21781652851b" testId="ee9d823c-2ca9-2fa5-927b-6c007361ee12" testName="WorkFlo.Infrastructure.Tests.Services.LocalPasswordBreachServiceTests.Non_breached_passwords_are_not_detectedAsync(password: &quot;MyVeryLongAndComplexPassword123!@#&quot;)" computerName="KOMPUTA" duration="00:00:00.0004804" startTime="2025-07-18T22:52:55.3328303+10:00" endTime="2025-07-18T22:52:55.3329147+10:00" testType="13cdc9d9-ddb5-4fa4-a97d-d965ccfc6d4b" outcome="Passed" testListId="8c84fa94-04c1-424b-9868-57a2d4851a1d" relativeResultsDirectory="1868fd02-f9f0-45a3-a4d9-21781652851b" />
    <UnitTestResult executionId="21c4494f-1a59-4aec-a6f3-b3d90b6db628" testId="b2d2ac58-e4a2-5d3b-bdd1-452474d6238f" testName="WorkFlo.Infrastructure.Tests.Services.Auth.JwtTokenServiceTests.generated_access_token_contains_correct_claimsAsync" computerName="KOMPUTA" duration="00:00:00.0047603" startTime="2025-07-18T22:52:55.3420194+10:00" endTime="2025-07-18T22:52:55.3508445+10:00" testType="13cdc9d9-ddb5-4fa4-a97d-d965ccfc6d4b" outcome="Passed" testListId="8c84fa94-04c1-424b-9868-57a2d4851a1d" relativeResultsDirectory="21c4494f-1a59-4aec-a6f3-b3d90b6db628" />
    <UnitTestResult executionId="bd68c3ea-4c60-4d72-ab8f-e23d2d23786d" testId="09f0d8ae-60eb-5775-7510-004acbd6b3ed" testName="WorkFlo.Infrastructure.Tests.Services.LocalPasswordBreachServiceTests.Passwords_with_spaces_are_treated_as_differentAsync(password: &quot;password &quot;)" computerName="KOMPUTA" duration="00:00:00.0000169" startTime="2025-07-18T22:52:55.3279238+10:00" endTime="2025-07-18T22:52:55.3280316+10:00" testType="13cdc9d9-ddb5-4fa4-a97d-d965ccfc6d4b" outcome="Passed" testListId="8c84fa94-04c1-424b-9868-57a2d4851a1d" relativeResultsDirectory="bd68c3ea-4c60-4d72-ab8f-e23d2d23786d" />
    <UnitTestResult executionId="cff36b04-71b4-4016-aa2b-57476abc3722" testId="ef08fef5-58c0-a2f1-25c6-c0ffac77dce3" testName="WorkFlo.Infrastructure.Tests.Unit.Services.HookInstallationServiceTests.existing_hooks_prevent_installation_without_force" computerName="KOMPUTA" duration="00:00:00.0043470" startTime="2025-07-18T22:52:55.3417851+10:00" endTime="2025-07-18T22:52:55.3515827+10:00" testType="13cdc9d9-ddb5-4fa4-a97d-d965ccfc6d4b" outcome="Passed" testListId="8c84fa94-04c1-424b-9868-57a2d4851a1d" relativeResultsDirectory="cff36b04-71b4-4016-aa2b-57476abc3722" />
    <UnitTestResult executionId="9df7a215-fd21-4c3e-9bf3-5fff2cde66a7" testId="67aaaebd-d5ca-383b-38b1-c157254a5805" testName="WorkFlo.Infrastructure.Tests.Services.Auth.PasswordHashingServiceTests.various_password_formats_can_be_hashed_and_verified(password: &quot;\ud83d\udd12\ud83d\udd10\ud83d\udddd️&quot;)" computerName="KOMPUTA" duration="00:00:00.4142479" startTime="2025-07-18T22:52:55.8702516+10:00" endTime="2025-07-18T22:52:56.2843854+10:00" testType="13cdc9d9-ddb5-4fa4-a97d-d965ccfc6d4b" outcome="Passed" testListId="8c84fa94-04c1-424b-9868-57a2d4851a1d" relativeResultsDirectory="9df7a215-fd21-4c3e-9bf3-5fff2cde66a7" />
    <UnitTestResult executionId="631b73b5-0b53-46c8-aba0-9ddf908e548f" testId="00d44aba-e46e-53c2-1dbf-d70da15670c5" testName="WorkFlo.Infrastructure.Tests.Services.Auth.PasswordHashingServiceTests.hash_contains_proper_bcrypt_work_factor" computerName="KOMPUTA" duration="00:00:00.2023200" startTime="2025-07-18T22:53:03.6381049+10:00" endTime="2025-07-18T22:53:03.8403910+10:00" testType="13cdc9d9-ddb5-4fa4-a97d-d965ccfc6d4b" outcome="Passed" testListId="8c84fa94-04c1-424b-9868-57a2d4851a1d" relativeResultsDirectory="631b73b5-0b53-46c8-aba0-9ddf908e548f" />
    <UnitTestResult executionId="56a5937b-ad83-4089-b2a7-a8ab04bb44d5" testId="4cf34537-9d77-017d-89cc-6de5ed18627b" testName="WorkFlo.Infrastructure.Tests.Services.Auth.MicrosoftOAuthServiceTests.network_timeout_returns_appropriate_errorAsync" computerName="KOMPUTA" duration="00:00:00.0007441" startTime="2025-07-18T22:52:55.3580933+10:00" endTime="2025-07-18T22:52:55.3586687+10:00" testType="13cdc9d9-ddb5-4fa4-a97d-d965ccfc6d4b" outcome="Passed" testListId="8c84fa94-04c1-424b-9868-57a2d4851a1d" relativeResultsDirectory="56a5937b-ad83-4089-b2a7-a8ab04bb44d5" />
    <UnitTestResult executionId="d669c95f-cfa3-4571-969e-2854e6cb68b9" testId="8a1dc74f-14cf-12b3-795b-6f9877cb0573" testName="WorkFlo.Infrastructure.Tests.Services.Auth.MicrosoftOAuthServiceTests.null_redirect_uri_works_correctlyAsync" computerName="KOMPUTA" duration="00:00:00.0004838" startTime="2025-07-18T22:52:55.3575128+10:00" endTime="2025-07-18T22:52:55.3578702+10:00" testType="13cdc9d9-ddb5-4fa4-a97d-d965ccfc6d4b" outcome="Passed" testListId="8c84fa94-04c1-424b-9868-57a2d4851a1d" relativeResultsDirectory="d669c95f-cfa3-4571-969e-2854e6cb68b9" />
    <UnitTestResult executionId="3c662a85-15c0-4953-ab84-7648672e3854" testId="80a1d5af-d3d4-518b-23fd-09772839900b" testName="WorkFlo.Infrastructure.Tests.Unit.Services.HookInstallationServiceTests.installed_hooks_call_workflo_validate_command" computerName="KOMPUTA" duration="00:00:00.0217034" startTime="2025-07-18T22:52:55.3363437+10:00" endTime="2025-07-18T22:52:55.3408745+10:00" testType="13cdc9d9-ddb5-4fa4-a97d-d965ccfc6d4b" outcome="Passed" testListId="8c84fa94-04c1-424b-9868-57a2d4851a1d" relativeResultsDirectory="3c662a85-15c0-4953-ab84-7648672e3854" />
    <UnitTestResult executionId="9836604a-2ac9-44e8-a9bf-c176989e9b74" testId="ef74368a-9e91-639b-d93c-4f20867fe8be" testName="WorkFlo.Infrastructure.Tests.Services.Auth.PasswordHashingServiceTests.valid_password_can_be_hashed" computerName="KOMPUTA" duration="00:00:00.2029409" startTime="2025-07-18T22:53:01.8031649+10:00" endTime="2025-07-18T22:53:02.0061336+10:00" testType="13cdc9d9-ddb5-4fa4-a97d-d965ccfc6d4b" outcome="Passed" testListId="8c84fa94-04c1-424b-9868-57a2d4851a1d" relativeResultsDirectory="9836604a-2ac9-44e8-a9bf-c176989e9b74" />
    <UnitTestResult executionId="ae59ee58-046d-444e-ab4a-a1512cc546c9" testId="f2ab1a96-a5cf-2be4-067d-a75f2c770a48" testName="WorkFlo.Infrastructure.Tests.Services.Auth.EmailVerificationTokenServiceTests.service_uses_default_values_for_optional_configuration" computerName="KOMPUTA" duration="00:00:00.0010020" startTime="2025-07-18T22:52:55.3532539+10:00" endTime="2025-07-18T22:52:55.3535840+10:00" testType="13cdc9d9-ddb5-4fa4-a97d-d965ccfc6d4b" outcome="Passed" testListId="8c84fa94-04c1-424b-9868-57a2d4851a1d" relativeResultsDirectory="ae59ee58-046d-444e-ab4a-a1512cc546c9" />
    <UnitTestResult executionId="a12e22aa-6884-4915-b95d-4bbd09b91986" testId="3678eb59-12de-69e5-0a42-a70474bbc59e" testName="WorkFlo.Infrastructure.Tests.Services.Auth.PasswordHashingServiceTests.null_password_throws_exception" computerName="KOMPUTA" duration="00:00:00.0001185" startTime="2025-07-18T22:53:04.2519777+10:00" endTime="2025-07-18T22:53:04.2520318+10:00" testType="13cdc9d9-ddb5-4fa4-a97d-d965ccfc6d4b" outcome="Passed" testListId="8c84fa94-04c1-424b-9868-57a2d4851a1d" relativeResultsDirectory="a12e22aa-6884-4915-b95d-4bbd09b91986" />
    <UnitTestResult executionId="938f54da-017f-4a08-9af6-e5790b7512f7" testId="a10f0108-01f0-bdae-7538-64d4205fbd9f" testName="WorkFlo.Infrastructure.Tests.Services.Auth.MicrosoftOAuthServiceTests.invalid_authorization_code_returns_failureAsync" computerName="KOMPUTA" duration="00:00:00.0938819" startTime="2025-07-18T22:52:55.2199026+10:00" endTime="2025-07-18T22:52:55.3420975+10:00" testType="13cdc9d9-ddb5-4fa4-a97d-d965ccfc6d4b" outcome="Passed" testListId="8c84fa94-04c1-424b-9868-57a2d4851a1d" relativeResultsDirectory="938f54da-017f-4a08-9af6-e5790b7512f7" />
    <UnitTestResult executionId="691ecc6e-3724-4fe6-b89e-c1622d44a626" testId="9ff68046-52ee-b73a-6f86-67f287da4da3" testName="WorkFlo.Infrastructure.Tests.Services.Auth.JwtTokenServiceTests.user_id_can_be_extracted_from_valid_tokenAsync" computerName="KOMPUTA" duration="00:00:00.0054729" startTime="2025-07-18T22:52:55.3535148+10:00" endTime="2025-07-18T22:52:55.3555755+10:00" testType="13cdc9d9-ddb5-4fa4-a97d-d965ccfc6d4b" outcome="Passed" testListId="8c84fa94-04c1-424b-9868-57a2d4851a1d" relativeResultsDirectory="691ecc6e-3724-4fe6-b89e-c1622d44a626" />
    <UnitTestResult executionId="4ee83850-d3a9-48f0-bc19-9a73fed13307" testId="5918c293-c80f-39e8-a2a8-c32843d0f001" testName="WorkFlo.Infrastructure.Tests.Services.Auth.PasswordHashingServiceTests.correct_password_verifies_successfully" computerName="KOMPUTA" duration="00:00:00.4085285" startTime="2025-07-18T22:53:01.3951424+10:00" endTime="2025-07-18T22:53:01.8021797+10:00" testType="13cdc9d9-ddb5-4fa4-a97d-d965ccfc6d4b" outcome="Passed" testListId="8c84fa94-04c1-424b-9868-57a2d4851a1d" relativeResultsDirectory="4ee83850-d3a9-48f0-bc19-9a73fed13307" />
    <UnitTestResult executionId="a707e6f3-640b-499a-ad2a-35f0afdbd733" testId="aa97ed2b-20b3-a5d2-a0e4-43ad5c0893f7" testName="WorkFlo.Infrastructure.Tests.Services.Auth.EmailVerificationTokenServiceTests.null_token_returns_errorAsync" computerName="KOMPUTA" duration="00:00:00.0477716" startTime="2025-07-18T22:52:55.2198645+10:00" endTime="2025-07-18T22:52:55.3347968+10:00" testType="13cdc9d9-ddb5-4fa4-a97d-d965ccfc6d4b" outcome="Passed" testListId="8c84fa94-04c1-424b-9868-57a2d4851a1d" relativeResultsDirectory="a707e6f3-640b-499a-ad2a-35f0afdbd733" />
    <UnitTestResult executionId="4ce802ed-56ab-45e0-8bb6-3efcdb06bc36" testId="6b2199ff-4db5-b4c2-adfe-4d8738c051e0" testName="WorkFlo.Infrastructure.Tests.Services.Auth.GoogleOAuthServiceTests.network_timeout_returns_appropriate_errorAsync" computerName="KOMPUTA" duration="00:00:00.0089666" startTime="2025-07-18T22:52:55.3585901+10:00" endTime="2025-07-18T22:52:55.3590188+10:00" testType="13cdc9d9-ddb5-4fa4-a97d-d965ccfc6d4b" outcome="Passed" testListId="8c84fa94-04c1-424b-9868-57a2d4851a1d" relativeResultsDirectory="4ce802ed-56ab-45e0-8bb6-3efcdb06bc36" />
    <UnitTestResult executionId="47ec5754-324c-410a-a6b1-bcccc69e5e59" testId="7c70eb7b-b098-38bf-dc7a-7c5e43f8a777" testName="WorkFlo.Infrastructure.Tests.Services.LocalPasswordBreachServiceTests.Empty_password_is_not_breachedAsync" computerName="KOMPUTA" duration="00:00:00.0005312" startTime="2025-07-18T22:52:55.3320890+10:00" endTime="2025-07-18T22:52:55.3321904+10:00" testType="13cdc9d9-ddb5-4fa4-a97d-d965ccfc6d4b" outcome="Passed" testListId="8c84fa94-04c1-424b-9868-57a2d4851a1d" relativeResultsDirectory="47ec5754-324c-410a-a6b1-bcccc69e5e59" />
    <UnitTestResult executionId="c246d649-4c88-44fe-9f9b-ed1fe1ff8c67" testId="cd99a492-300c-3b42-7f04-bb1d48279198" testName="WorkFlo.Infrastructure.Tests.Services.Auth.EmailVerificationTokenServiceTests.token_service_generates_valid_tokenAsync" computerName="KOMPUTA" duration="00:00:00.0021501" startTime="2025-07-18T22:52:55.3527044+10:00" endTime="2025-07-18T22:52:55.3530482+10:00" testType="13cdc9d9-ddb5-4fa4-a97d-d965ccfc6d4b" outcome="Passed" testListId="8c84fa94-04c1-424b-9868-57a2d4851a1d" relativeResultsDirectory="c246d649-4c88-44fe-9f9b-ed1fe1ff8c67" />
    <UnitTestResult executionId="47644f6c-f032-407a-baeb-83f7f5d95719" testId="3e124039-5753-eab5-85cc-e4b5a1daf2ee" testName="WorkFlo.Infrastructure.Tests.Services.Auth.PasswordHashingServiceTests.verification_with_null_password_throws_exception" computerName="KOMPUTA" duration="00:00:00.2029800" startTime="2025-07-18T22:53:03.8423097+10:00" endTime="2025-07-18T22:53:04.0452268+10:00" testType="13cdc9d9-ddb5-4fa4-a97d-d965ccfc6d4b" outcome="Passed" testListId="8c84fa94-04c1-424b-9868-57a2d4851a1d" relativeResultsDirectory="47644f6c-f032-407a-baeb-83f7f5d95719" />
    <UnitTestResult executionId="f6a7a74f-9b3a-4633-b165-378ba8ee1bb4" testId="7af83cbb-6c63-6cf8-993f-4484baa0ef9a" testName="WorkFlo.Infrastructure.Tests.Services.Auth.EmailVerificationTokenServiceTests.token_with_different_secret_is_rejectedAsync" computerName="KOMPUTA" duration="00:00:00.0017713" startTime="2025-07-18T22:52:55.3554905+10:00" endTime="2025-07-18T22:52:55.3563174+10:00" testType="13cdc9d9-ddb5-4fa4-a97d-d965ccfc6d4b" outcome="Passed" testListId="8c84fa94-04c1-424b-9868-57a2d4851a1d" relativeResultsDirectory="f6a7a74f-9b3a-4633-b165-378ba8ee1bb4" />
    <UnitTestResult executionId="7fda002a-66e7-4c20-9bdc-ab6b077d6a41" testId="f7a34190-bae1-0ed1-3afc-65f199bd9e45" testName="WorkFlo.Infrastructure.Tests.Services.LocalPasswordBreachServiceTests.Non_breached_passwords_are_not_detectedAsync(password: &quot;NotInBreachList2024&quot;)" computerName="KOMPUTA" duration="00:00:00.0008503" startTime="2025-07-18T22:52:55.3324531+10:00" endTime="2025-07-18T22:52:55.3326355+10:00" testType="13cdc9d9-ddb5-4fa4-a97d-d965ccfc6d4b" outcome="Passed" testListId="8c84fa94-04c1-424b-9868-57a2d4851a1d" relativeResultsDirectory="7fda002a-66e7-4c20-9bdc-ab6b077d6a41" />
    <UnitTestResult executionId="20ee59e6-790b-4e43-bffa-6d72d9c4bc91" testId="4c36595e-1acd-9b6b-971c-708a8fbed8c0" testName="WorkFlo.Infrastructure.Tests.Services.Auth.PasswordHashingServiceTests.verification_with_empty_password_throws_exception" computerName="KOMPUTA" duration="00:00:00.2053149" startTime="2025-07-18T22:53:04.0456534+10:00" endTime="2025-07-18T22:53:04.2506722+10:00" testType="13cdc9d9-ddb5-4fa4-a97d-d965ccfc6d4b" outcome="Passed" testListId="8c84fa94-04c1-424b-9868-57a2d4851a1d" relativeResultsDirectory="20ee59e6-790b-4e43-bffa-6d72d9c4bc91" />
    <UnitTestResult executionId="a23f5e52-3472-473c-9820-57d8c04af4cb" testId="07bc9ae8-b2cb-04fe-76eb-4c03b7e82c35" testName="WorkFlo.Infrastructure.Tests.Services.Auth.EmailVerificationTokenServiceTests.expired_token_is_rejectedAsync" computerName="KOMPUTA" duration="00:00:00.0035344" startTime="2025-07-18T22:52:55.3549393+10:00" endTime="2025-07-18T22:52:55.3552834+10:00" testType="13cdc9d9-ddb5-4fa4-a97d-d965ccfc6d4b" outcome="Passed" testListId="8c84fa94-04c1-424b-9868-57a2d4851a1d" relativeResultsDirectory="a23f5e52-3472-473c-9820-57d8c04af4cb" />
    <UnitTestResult executionId="90f3aa86-0052-486f-944b-1ef868759ef9" testId="4c4f26d1-9e05-26a1-2a7e-2f41a7723280" testName="WorkFlo.Infrastructure.Tests.Services.Auth.EmailVerificationTokenServiceTests.invalid_token_returns_errorAsync" computerName="KOMPUTA" duration="00:00:00.0169718" startTime="2025-07-18T22:52:55.3352708+10:00" endTime="2025-07-18T22:52:55.3368868+10:00" testType="13cdc9d9-ddb5-4fa4-a97d-d965ccfc6d4b" outcome="Passed" testListId="8c84fa94-04c1-424b-9868-57a2d4851a1d" relativeResultsDirectory="90f3aa86-0052-486f-944b-1ef868759ef9" />
    <UnitTestResult executionId="2f6fac36-c5c9-4496-9200-72bd7c25519b" testId="c6198b7b-fab8-0135-0483-8c8d81d7d023" testName="WorkFlo.Infrastructure.Tests.Services.Auth.JwtTokenServiceTests.tampered_token_fails_validationAsync" computerName="KOMPUTA" duration="00:00:00.0611093" startTime="2025-07-18T22:52:55.3273182+10:00" endTime="2025-07-18T22:52:55.3418752+10:00" testType="13cdc9d9-ddb5-4fa4-a97d-d965ccfc6d4b" outcome="Passed" testListId="8c84fa94-04c1-424b-9868-57a2d4851a1d" relativeResultsDirectory="2f6fac36-c5c9-4496-9200-72bd7c25519b" />
    <UnitTestResult executionId="da9f1991-7552-44b6-80c5-a0014db5f80d" testId="03fe380d-1d26-68f3-684f-b0f2325487ad" testName="WorkFlo.Infrastructure.Tests.Services.Auth.JwtTokenServiceTests.refresh_token_is_cryptographically_secureAsync" computerName="KOMPUTA" duration="00:00:00.0076039" startTime="2025-07-18T22:52:55.2699825+10:00" endTime="2025-07-18T22:52:55.2701445+10:00" testType="13cdc9d9-ddb5-4fa4-a97d-d965ccfc6d4b" outcome="Passed" testListId="8c84fa94-04c1-424b-9868-57a2d4851a1d" relativeResultsDirectory="da9f1991-7552-44b6-80c5-a0014db5f80d" />
  </Results>
  <TestDefinitions>
    <UnitTest name="WorkFlo.Infrastructure.Tests.Services.Auth.PasswordHashingServiceTests.various_password_formats_can_be_hashed_and_verified(password: &quot;\ud83d\udd12\ud83d\udd10\ud83d\udddd️&quot;)" storage="/home/dan/code/workflo/tests/workflo.infrastructure.tests/bin/debug/net9.0/workflo.infrastructure.tests.dll" id="67aaaebd-d5ca-383b-38b1-c157254a5805">
      <Execution id="9df7a215-fd21-4c3e-9bf3-5fff2cde66a7" />
      <TestMethod codeBase="/home/dan/code/WorkFlo/tests/WorkFlo.Infrastructure.Tests/bin/Debug/net9.0/WorkFlo.Infrastructure.Tests.dll" adapterTypeName="executor://xunit/VsTestRunner3/netcore/" className="WorkFlo.Infrastructure.Tests.Services.Auth.PasswordHashingServiceTests" name="various_password_formats_can_be_hashed_and_verified" />
    </UnitTest>
    <UnitTest name="WorkFlo.Infrastructure.Tests.Services.Auth.PasswordHashingServiceTests.null_password_throws_exception" storage="/home/dan/code/workflo/tests/workflo.infrastructure.tests/bin/debug/net9.0/workflo.infrastructure.tests.dll" id="3678eb59-12de-69e5-0a42-a70474bbc59e">
      <Execution id="a12e22aa-6884-4915-b95d-4bbd09b91986" />
      <TestMethod codeBase="/home/dan/code/WorkFlo/tests/WorkFlo.Infrastructure.Tests/bin/Debug/net9.0/WorkFlo.Infrastructure.Tests.dll" adapterTypeName="executor://xunit/VsTestRunner3/netcore/" className="WorkFlo.Infrastructure.Tests.Services.Auth.PasswordHashingServiceTests" name="null_password_throws_exception" />
    </UnitTest>
    <UnitTest name="WorkFlo.Infrastructure.Tests.Services.Auth.PasswordHashingServiceTests.password_verification_is_slow_enough_for_security" storage="/home/dan/code/workflo/tests/workflo.infrastructure.tests/bin/debug/net9.0/workflo.infrastructure.tests.dll" id="ea3e720a-eb66-9831-9012-7658e02da3eb">
      <Execution id="d5531c03-d59f-4c38-b691-06123356c751" />
      <TestMethod codeBase="/home/dan/code/WorkFlo/tests/WorkFlo.Infrastructure.Tests/bin/Debug/net9.0/WorkFlo.Infrastructure.Tests.dll" adapterTypeName="executor://xunit/VsTestRunner3/netcore/" className="WorkFlo.Infrastructure.Tests.Services.Auth.PasswordHashingServiceTests" name="password_verification_is_slow_enough_for_security" />
    </UnitTest>
    <UnitTest name="WorkFlo.Infrastructure.Tests.Services.Auth.GoogleOAuthServiceTests.provider_name_is_google" storage="/home/dan/code/workflo/tests/workflo.infrastructure.tests/bin/debug/net9.0/workflo.infrastructure.tests.dll" id="027d61dd-bd50-2ab5-1405-2cd4bef0cb9e">
      <Execution id="9f229c93-b5a5-4ad9-b8dd-a2e8e68ad2be" />
      <TestMethod codeBase="/home/dan/code/WorkFlo/tests/WorkFlo.Infrastructure.Tests/bin/Debug/net9.0/WorkFlo.Infrastructure.Tests.dll" adapterTypeName="executor://xunit/VsTestRunner3/netcore/" className="WorkFlo.Infrastructure.Tests.Services.Auth.GoogleOAuthServiceTests" name="provider_name_is_google" />
    </UnitTest>
    <UnitTest name="WorkFlo.Infrastructure.Tests.Services.Auth.JwtTokenServiceTests.remember_me_extends_token_expiry" storage="/home/dan/code/workflo/tests/workflo.infrastructure.tests/bin/debug/net9.0/workflo.infrastructure.tests.dll" id="69f57ee6-9bae-3fac-f397-6eea8f0f30b1">
      <Execution id="2643f177-b857-40cf-a1bc-15f8c6dd8fb5" />
      <TestMethod codeBase="/home/dan/code/WorkFlo/tests/WorkFlo.Infrastructure.Tests/bin/Debug/net9.0/WorkFlo.Infrastructure.Tests.dll" adapterTypeName="executor://xunit/VsTestRunner3/netcore/" className="WorkFlo.Infrastructure.Tests.Services.Auth.JwtTokenServiceTests" name="remember_me_extends_token_expiry" />
    </UnitTest>
    <UnitTest name="WorkFlo.Infrastructure.Tests.Services.LocalPasswordBreachServiceTests.Common_breached_passwords_are_detectedAsync(password: &quot;123456&quot;)" storage="/home/dan/code/workflo/tests/workflo.infrastructure.tests/bin/debug/net9.0/workflo.infrastructure.tests.dll" id="e5adb937-19a8-1be3-c20c-5f594c1058aa">
      <Execution id="86e32d8f-e35c-4f28-9c5e-c915d1884ea5" />
      <TestMethod codeBase="/home/dan/code/WorkFlo/tests/WorkFlo.Infrastructure.Tests/bin/Debug/net9.0/WorkFlo.Infrastructure.Tests.dll" adapterTypeName="executor://xunit/VsTestRunner3/netcore/" className="WorkFlo.Infrastructure.Tests.Services.LocalPasswordBreachServiceTests" name="Common_breached_passwords_are_detectedAsync" />
    </UnitTest>
    <UnitTest name="WorkFlo.Infrastructure.Tests.Services.Auth.EmailVerificationTokenServiceTests.token_with_different_secret_is_rejectedAsync" storage="/home/dan/code/workflo/tests/workflo.infrastructure.tests/bin/debug/net9.0/workflo.infrastructure.tests.dll" id="7af83cbb-6c63-6cf8-993f-4484baa0ef9a">
      <Execution id="f6a7a74f-9b3a-4633-b165-378ba8ee1bb4" />
      <TestMethod codeBase="/home/dan/code/WorkFlo/tests/WorkFlo.Infrastructure.Tests/bin/Debug/net9.0/WorkFlo.Infrastructure.Tests.dll" adapterTypeName="executor://xunit/VsTestRunner3/netcore/" className="WorkFlo.Infrastructure.Tests.Services.Auth.EmailVerificationTokenServiceTests" name="token_with_different_secret_is_rejectedAsync" />
    </UnitTest>
    <UnitTest name="WorkFlo.Infrastructure.Tests.Services.Auth.JwtTokenServiceTests.refresh_token_for_wrong_user_fails_validationAsync" storage="/home/dan/code/workflo/tests/workflo.infrastructure.tests/bin/debug/net9.0/workflo.infrastructure.tests.dll" id="df3147b8-23d8-9818-6421-19dd0aba7ab7">
      <Execution id="dbfe5cae-9478-420b-bcc6-dbe69fada13e" />
      <TestMethod codeBase="/home/dan/code/WorkFlo/tests/WorkFlo.Infrastructure.Tests/bin/Debug/net9.0/WorkFlo.Infrastructure.Tests.dll" adapterTypeName="executor://xunit/VsTestRunner3/netcore/" className="WorkFlo.Infrastructure.Tests.Services.Auth.JwtTokenServiceTests" name="refresh_token_for_wrong_user_fails_validationAsync" />
    </UnitTest>
    <UnitTest name="WorkFlo.Infrastructure.Tests.Services.LocalPasswordBreachServiceTests.Empty_password_is_not_breachedAsync" storage="/home/dan/code/workflo/tests/workflo.infrastructure.tests/bin/debug/net9.0/workflo.infrastructure.tests.dll" id="7c70eb7b-b098-38bf-dc7a-7c5e43f8a777">
      <Execution id="47ec5754-324c-410a-a6b1-bcccc69e5e59" />
      <TestMethod codeBase="/home/dan/code/WorkFlo/tests/WorkFlo.Infrastructure.Tests/bin/Debug/net9.0/WorkFlo.Infrastructure.Tests.dll" adapterTypeName="executor://xunit/VsTestRunner3/netcore/" className="WorkFlo.Infrastructure.Tests.Services.LocalPasswordBreachServiceTests" name="Empty_password_is_not_breachedAsync" />
    </UnitTest>
    <UnitTest name="WorkFlo.Infrastructure.Tests.Services.Auth.JwtTokenServiceTests.valid_user_can_generate_access_tokenAsync" storage="/home/dan/code/workflo/tests/workflo.infrastructure.tests/bin/debug/net9.0/workflo.infrastructure.tests.dll" id="1ba797af-c4fa-dd69-45af-ef968ae91115">
      <Execution id="0c90a99c-4c0c-49de-a6e1-c3bd5183e0fa" />
      <TestMethod codeBase="/home/dan/code/WorkFlo/tests/WorkFlo.Infrastructure.Tests/bin/Debug/net9.0/WorkFlo.Infrastructure.Tests.dll" adapterTypeName="executor://xunit/VsTestRunner3/netcore/" className="WorkFlo.Infrastructure.Tests.Services.Auth.JwtTokenServiceTests" name="valid_user_can_generate_access_tokenAsync" />
    </UnitTest>
    <UnitTest name="WorkFlo.Infrastructure.Tests.Services.Auth.PasswordHashingServiceTests.verification_with_null_password_throws_exception" storage="/home/dan/code/workflo/tests/workflo.infrastructure.tests/bin/debug/net9.0/workflo.infrastructure.tests.dll" id="3e124039-5753-eab5-85cc-e4b5a1daf2ee">
      <Execution id="47644f6c-f032-407a-baeb-83f7f5d95719" />
      <TestMethod codeBase="/home/dan/code/WorkFlo/tests/WorkFlo.Infrastructure.Tests/bin/Debug/net9.0/WorkFlo.Infrastructure.Tests.dll" adapterTypeName="executor://xunit/VsTestRunner3/netcore/" className="WorkFlo.Infrastructure.Tests.Services.Auth.PasswordHashingServiceTests" name="verification_with_null_password_throws_exception" />
    </UnitTest>
    <UnitTest name="WorkFlo.Infrastructure.Tests.Services.Auth.GoogleOAuthServiceTests.valid_authorization_code_returns_user_infoAsync" storage="/home/dan/code/workflo/tests/workflo.infrastructure.tests/bin/debug/net9.0/workflo.infrastructure.tests.dll" id="a102ddad-c55a-0c83-5f18-0ea084863f17">
      <Execution id="210dcd00-4920-4311-99f4-59aee17a3ff5" />
      <TestMethod codeBase="/home/dan/code/WorkFlo/tests/WorkFlo.Infrastructure.Tests/bin/Debug/net9.0/WorkFlo.Infrastructure.Tests.dll" adapterTypeName="executor://xunit/VsTestRunner3/netcore/" className="WorkFlo.Infrastructure.Tests.Services.Auth.GoogleOAuthServiceTests" name="valid_authorization_code_returns_user_infoAsync" />
    </UnitTest>
    <UnitTest name="WorkFlo.Infrastructure.Tests.Services.EmailServiceTests.SendVerificationEmailAsync_ValidEmail_EmailSentSuccessfullyAsync" storage="/home/dan/code/workflo/tests/workflo.infrastructure.tests/bin/debug/net9.0/workflo.infrastructure.tests.dll" id="c4a44598-4167-c682-2b6b-891d361dd9ce">
      <Execution id="c4a1618e-6e49-49f5-afcf-6bbbc1193e8d" />
      <TestMethod codeBase="/home/dan/code/WorkFlo/tests/WorkFlo.Infrastructure.Tests/bin/Debug/net9.0/WorkFlo.Infrastructure.Tests.dll" adapterTypeName="executor://xunit/VsTestRunner3/netcore/" className="WorkFlo.Infrastructure.Tests.Services.EmailServiceTests" name="SendVerificationEmailAsync_ValidEmail_EmailSentSuccessfullyAsync" />
    </UnitTest>
    <UnitTest name="WorkFlo.Infrastructure.Tests.Services.Auth.MicrosoftOAuthServiceTests.provider_name_is_microsoft" storage="/home/dan/code/workflo/tests/workflo.infrastructure.tests/bin/debug/net9.0/workflo.infrastructure.tests.dll" id="8322bb12-5450-d4b3-b13e-cee9ebac26f9">
      <Execution id="175dfcec-ab4f-4b49-bf94-7e752c8170b6" />
      <TestMethod codeBase="/home/dan/code/WorkFlo/tests/WorkFlo.Infrastructure.Tests/bin/Debug/net9.0/WorkFlo.Infrastructure.Tests.dll" adapterTypeName="executor://xunit/VsTestRunner3/netcore/" className="WorkFlo.Infrastructure.Tests.Services.Auth.MicrosoftOAuthServiceTests" name="provider_name_is_microsoft" />
    </UnitTest>
    <UnitTest name="WorkFlo.Infrastructure.Tests.Services.LocalPasswordBreachServiceTests.Null_password_throws_argument_null_exceptionAsync" storage="/home/dan/code/workflo/tests/workflo.infrastructure.tests/bin/debug/net9.0/workflo.infrastructure.tests.dll" id="9241c81a-eaa8-0c0d-6311-afb209a51e70">
      <Execution id="e8b95bc2-67bc-4089-837b-c6241f424359" />
      <TestMethod codeBase="/home/dan/code/WorkFlo/tests/WorkFlo.Infrastructure.Tests/bin/Debug/net9.0/WorkFlo.Infrastructure.Tests.dll" adapterTypeName="executor://xunit/VsTestRunner3/netcore/" className="WorkFlo.Infrastructure.Tests.Services.LocalPasswordBreachServiceTests" name="Null_password_throws_argument_null_exceptionAsync" />
    </UnitTest>
    <UnitTest name="WorkFlo.Infrastructure.Tests.Services.Auth.JwtTokenServiceTests.tampered_token_fails_validationAsync" storage="/home/dan/code/workflo/tests/workflo.infrastructure.tests/bin/debug/net9.0/workflo.infrastructure.tests.dll" id="c6198b7b-fab8-0135-0483-8c8d81d7d023">
      <Execution id="2f6fac36-c5c9-4496-9200-72bd7c25519b" />
      <TestMethod codeBase="/home/dan/code/WorkFlo/tests/WorkFlo.Infrastructure.Tests/bin/Debug/net9.0/WorkFlo.Infrastructure.Tests.dll" adapterTypeName="executor://xunit/VsTestRunner3/netcore/" className="WorkFlo.Infrastructure.Tests.Services.Auth.JwtTokenServiceTests" name="tampered_token_fails_validationAsync" />
    </UnitTest>
    <UnitTest name="WorkFlo.Infrastructure.Tests.Services.Auth.JwtTokenServiceTests.user_id_can_be_extracted_from_valid_tokenAsync" storage="/home/dan/code/workflo/tests/workflo.infrastructure.tests/bin/debug/net9.0/workflo.infrastructure.tests.dll" id="9ff68046-52ee-b73a-6f86-67f287da4da3">
      <Execution id="691ecc6e-3724-4fe6-b89e-c1622d44a626" />
      <TestMethod codeBase="/home/dan/code/WorkFlo/tests/WorkFlo.Infrastructure.Tests/bin/Debug/net9.0/WorkFlo.Infrastructure.Tests.dll" adapterTypeName="executor://xunit/VsTestRunner3/netcore/" className="WorkFlo.Infrastructure.Tests.Services.Auth.JwtTokenServiceTests" name="user_id_can_be_extracted_from_valid_tokenAsync" />
    </UnitTest>
    <UnitTest name="WorkFlo.Infrastructure.Tests.Services.Auth.PasswordHashingServiceTests.verification_with_invalid_hash_returns_false" storage="/home/dan/code/workflo/tests/workflo.infrastructure.tests/bin/debug/net9.0/workflo.infrastructure.tests.dll" id="d450ec95-be19-8ca1-176b-207a9e0b94f8">
      <Execution id="9e83da3b-35d0-4f1f-932c-2ba48d51a537" />
      <TestMethod codeBase="/home/dan/code/WorkFlo/tests/WorkFlo.Infrastructure.Tests/bin/Debug/net9.0/WorkFlo.Infrastructure.Tests.dll" adapterTypeName="executor://xunit/VsTestRunner3/netcore/" className="WorkFlo.Infrastructure.Tests.Services.Auth.PasswordHashingServiceTests" name="verification_with_invalid_hash_returns_false" />
    </UnitTest>
    <UnitTest name="WorkFlo.Infrastructure.Tests.Services.Auth.EmailVerificationTokenServiceTests.token_with_different_purpose_is_rejectedAsync" storage="/home/dan/code/workflo/tests/workflo.infrastructure.tests/bin/debug/net9.0/workflo.infrastructure.tests.dll" id="5288bf8c-dd60-7f01-a49c-ab5d29436c07">
      <Execution id="a1615259-239a-4a57-8d10-3e95c7f35a92" />
      <TestMethod codeBase="/home/dan/code/WorkFlo/tests/WorkFlo.Infrastructure.Tests/bin/Debug/net9.0/WorkFlo.Infrastructure.Tests.dll" adapterTypeName="executor://xunit/VsTestRunner3/netcore/" className="WorkFlo.Infrastructure.Tests.Services.Auth.EmailVerificationTokenServiceTests" name="token_with_different_purpose_is_rejectedAsync" />
    </UnitTest>
    <UnitTest name="WorkFlo.Infrastructure.Tests.Services.LocalPasswordBreachServiceTests.Case_insensitive_detection_works_correctlyAsync" storage="/home/dan/code/workflo/tests/workflo.infrastructure.tests/bin/debug/net9.0/workflo.infrastructure.tests.dll" id="5ca68fb0-f84f-489c-d1d7-7fd4c3bbf91c">
      <Execution id="ad6625e1-9b31-4f80-aafa-9100bd4fd45f" />
      <TestMethod codeBase="/home/dan/code/WorkFlo/tests/WorkFlo.Infrastructure.Tests/bin/Debug/net9.0/WorkFlo.Infrastructure.Tests.dll" adapterTypeName="executor://xunit/VsTestRunner3/netcore/" className="WorkFlo.Infrastructure.Tests.Services.LocalPasswordBreachServiceTests" name="Case_insensitive_detection_works_correctlyAsync" />
    </UnitTest>
    <UnitTest name="WorkFlo.Infrastructure.Tests.Services.Auth.PasswordHashingServiceTests.various_password_formats_can_be_hashed_and_verified(password: &quot;a&quot;)" storage="/home/dan/code/workflo/tests/workflo.infrastructure.tests/bin/debug/net9.0/workflo.infrastructure.tests.dll" id="37d167cf-27e5-6d4c-c44e-31524593d11a">
      <Execution id="ecf0cdc0-bbc0-41b9-a09f-e390baca9dc2" />
      <TestMethod codeBase="/home/dan/code/WorkFlo/tests/WorkFlo.Infrastructure.Tests/bin/Debug/net9.0/WorkFlo.Infrastructure.Tests.dll" adapterTypeName="executor://xunit/VsTestRunner3/netcore/" className="WorkFlo.Infrastructure.Tests.Services.Auth.PasswordHashingServiceTests" name="various_password_formats_can_be_hashed_and_verified" />
    </UnitTest>
    <UnitTest name="WorkFlo.Infrastructure.Tests.Services.LocalPasswordBreachServiceTests.Common_breached_passwords_are_detectedAsync(password: &quot;admin&quot;)" storage="/home/dan/code/workflo/tests/workflo.infrastructure.tests/bin/debug/net9.0/workflo.infrastructure.tests.dll" id="83aaaada-b2b9-1100-3338-55cfcf12ccc7">
      <Execution id="deff3782-79c9-4a72-b99b-17614d3d22e8" />
      <TestMethod codeBase="/home/dan/code/WorkFlo/tests/WorkFlo.Infrastructure.Tests/bin/Debug/net9.0/WorkFlo.Infrastructure.Tests.dll" adapterTypeName="executor://xunit/VsTestRunner3/netcore/" className="WorkFlo.Infrastructure.Tests.Services.LocalPasswordBreachServiceTests" name="Common_breached_passwords_are_detectedAsync" />
    </UnitTest>
    <UnitTest name="WorkFlo.Infrastructure.Tests.Services.Auth.PasswordHashingServiceTests.various_password_formats_can_be_hashed_and_verified(password: &quot;P@ssw0rd123!@#$%^&amp;*()&quot;)" storage="/home/dan/code/workflo/tests/workflo.infrastructure.tests/bin/debug/net9.0/workflo.infrastructure.tests.dll" id="d013d669-819a-1b32-b302-9eee19199870">
      <Execution id="c5a638c0-765a-4057-b48e-b39670a1a890" />
      <TestMethod codeBase="/home/dan/code/WorkFlo/tests/WorkFlo.Infrastructure.Tests/bin/Debug/net9.0/WorkFlo.Infrastructure.Tests.dll" adapterTypeName="executor://xunit/VsTestRunner3/netcore/" className="WorkFlo.Infrastructure.Tests.Services.Auth.PasswordHashingServiceTests" name="various_password_formats_can_be_hashed_and_verified" />
    </UnitTest>
    <UnitTest name="WorkFlo.Infrastructure.Tests.Services.LocalPasswordBreachServiceTests.Common_breached_passwords_are_detectedAsync(password: &quot;password&quot;)" storage="/home/dan/code/workflo/tests/workflo.infrastructure.tests/bin/debug/net9.0/workflo.infrastructure.tests.dll" id="706b3ddf-785f-4dc9-e7b6-fb980dfe32ac">
      <Execution id="97fbcbdd-3827-4ec7-aea3-b21f2182a875" />
      <TestMethod codeBase="/home/dan/code/WorkFlo/tests/WorkFlo.Infrastructure.Tests/bin/Debug/net9.0/WorkFlo.Infrastructure.Tests.dll" adapterTypeName="executor://xunit/VsTestRunner3/netcore/" className="WorkFlo.Infrastructure.Tests.Services.LocalPasswordBreachServiceTests" name="Common_breached_passwords_are_detectedAsync" />
    </UnitTest>
    <UnitTest name="WorkFlo.Infrastructure.Tests.Services.Auth.PasswordHashingServiceTests.verification_with_null_hash_throws_exception" storage="/home/dan/code/workflo/tests/workflo.infrastructure.tests/bin/debug/net9.0/workflo.infrastructure.tests.dll" id="7e5d2cbf-f18f-c2e7-5396-2e535dd09a61">
      <Execution id="3108a61c-b196-4b87-ba5a-16230ee5a130" />
      <TestMethod codeBase="/home/dan/code/WorkFlo/tests/WorkFlo.Infrastructure.Tests/bin/Debug/net9.0/WorkFlo.Infrastructure.Tests.dll" adapterTypeName="executor://xunit/VsTestRunner3/netcore/" className="WorkFlo.Infrastructure.Tests.Services.Auth.PasswordHashingServiceTests" name="verification_with_null_hash_throws_exception" />
    </UnitTest>
    <UnitTest name="WorkFlo.Infrastructure.Tests.Services.LocalPasswordBreachServiceTests.Non_breached_passwords_are_not_detectedAsync(password: &quot;CustomUserPassword&quot;)" storage="/home/dan/code/workflo/tests/workflo.infrastructure.tests/bin/debug/net9.0/workflo.infrastructure.tests.dll" id="d3d2b264-d4ef-a78d-1401-0cf8881a5172">
      <Execution id="020fab84-0146-4fd3-bcc1-ba0182db6a8c" />
      <TestMethod codeBase="/home/dan/code/WorkFlo/tests/WorkFlo.Infrastructure.Tests/bin/Debug/net9.0/WorkFlo.Infrastructure.Tests.dll" adapterTypeName="executor://xunit/VsTestRunner3/netcore/" className="WorkFlo.Infrastructure.Tests.Services.LocalPasswordBreachServiceTests" name="Non_breached_passwords_are_not_detectedAsync" />
    </UnitTest>
    <UnitTest name="WorkFlo.Infrastructure.Tests.Services.Auth.MicrosoftOAuthServiceTests.network_timeout_returns_appropriate_errorAsync" storage="/home/dan/code/workflo/tests/workflo.infrastructure.tests/bin/debug/net9.0/workflo.infrastructure.tests.dll" id="4cf34537-9d77-017d-89cc-6de5ed18627b">
      <Execution id="56a5937b-ad83-4089-b2a7-a8ab04bb44d5" />
      <TestMethod codeBase="/home/dan/code/WorkFlo/tests/WorkFlo.Infrastructure.Tests/bin/Debug/net9.0/WorkFlo.Infrastructure.Tests.dll" adapterTypeName="executor://xunit/VsTestRunner3/netcore/" className="WorkFlo.Infrastructure.Tests.Services.Auth.MicrosoftOAuthServiceTests" name="network_timeout_returns_appropriate_errorAsync" />
    </UnitTest>
    <UnitTest name="WorkFlo.Infrastructure.Tests.Services.LocalPasswordBreachServiceTests.Non_breached_passwords_are_not_detectedAsync(password: &quot;NotInBreachList2024&quot;)" storage="/home/dan/code/workflo/tests/workflo.infrastructure.tests/bin/debug/net9.0/workflo.infrastructure.tests.dll" id="f7a34190-bae1-0ed1-3afc-65f199bd9e45">
      <Execution id="7fda002a-66e7-4c20-9bdc-ab6b077d6a41" />
      <TestMethod codeBase="/home/dan/code/WorkFlo/tests/WorkFlo.Infrastructure.Tests/bin/Debug/net9.0/WorkFlo.Infrastructure.Tests.dll" adapterTypeName="executor://xunit/VsTestRunner3/netcore/" className="WorkFlo.Infrastructure.Tests.Services.LocalPasswordBreachServiceTests" name="Non_breached_passwords_are_not_detectedAsync" />
    </UnitTest>
    <UnitTest name="WorkFlo.Infrastructure.Tests.Services.Auth.JwtTokenServiceTests.invalid_token_returns_null_user_idAsync" storage="/home/dan/code/workflo/tests/workflo.infrastructure.tests/bin/debug/net9.0/workflo.infrastructure.tests.dll" id="d3f16d4f-48c7-415f-70b6-6a196ebee3e9">
      <Execution id="6deb3fcd-43a1-48de-8208-8ec4b3aff04f" />
      <TestMethod codeBase="/home/dan/code/WorkFlo/tests/WorkFlo.Infrastructure.Tests/bin/Debug/net9.0/WorkFlo.Infrastructure.Tests.dll" adapterTypeName="executor://xunit/VsTestRunner3/netcore/" className="WorkFlo.Infrastructure.Tests.Services.Auth.JwtTokenServiceTests" name="invalid_token_returns_null_user_idAsync" />
    </UnitTest>
    <UnitTest name="WorkFlo.Infrastructure.Tests.Unit.Services.HookInstallationServiceTests.force_flag_overwrites_existing_hooks" storage="/home/dan/code/workflo/tests/workflo.infrastructure.tests/bin/debug/net9.0/workflo.infrastructure.tests.dll" id="c714cf1b-e0b6-aa0b-e5c3-9200b28e5ee1">
      <Execution id="76a8c2f6-3fba-4b1f-a959-35e37cf0f4fa" />
      <TestMethod codeBase="/home/dan/code/WorkFlo/tests/WorkFlo.Infrastructure.Tests/bin/Debug/net9.0/WorkFlo.Infrastructure.Tests.dll" adapterTypeName="executor://xunit/VsTestRunner3/netcore/" className="WorkFlo.Infrastructure.Tests.Unit.Services.HookInstallationServiceTests" name="force_flag_overwrites_existing_hooks" />
    </UnitTest>
    <UnitTest name="WorkFlo.Infrastructure.Tests.Services.LocalPasswordBreachServiceTests.Non_breached_passwords_are_not_detectedAsync(password: &quot;UniqueSecureP@ssw0rd!&quot;)" storage="/home/dan/code/workflo/tests/workflo.infrastructure.tests/bin/debug/net9.0/workflo.infrastructure.tests.dll" id="d814bfd8-7f12-411b-b31d-189c13c91243">
      <Execution id="9f5b5ed9-3616-4163-87f9-c43d970d234c" />
      <TestMethod codeBase="/home/dan/code/WorkFlo/tests/WorkFlo.Infrastructure.Tests/bin/Debug/net9.0/WorkFlo.Infrastructure.Tests.dll" adapterTypeName="executor://xunit/VsTestRunner3/netcore/" className="WorkFlo.Infrastructure.Tests.Services.LocalPasswordBreachServiceTests" name="Non_breached_passwords_are_not_detectedAsync" />
    </UnitTest>
    <UnitTest name="WorkFlo.Infrastructure.Tests.Services.Auth.EmailVerificationTokenServiceTests.invalid_token_returns_errorAsync" storage="/home/dan/code/workflo/tests/workflo.infrastructure.tests/bin/debug/net9.0/workflo.infrastructure.tests.dll" id="4c4f26d1-9e05-26a1-2a7e-2f41a7723280">
      <Execution id="90f3aa86-0052-486f-944b-1ef868759ef9" />
      <TestMethod codeBase="/home/dan/code/WorkFlo/tests/WorkFlo.Infrastructure.Tests/bin/Debug/net9.0/WorkFlo.Infrastructure.Tests.dll" adapterTypeName="executor://xunit/VsTestRunner3/netcore/" className="WorkFlo.Infrastructure.Tests.Services.Auth.EmailVerificationTokenServiceTests" name="invalid_token_returns_errorAsync" />
    </UnitTest>
    <UnitTest name="WorkFlo.Infrastructure.Tests.Services.Auth.PasswordHashingServiceTests.incorrect_password_fails_verification" storage="/home/dan/code/workflo/tests/workflo.infrastructure.tests/bin/debug/net9.0/workflo.infrastructure.tests.dll" id="5bf3f528-7340-a47c-e2e9-3948a46a75ae">
      <Execution id="48a0e220-a307-47a4-821e-11995c39c3b2" />
      <TestMethod codeBase="/home/dan/code/WorkFlo/tests/WorkFlo.Infrastructure.Tests/bin/Debug/net9.0/WorkFlo.Infrastructure.Tests.dll" adapterTypeName="executor://xunit/VsTestRunner3/netcore/" className="WorkFlo.Infrastructure.Tests.Services.Auth.PasswordHashingServiceTests" name="incorrect_password_fails_verification" />
    </UnitTest>
    <UnitTest name="WorkFlo.Infrastructure.Tests.Services.Auth.EmailVerificationTokenServiceTests.service_requires_jwt_secret_configuration" storage="/home/dan/code/workflo/tests/workflo.infrastructure.tests/bin/debug/net9.0/workflo.infrastructure.tests.dll" id="de98de96-2adc-f1a6-4f45-f092d28f5b5b">
      <Execution id="854fce72-6182-44ad-8713-07855c4e8077" />
      <TestMethod codeBase="/home/dan/code/WorkFlo/tests/WorkFlo.Infrastructure.Tests/bin/Debug/net9.0/WorkFlo.Infrastructure.Tests.dll" adapterTypeName="executor://xunit/VsTestRunner3/netcore/" className="WorkFlo.Infrastructure.Tests.Services.Auth.EmailVerificationTokenServiceTests" name="service_requires_jwt_secret_configuration" />
    </UnitTest>
    <UnitTest name="WorkFlo.Infrastructure.Tests.Services.Auth.PasswordHashingServiceTests.valid_password_can_be_hashed" storage="/home/dan/code/workflo/tests/workflo.infrastructure.tests/bin/debug/net9.0/workflo.infrastructure.tests.dll" id="ef74368a-9e91-639b-d93c-4f20867fe8be">
      <Execution id="9836604a-2ac9-44e8-a9bf-c176989e9b74" />
      <TestMethod codeBase="/home/dan/code/WorkFlo/tests/WorkFlo.Infrastructure.Tests/bin/Debug/net9.0/WorkFlo.Infrastructure.Tests.dll" adapterTypeName="executor://xunit/VsTestRunner3/netcore/" className="WorkFlo.Infrastructure.Tests.Services.Auth.PasswordHashingServiceTests" name="valid_password_can_be_hashed" />
    </UnitTest>
    <UnitTest name="WorkFlo.Infrastructure.Tests.Services.Auth.MicrosoftOAuthServiceTests.token_exchange_http_error_returns_failureAsync" storage="/home/dan/code/workflo/tests/workflo.infrastructure.tests/bin/debug/net9.0/workflo.infrastructure.tests.dll" id="a9876021-4b9f-3808-9a34-9ec3b2f35d40">
      <Execution id="d0955e45-0756-4dcb-b1cc-f0ab4c843b6f" />
      <TestMethod codeBase="/home/dan/code/WorkFlo/tests/WorkFlo.Infrastructure.Tests/bin/Debug/net9.0/WorkFlo.Infrastructure.Tests.dll" adapterTypeName="executor://xunit/VsTestRunner3/netcore/" className="WorkFlo.Infrastructure.Tests.Services.Auth.MicrosoftOAuthServiceTests" name="token_exchange_http_error_returns_failureAsync" />
    </UnitTest>
    <UnitTest name="WorkFlo.Infrastructure.Tests.Services.Auth.JwtTokenServiceTests.generated_access_token_contains_correct_claimsAsync" storage="/home/dan/code/workflo/tests/workflo.infrastructure.tests/bin/debug/net9.0/workflo.infrastructure.tests.dll" id="b2d2ac58-e4a2-5d3b-bdd1-452474d6238f">
      <Execution id="21c4494f-1a59-4aec-a6f3-b3d90b6db628" />
      <TestMethod codeBase="/home/dan/code/WorkFlo/tests/WorkFlo.Infrastructure.Tests/bin/Debug/net9.0/WorkFlo.Infrastructure.Tests.dll" adapterTypeName="executor://xunit/VsTestRunner3/netcore/" className="WorkFlo.Infrastructure.Tests.Services.Auth.JwtTokenServiceTests" name="generated_access_token_contains_correct_claimsAsync" />
    </UnitTest>
    <UnitTest name="WorkFlo.Infrastructure.Tests.Services.Auth.GoogleOAuthServiceTests.privacy_compliance_no_sensitive_data_loggedAsync" storage="/home/dan/code/workflo/tests/workflo.infrastructure.tests/bin/debug/net9.0/workflo.infrastructure.tests.dll" id="4959ec2b-4321-5418-8878-6c4e18ea29aa">
      <Execution id="99c4acf7-75b4-4000-99bd-601540d54f47" />
      <TestMethod codeBase="/home/dan/code/WorkFlo/tests/WorkFlo.Infrastructure.Tests/bin/Debug/net9.0/WorkFlo.Infrastructure.Tests.dll" adapterTypeName="executor://xunit/VsTestRunner3/netcore/" className="WorkFlo.Infrastructure.Tests.Services.Auth.GoogleOAuthServiceTests" name="privacy_compliance_no_sensitive_data_loggedAsync" />
    </UnitTest>
    <UnitTest name="WorkFlo.Infrastructure.Tests.Services.Auth.MicrosoftOAuthServiceTests.null_redirect_uri_works_correctlyAsync" storage="/home/dan/code/workflo/tests/workflo.infrastructure.tests/bin/debug/net9.0/workflo.infrastructure.tests.dll" id="8a1dc74f-14cf-12b3-795b-6f9877cb0573">
      <Execution id="d669c95f-cfa3-4571-969e-2854e6cb68b9" />
      <TestMethod codeBase="/home/dan/code/WorkFlo/tests/WorkFlo.Infrastructure.Tests/bin/Debug/net9.0/WorkFlo.Infrastructure.Tests.dll" adapterTypeName="executor://xunit/VsTestRunner3/netcore/" className="WorkFlo.Infrastructure.Tests.Services.Auth.MicrosoftOAuthServiceTests" name="null_redirect_uri_works_correctlyAsync" />
    </UnitTest>
    <UnitTest name="WorkFlo.Infrastructure.Tests.Services.LocalPasswordBreachServiceTests.Non_breached_passwords_are_not_detectedAsync(password: &quot;MyVeryLongAndComplexPassword123!@#&quot;)" storage="/home/dan/code/workflo/tests/workflo.infrastructure.tests/bin/debug/net9.0/workflo.infrastructure.tests.dll" id="ee9d823c-2ca9-2fa5-927b-6c007361ee12">
      <Execution id="1868fd02-f9f0-45a3-a4d9-21781652851b" />
      <TestMethod codeBase="/home/dan/code/WorkFlo/tests/WorkFlo.Infrastructure.Tests/bin/Debug/net9.0/WorkFlo.Infrastructure.Tests.dll" adapterTypeName="executor://xunit/VsTestRunner3/netcore/" className="WorkFlo.Infrastructure.Tests.Services.LocalPasswordBreachServiceTests" name="Non_breached_passwords_are_not_detectedAsync" />
    </UnitTest>
    <UnitTest name="WorkFlo.Infrastructure.Tests.Services.LocalPasswordBreachServiceTests.Common_breached_passwords_are_detectedAsync(password: &quot;PASSWORD&quot;)" storage="/home/dan/code/workflo/tests/workflo.infrastructure.tests/bin/debug/net9.0/workflo.infrastructure.tests.dll" id="100daa72-dc68-bb24-fdeb-eb2a71603c5f">
      <Execution id="17b3b21a-c6f2-4684-9359-793a896d9c32" />
      <TestMethod codeBase="/home/dan/code/WorkFlo/tests/WorkFlo.Infrastructure.Tests/bin/Debug/net9.0/WorkFlo.Infrastructure.Tests.dll" adapterTypeName="executor://xunit/VsTestRunner3/netcore/" className="WorkFlo.Infrastructure.Tests.Services.LocalPasswordBreachServiceTests" name="Common_breached_passwords_are_detectedAsync" />
    </UnitTest>
    <UnitTest name="WorkFlo.Infrastructure.Tests.Services.Auth.PasswordHashingServiceTests.timing_attack_resistance_same_user_different_passwords" storage="/home/dan/code/workflo/tests/workflo.infrastructure.tests/bin/debug/net9.0/workflo.infrastructure.tests.dll" id="64bb6201-ac58-8694-5a55-d668a70572d2">
      <Execution id="cc6b95c1-628c-4e54-b2b5-524cf30745c7" />
      <TestMethod codeBase="/home/dan/code/WorkFlo/tests/WorkFlo.Infrastructure.Tests/bin/Debug/net9.0/WorkFlo.Infrastructure.Tests.dll" adapterTypeName="executor://xunit/VsTestRunner3/netcore/" className="WorkFlo.Infrastructure.Tests.Services.Auth.PasswordHashingServiceTests" name="timing_attack_resistance_same_user_different_passwords" />
    </UnitTest>
    <UnitTest name="WorkFlo.Infrastructure.Tests.Services.Auth.GoogleOAuthServiceTests.user_info_retrieval_failure_returns_errorAsync" storage="/home/dan/code/workflo/tests/workflo.infrastructure.tests/bin/debug/net9.0/workflo.infrastructure.tests.dll" id="4438f125-645d-8ed3-ffb8-fc9464d009b5">
      <Execution id="51780f29-8f81-4dbf-a9c0-763491710e92" />
[...]
      <Execution id="c246d649-4c88-44fe-9f9b-ed1fe1ff8c67" />
      <TestMethod codeBase="/home/dan/code/WorkFlo/tests/WorkFlo.Infrastructure.Tests/bin/Debug/net9.0/WorkFlo.Infrastructure.Tests.dll" adapterTypeName="executor://xunit/VsTestRunner3/netcore/" className="WorkFlo.Infrastructure.Tests.Services.Auth.EmailVerificationTokenServiceTests" name="token_service_generates_valid_tokenAsync" />
    </UnitTest>
    <UnitTest name="WorkFlo.Infrastructure.Tests.Services.LocalPasswordBreachServiceTests.Common_breached_passwords_are_detectedAsync(password: &quot;password123&quot;)" storage="/home/dan/code/workflo/tests/workflo.infrastructure.tests/bin/debug/net9.0/workflo.infrastructure.tests.dll" id="b65a5c9b-3a0f-3a1e-ee5c-7fd068a8d06b">
      <Execution id="a7d1ecb9-c48f-4bae-a08d-9d6cf9f5a048" />
      <TestMethod codeBase="/home/dan/code/WorkFlo/tests/WorkFlo.Infrastructure.Tests/bin/Debug/net9.0/WorkFlo.Infrastructure.Tests.dll" adapterTypeName="executor://xunit/VsTestRunner3/netcore/" className="WorkFlo.Infrastructure.Tests.Services.LocalPasswordBreachServiceTests" name="Common_breached_passwords_are_detectedAsync" />
    </UnitTest>
    <UnitTest name="WorkFlo.Infrastructure.Tests.Services.Auth.EmailVerificationTokenServiceTests.empty_token_returns_errorAsync" storage="/home/dan/code/workflo/tests/workflo.infrastructure.tests/bin/debug/net9.0/workflo.infrastructure.tests.dll" id="bb5db856-1d0a-c5cb-9b21-fb2efd6bd4ee">
      <Execution id="dc9d00d6-5306-48ef-a4d2-cf4d4792c7b5" />
      <TestMethod codeBase="/home/dan/code/WorkFlo/tests/WorkFlo.Infrastructure.Tests/bin/Debug/net9.0/WorkFlo.Infrastructure.Tests.dll" adapterTypeName="executor://xunit/VsTestRunner3/netcore/" className="WorkFlo.Infrastructure.Tests.Services.Auth.EmailVerificationTokenServiceTests" name="empty_token_returns_errorAsync" />
    </UnitTest>
    <UnitTest name="WorkFlo.Infrastructure.Tests.Services.Auth.EmailVerificationTokenServiceTests.service_uses_default_values_for_optional_configuration" storage="/home/dan/code/workflo/tests/workflo.infrastructure.tests/bin/debug/net9.0/workflo.infrastructure.tests.dll" id="f2ab1a96-a5cf-2be4-067d-a75f2c770a48">
      <Execution id="ae59ee58-046d-444e-ab4a-a1512cc546c9" />
      <TestMethod codeBase="/home/dan/code/WorkFlo/tests/WorkFlo.Infrastructure.Tests/bin/Debug/net9.0/WorkFlo.Infrastructure.Tests.dll" adapterTypeName="executor://xunit/VsTestRunner3/netcore/" className="WorkFlo.Infrastructure.Tests.Services.Auth.EmailVerificationTokenServiceTests" name="service_uses_default_values_for_optional_configuration" />
    </UnitTest>
    <UnitTest name="WorkFlo.Infrastructure.Tests.Services.LocalPasswordBreachServiceTests.Passwords_with_spaces_are_treated_as_differentAsync(password: &quot;password &quot;)" storage="/home/dan/code/workflo/tests/workflo.infrastructure.tests/bin/debug/net9.0/workflo.infrastructure.tests.dll" id="09f0d8ae-60eb-5775-7510-004acbd6b3ed">
      <Execution id="bd68c3ea-4c60-4d72-ab8f-e23d2d23786d" />
      <TestMethod codeBase="/home/dan/code/WorkFlo/tests/WorkFlo.Infrastructure.Tests/bin/Debug/net9.0/WorkFlo.Infrastructure.Tests.dll" adapterTypeName="executor://xunit/VsTestRunner3/netcore/" className="WorkFlo.Infrastructure.Tests.Services.LocalPasswordBreachServiceTests" name="Passwords_with_spaces_are_treated_as_differentAsync" />
    </UnitTest>
    <UnitTest name="WorkFlo.Infrastructure.Tests.Services.EmailServiceTests.SendVerificationEmailAsync_InvalidEmail_ReturnsFailureAsync" storage="/home/dan/code/workflo/tests/workflo.infrastructure.tests/bin/debug/net9.0/workflo.infrastructure.tests.dll" id="a47ab64f-71ab-9112-68d1-0196cd15d1a8">
      <Execution id="81f1f54f-511f-4599-96b5-98f4de0d9331" />
      <TestMethod codeBase="/home/dan/code/WorkFlo/tests/WorkFlo.Infrastructure.Tests/bin/Debug/net9.0/WorkFlo.Infrastructure.Tests.dll" adapterTypeName="executor://xunit/VsTestRunner3/netcore/" className="WorkFlo.Infrastructure.Tests.Services.EmailServiceTests" name="SendVerificationEmailAsync_InvalidEmail_ReturnsFailureAsync" />
    </UnitTest>
  </TestDefinitions>
  <TestEntries>
    <TestEntry testId="69f57ee6-9bae-3fac-f397-6eea8f0f30b1" executionId="2643f177-b857-40cf-a1bc-15f8c6dd8fb5" testListId="8c84fa94-04c1-424b-9868-57a2d4851a1d" />
    <TestEntry testId="46a9f2b3-a280-e95d-472c-b020cdc3f6a5" executionId="71596d9b-37f6-45c8-812b-af8ccac47763" testListId="8c84fa94-04c1-424b-9868-57a2d4851a1d" />
    <TestEntry testId="2a1f03e8-8426-ba52-c504-bd9c287a7112" executionId="b2d4fe2b-1601-40ad-aa9b-d526304afb38" testListId="8c84fa94-04c1-424b-9868-57a2d4851a1d" />
    <TestEntry testId="d3f16d4f-48c7-415f-70b6-6a196ebee3e9" executionId="6deb3fcd-43a1-48de-8208-8ec4b3aff04f" testListId="8c84fa94-04c1-424b-9868-57a2d4851a1d" />
    <TestEntry testId="1ba797af-c4fa-dd69-45af-ef968ae91115" executionId="0c90a99c-4c0c-49de-a6e1-c3bd5183e0fa" testListId="8c84fa94-04c1-424b-9868-57a2d4851a1d" />
    <TestEntry testId="09330ef4-9d0f-3d9c-6093-ac84d8902cff" executionId="e100d17c-33e4-4ff7-acf3-1281021c828c" testListId="8c84fa94-04c1-424b-9868-57a2d4851a1d" />
    <TestEntry testId="82eb17d5-f190-3bb1-2ab8-3fd3a319b9d2" executionId="d96ccd51-a61a-4556-a941-9d2328f0aae3" testListId="8c84fa94-04c1-424b-9868-57a2d4851a1d" />
    <TestEntry testId="d1d87f83-718b-c394-1b6a-f8ab743df232" executionId="15eac49c-21bd-4a86-9837-fa767d4dea03" testListId="8c84fa94-04c1-424b-9868-57a2d4851a1d" />
    <TestEntry testId="779bb692-5e0e-a885-3bfc-6663d78eff79" executionId="24709cf0-4c7c-432e-ab2e-254cd7e5ec81" testListId="8c84fa94-04c1-424b-9868-57a2d4851a1d" />
    <TestEntry testId="7e5d2cbf-f18f-c2e7-5396-2e535dd09a61" executionId="3108a61c-b196-4b87-ba5a-16230ee5a130" testListId="8c84fa94-04c1-424b-9868-57a2d4851a1d" />
    <TestEntry testId="d013d669-819a-1b32-b302-9eee19199870" executionId="c5a638c0-765a-4057-b48e-b39670a1a890" testListId="8c84fa94-04c1-424b-9868-57a2d4851a1d" />
    <TestEntry testId="4c612ccb-2c23-14ca-8f40-4305bb5c1436" executionId="8c17736b-0ad9-4274-83b8-4cf2af130e8d" testListId="8c84fa94-04c1-424b-9868-57a2d4851a1d" />
    <TestEntry testId="5288bf8c-dd60-7f01-a49c-ab5d29436c07" executionId="a1615259-239a-4a57-8d10-3e95c7f35a92" testListId="8c84fa94-04c1-424b-9868-57a2d4851a1d" />
    <TestEntry testId="a8994210-f7ff-6065-6d03-3675bca30992" executionId="39af7756-8340-43c2-b4b7-6d0c26aa8a8c" testListId="8c84fa94-04c1-424b-9868-57a2d4851a1d" />
    <TestEntry testId="8322bb12-5450-d4b3-b13e-cee9ebac26f9" executionId="175dfcec-ab4f-4b49-bf94-7e752c8170b6" testListId="8c84fa94-04c1-424b-9868-57a2d4851a1d" />
    <TestEntry testId="5430e498-46f6-788a-ffac-58b610986f48" executionId="a872dd22-646f-4cd1-9ae3-0cd30e72dfc3" testListId="8c84fa94-04c1-424b-9868-57a2d4851a1d" />
    <TestEntry testId="c4a44598-4167-c682-2b6b-891d361dd9ce" executionId="c4a1618e-6e49-49f5-afcf-6bbbc1193e8d" testListId="8c84fa94-04c1-424b-9868-57a2d4851a1d" />
    <TestEntry testId="c714cf1b-e0b6-aa0b-e5c3-9200b28e5ee1" executionId="76a8c2f6-3fba-4b1f-a959-35e37cf0f4fa" testListId="8c84fa94-04c1-424b-9868-57a2d4851a1d" />
    <TestEntry testId="83aaaada-b2b9-1100-3338-55cfcf12ccc7" executionId="deff3782-79c9-4a72-b99b-17614d3d22e8" testListId="8c84fa94-04c1-424b-9868-57a2d4851a1d" />
    <TestEntry testId="0458f956-58e0-7485-1f87-845f91f17ec2" executionId="82a3cbc9-6ff2-4e9b-b389-c77402bdf16c" testListId="8c84fa94-04c1-424b-9868-57a2d4851a1d" />
    <TestEntry testId="97fddcc2-8d5c-ba1c-68b1-09f649ac12a8" executionId="3f073777-26a0-49bb-bc2e-d1e4830eba10" testListId="8c84fa94-04c1-424b-9868-57a2d4851a1d" />
    <TestEntry testId="d450ec95-be19-8ca1-176b-207a9e0b94f8" executionId="9e83da3b-35d0-4f1f-932c-2ba48d51a537" testListId="8c84fa94-04c1-424b-9868-57a2d4851a1d" />
    <TestEntry testId="d91a3cf0-29b7-a641-8f36-5faf3df8f7e8" executionId="10622ff2-5f71-4a1a-b06a-3c9078d47146" testListId="8c84fa94-04c1-424b-9868-57a2d4851a1d" />
    <TestEntry testId="027d61dd-bd50-2ab5-1405-2cd4bef0cb9e" executionId="9f229c93-b5a5-4ad9-b8dd-a2e8e68ad2be" testListId="8c84fa94-04c1-424b-9868-57a2d4851a1d" />
    <TestEntry testId="a5da83e4-4070-4156-c8cf-85147ed3493a" executionId="207bff92-8437-4a3e-a7d0-96eb330fd39b" testListId="8c84fa94-04c1-424b-9868-57a2d4851a1d" />
    <TestEntry testId="27680634-4410-a5fd-0781-928ef8b454d7" executionId="6a986893-c0e6-44f7-bc07-f8b0802c9220" testListId="8c84fa94-04c1-424b-9868-57a2d4851a1d" />
    <TestEntry testId="5e9ce0b9-8e85-ec5a-fa7b-a42e5aae1de6" executionId="2f404627-8142-446b-9613-8d431c3baca9" testListId="8c84fa94-04c1-424b-9868-57a2d4851a1d" />
    <TestEntry testId="bb5db856-1d0a-c5cb-9b21-fb2efd6bd4ee" executionId="dc9d00d6-5306-48ef-a4d2-cf4d4792c7b5" testListId="8c84fa94-04c1-424b-9868-57a2d4851a1d" />
    <TestEntry testId="5ca68fb0-f84f-489c-d1d7-7fd4c3bbf91c" executionId="ad6625e1-9b31-4f80-aafa-9100bd4fd45f" testListId="8c84fa94-04c1-424b-9868-57a2d4851a1d" />
    <TestEntry testId="a4c0438b-e03a-d1b1-82fb-f6a49e6270ea" executionId="8a95483b-a90c-4768-80ec-393302013922" testListId="8c84fa94-04c1-424b-9868-57a2d4851a1d" />
    <TestEntry testId="72b65e61-1bc9-446b-e14a-da6ba3251cb3" executionId="0dfda2f0-a5a3-4cb8-b7ce-970a6040645f" testListId="8c84fa94-04c1-424b-9868-57a2d4851a1d" />
    <TestEntry testId="64bb6201-ac58-8694-5a55-d668a70572d2" executionId="cc6b95c1-628c-4e54-b2b5-524cf30745c7" testListId="8c84fa94-04c1-424b-9868-57a2d4851a1d" />
    <TestEntry testId="4959ec2b-4321-5418-8878-6c4e18ea29aa" executionId="99c4acf7-75b4-4000-99bd-601540d54f47" testListId="8c84fa94-04c1-424b-9868-57a2d4851a1d" />
    <TestEntry testId="b65a5c9b-3a0f-3a1e-ee5c-7fd068a8d06b" executionId="a7d1ecb9-c48f-4bae-a08d-9d6cf9f5a048" testListId="8c84fa94-04c1-424b-9868-57a2d4851a1d" />
    <TestEntry testId="706b3ddf-785f-4dc9-e7b6-fb980dfe32ac" executionId="97fbcbdd-3827-4ec7-aea3-b21f2182a875" testListId="8c84fa94-04c1-424b-9868-57a2d4851a1d" />
    <TestEntry testId="ed61cfd9-4c9a-43e9-e049-a31cb00f4955" executionId="319298a9-0655-4814-99ae-5453319bcdad" testListId="8c84fa94-04c1-424b-9868-57a2d4851a1d" />
    <TestEntry testId="d3d2b264-d4ef-a78d-1401-0cf8881a5172" executionId="020fab84-0146-4fd3-bcc1-ba0182db6a8c" testListId="8c84fa94-04c1-424b-9868-57a2d4851a1d" />
    <TestEntry testId="aed3cfcd-34b9-6c6d-6d88-1dc90a414545" executionId="c1531cc9-adf9-4900-ab0b-d1661b57cd4f" testListId="8c84fa94-04c1-424b-9868-57a2d4851a1d" />
    <TestEntry testId="a47ab64f-71ab-9112-68d1-0196cd15d1a8" executionId="81f1f54f-511f-4599-96b5-98f4de0d9331" testListId="8c84fa94-04c1-424b-9868-57a2d4851a1d" />
    <TestEntry testId="cbdf6b44-8085-8521-b635-f2042c6125ca" executionId="34c08add-6abd-4fc1-a0b7-73bfad6238a2" testListId="8c84fa94-04c1-424b-9868-57a2d4851a1d" />
    <TestEntry testId="37d167cf-27e5-6d4c-c44e-31524593d11a" executionId="ecf0cdc0-bbc0-41b9-a09f-e390baca9dc2" testListId="8c84fa94-04c1-424b-9868-57a2d4851a1d" />
    <TestEntry testId="0d4ee7a8-da75-4669-cbdf-ce272214a323" executionId="4d506a9e-8d1b-40a3-99e7-b0ee6daadbcc" testListId="8c84fa94-04c1-424b-9868-57a2d4851a1d" />
    <TestEntry testId="5bf3f528-7340-a47c-e2e9-3948a46a75ae" executionId="48a0e220-a307-47a4-821e-11995c39c3b2" testListId="8c84fa94-04c1-424b-9868-57a2d4851a1d" />
    <TestEntry testId="97752442-10ff-9180-683e-f5027abe8481" executionId="6f1c77f9-ee0b-499e-b778-9dd797da6832" testListId="8c84fa94-04c1-424b-9868-57a2d4851a1d" />
    <TestEntry testId="e5adb937-19a8-1be3-c20c-5f594c1058aa" executionId="86e32d8f-e35c-4f28-9c5e-c915d1884ea5" testListId="8c84fa94-04c1-424b-9868-57a2d4851a1d" />
    <TestEntry testId="ea3e720a-eb66-9831-9012-7658e02da3eb" executionId="d5531c03-d59f-4c38-b691-06123356c751" testListId="8c84fa94-04c1-424b-9868-57a2d4851a1d" />
    <TestEntry testId="dc1e4ce6-e26c-dca9-caa3-077ea097d33e" executionId="8dd8be63-7558-4a92-9fd4-550274ac4b52" testListId="8c84fa94-04c1-424b-9868-57a2d4851a1d" />
    <TestEntry testId="9241c81a-eaa8-0c0d-6311-afb209a51e70" executionId="e8b95bc2-67bc-4089-837b-c6241f424359" testListId="8c84fa94-04c1-424b-9868-57a2d4851a1d" />
    <TestEntry testId="8aa9a976-c52d-5e9b-957b-087b15d1fa1c" executionId="7a03736d-c462-4b72-ae8f-328e47ae31f4" testListId="8c84fa94-04c1-424b-9868-57a2d4851a1d" />
    <TestEntry testId="4438f125-645d-8ed3-ffb8-fc9464d009b5" executionId="51780f29-8f81-4dbf-a9c0-763491710e92" testListId="8c84fa94-04c1-424b-9868-57a2d4851a1d" />
    <TestEntry testId="df3147b8-23d8-9818-6421-19dd0aba7ab7" executionId="dbfe5cae-9478-420b-bcc6-dbe69fada13e" testListId="8c84fa94-04c1-424b-9868-57a2d4851a1d" />
    <TestEntry testId="7a9f0f8a-b356-075e-6557-23cbc0d8b989" executionId="42b3e151-3fd0-482c-a675-98ff4690b901" testListId="8c84fa94-04c1-424b-9868-57a2d4851a1d" />
    <TestEntry testId="9257002b-feab-37ee-12b1-0b932534e014" executionId="a0cb06e5-51be-44c4-b35d-3f311208008e" testListId="8c84fa94-04c1-424b-9868-57a2d4851a1d" />
    <TestEntry testId="100daa72-dc68-bb24-fdeb-eb2a71603c5f" executionId="17b3b21a-c6f2-4684-9359-793a896d9c32" testListId="8c84fa94-04c1-424b-9868-57a2d4851a1d" />
    <TestEntry testId="d814bfd8-7f12-411b-b31d-189c13c91243" executionId="9f5b5ed9-3616-4163-87f9-c43d970d234c" testListId="8c84fa94-04c1-424b-9868-57a2d4851a1d" />
    <TestEntry testId="de98de96-2adc-f1a6-4f45-f092d28f5b5b" executionId="854fce72-6182-44ad-8713-07855c4e8077" testListId="8c84fa94-04c1-424b-9868-57a2d4851a1d" />
    <TestEntry testId="a102ddad-c55a-0c83-5f18-0ea084863f17" executionId="210dcd00-4920-4311-99f4-59aee17a3ff5" testListId="8c84fa94-04c1-424b-9868-57a2d4851a1d" />
    <TestEntry testId="a9876021-4b9f-3808-9a34-9ec3b2f35d40" executionId="d0955e45-0756-4dcb-b1cc-f0ab4c843b6f" testListId="8c84fa94-04c1-424b-9868-57a2d4851a1d" />
    <TestEntry testId="ee9d823c-2ca9-2fa5-927b-6c007361ee12" executionId="1868fd02-f9f0-45a3-a4d9-21781652851b" testListId="8c84fa94-04c1-424b-9868-57a2d4851a1d" />
    <TestEntry testId="b2d2ac58-e4a2-5d3b-bdd1-452474d6238f" executionId="21c4494f-1a59-4aec-a6f3-b3d90b6db628" testListId="8c84fa94-04c1-424b-9868-57a2d4851a1d" />
    <TestEntry testId="09f0d8ae-60eb-5775-7510-004acbd6b3ed" executionId="bd68c3ea-4c60-4d72-ab8f-e23d2d23786d" testListId="8c84fa94-04c1-424b-9868-57a2d4851a1d" />
    <TestEntry testId="ef08fef5-58c0-a2f1-25c6-c0ffac77dce3" executionId="cff36b04-71b4-4016-aa2b-57476abc3722" testListId="8c84fa94-04c1-424b-9868-57a2d4851a1d" />
    <TestEntry testId="67aaaebd-d5ca-383b-38b1-c157254a5805" executionId="9df7a215-fd21-4c3e-9bf3-5fff2cde66a7" testListId="8c84fa94-04c1-424b-9868-57a2d4851a1d" />
    <TestEntry testId="00d44aba-e46e-53c2-1dbf-d70da15670c5" executionId="631b73b5-0b53-46c8-aba0-9ddf908e548f" testListId="8c84fa94-04c1-424b-9868-57a2d4851a1d" />
    <TestEntry testId="4cf34537-9d77-017d-89cc-6de5ed18627b" executionId="56a5937b-ad83-4089-b2a7-a8ab04bb44d5" testListId="8c84fa94-04c1-424b-9868-57a2d4851a1d" />
    <TestEntry testId="8a1dc74f-14cf-12b3-795b-6f9877cb0573" executionId="d669c95f-cfa3-4571-969e-2854e6cb68b9" testListId="8c84fa94-04c1-424b-9868-57a2d4851a1d" />
    <TestEntry testId="80a1d5af-d3d4-518b-23fd-09772839900b" executionId="3c662a85-15c0-4953-ab84-7648672e3854" testListId="8c84fa94-04c1-424b-9868-57a2d4851a1d" />
    <TestEntry testId="ef74368a-9e91-639b-d93c-4f20867fe8be" executionId="9836604a-2ac9-44e8-a9bf-c176989e9b74" testListId="8c84fa94-04c1-424b-9868-57a2d4851a1d" />
    <TestEntry testId="f2ab1a96-a5cf-2be4-067d-a75f2c770a48" executionId="ae59ee58-046d-444e-ab4a-a1512cc546c9" testListId="8c84fa94-04c1-424b-9868-57a2d4851a1d" />
    <TestEntry testId="3678eb59-12de-69e5-0a42-a70474bbc59e" executionId="a12e22aa-6884-4915-b95d-4bbd09b91986" testListId="8c84fa94-04c1-424b-9868-57a2d4851a1d" />
    <TestEntry testId="a10f0108-01f0-bdae-7538-64d4205fbd9f" executionId="938f54da-017f-4a08-9af6-e5790b7512f7" testListId="8c84fa94-04c1-424b-9868-57a2d4851a1d" />
    <TestEntry testId="9ff68046-52ee-b73a-6f86-67f287da4da3" executionId="691ecc6e-3724-4fe6-b89e-c1622d44a626" testListId="8c84fa94-04c1-424b-9868-57a2d4851a1d" />
    <TestEntry testId="5918c293-c80f-39e8-a2a8-c32843d0f001" executionId="4ee83850-d3a9-48f0-bc19-9a73fed13307" testListId="8c84fa94-04c1-424b-9868-57a2d4851a1d" />
    <TestEntry testId="aa97ed2b-20b3-a5d2-a0e4-43ad5c0893f7" executionId="a707e6f3-640b-499a-ad2a-35f0afdbd733" testListId="8c84fa94-04c1-424b-9868-57a2d4851a1d" />
    <TestEntry testId="6b2199ff-4db5-b4c2-adfe-4d8738c051e0" executionId="4ce802ed-56ab-45e0-8bb6-3efcdb06bc36" testListId="8c84fa94-04c1-424b-9868-57a2d4851a1d" />
    <TestEntry testId="7c70eb7b-b098-38bf-dc7a-7c5e43f8a777" executionId="47ec5754-324c-410a-a6b1-bcccc69e5e59" testListId="8c84fa94-04c1-424b-9868-57a2d4851a1d" />
    <TestEntry testId="cd99a492-300c-3b42-7f04-bb1d48279198" executionId="c246d649-4c88-44fe-9f9b-ed1fe1ff8c67" testListId="8c84fa94-04c1-424b-9868-57a2d4851a1d" />
    <TestEntry testId="3e124039-5753-eab5-85cc-e4b5a1daf2ee" executionId="47644f6c-f032-407a-baeb-83f7f5d95719" testListId="8c84fa94-04c1-424b-9868-57a2d4851a1d" />
    <TestEntry testId="7af83cbb-6c63-6cf8-993f-4484baa0ef9a" executionId="f6a7a74f-9b3a-4633-b165-378ba8ee1bb4" testListId="8c84fa94-04c1-424b-9868-57a2d4851a1d" />
    <TestEntry testId="f7a34190-bae1-0ed1-3afc-65f199bd9e45" executionId="7fda002a-66e7-4c20-9bdc-ab6b077d6a41" testListId="8c84fa94-04c1-424b-9868-57a2d4851a1d" />
    <TestEntry testId="4c36595e-1acd-9b6b-971c-708a8fbed8c0" executionId="20ee59e6-790b-4e43-bffa-6d72d9c4bc91" testListId="8c84fa94-04c1-424b-9868-57a2d4851a1d" />
    <TestEntry testId="07bc9ae8-b2cb-04fe-76eb-4c03b7e82c35" executionId="a23f5e52-3472-473c-9820-57d8c04af4cb" testListId="8c84fa94-04c1-424b-9868-57a2d4851a1d" />
    <TestEntry testId="4c4f26d1-9e05-26a1-2a7e-2f41a7723280" executionId="90f3aa86-0052-486f-944b-1ef868759ef9" testListId="8c84fa94-04c1-424b-9868-57a2d4851a1d" />
    <TestEntry testId="c6198b7b-fab8-0135-0483-8c8d81d7d023" executionId="2f6fac36-c5c9-4496-9200-72bd7c25519b" testListId="8c84fa94-04c1-424b-9868-57a2d4851a1d" />
    <TestEntry testId="03fe380d-1d26-68f3-684f-b0f2325487ad" executionId="da9f1991-7552-44b6-80c5-a0014db5f80d" testListId="8c84fa94-04c1-424b-9868-57a2d4851a1d" />
  </TestEntries>
  <TestLists>
    <TestList name="Results Not in a List" id="8c84fa94-04c1-424b-9868-57a2d4851a1d" />
    <TestList name="All Loaded Results" id="19431567-8539-422a-85d7-44ee4e166bda" />
  </TestLists>
  <ResultSummary outcome="Completed">
    <Counters total="85" executed="85" passed="85" failed="0" error="0" timeout="0" aborted="0" inconclusive="0" passedButRunAborted="0" notRunnable="0" notExecuted="0" disconnected="0" warning="0" completed="0" inProgress="0" pending="0" />
    <Output>
      <StdOut>[xUnit.net 00:00:00.00] xUnit.net VSTest Adapter v3.1.1+bf6400fd51 (64-bit .NET 9.0.7)
[xUnit.net 00:00:00.06]   Discovering: WorkFlo.Infrastructure.Tests
[xUnit.net 00:00:00.10]   Discovered:  WorkFlo.Infrastructure.Tests
[xUnit.net 00:00:00.13]   Starting:    WorkFlo.Infrastructure.Tests
     Warning:
     The component "Fluent Assertions" is governed by the rules defined in the Xceed License Agreement and
     the Xceed Fluent Assertions Community License. You may use Fluent Assertions free of charge for
     non-commercial use only. An active subscription is required to use Fluent Assertions for commercial use.
     Please contact Xceed Sales mailto:sales@xceed.com to acquire a subscription at a very low cost.
     A paid commercial license supports the development and continued increasing support of
     Fluent Assertions users under both commercial and community licenses. Help us
     keep Fluent Assertions at the forefront of unit testing.
     For more information, visit https://xceed.com/products/unit-testing/fluent-assertions/
[xUnit.net 00:00:10.01]   Finished:    WorkFlo.Infrastructure.Tests
</StdOut>
    </Output>
  </ResultSummary>
</TestRun>