<?xml version="1.0" encoding="utf-8"?>
<TestRun id="23415da4-98d1-4293-bc8a-8385ea7ce8b5" name="@KOMPUTA 2025-07-30 19:24:12" xmlns="http://microsoft.com/schemas/VisualStudio/TeamTest/2010">
  <Times creation="2025-07-30T19:24:12.1219499+10:00" queuing="2025-07-30T19:24:12.1219500+10:00" start="2025-07-30T19:24:10.1581330+10:00" finish="2025-07-30T19:24:12.1267783+10:00" />
  <TestSettings name="default" id="aa1a4e52-81a4-45b0-90a7-8de54bea9dd1">
    <Deployment runDeploymentRoot="_KOMPUTA_2025-07-30_19_24_12" />
  </TestSettings>
  <Results>
    <UnitTestResult executionId="dc4f08f3-d3b2-4b68-96b8-75353408892d" testId="d76355af-6962-e9cd-bb2f-9496a2a4997f" testName="WorkFlo.Tests.CommandTests.executeCommand Help should always succeed" computerName="KOMPUTA" duration="00:00:00.0627544" startTime="2025-07-30T19:24:11.7928918+10:00" endTime="2025-07-30T19:24:11.7928919+10:00" testType="13cdc9d9-ddb5-4fa4-a97d-d965ccfc6d4b" outcome="Passed" testListId="8c84fa94-04c1-424b-9868-57a2d4851a1d" relativeResultsDirectory="dc4f08f3-d3b2-4b68-96b8-75353408892d">
      <Output>
        <StdOut>Ok, passed 100 tests.</StdOut>
      </Output>
    </UnitTestResult>
    <UnitTestResult executionId="af048425-5cb3-46bb-8408-4e88fbed04a3" testId="85d6f911-4ed2-aa59-adf8-a3e217976e4a" testName="WorkFlo.Tests.CommandTests.parseCommand should never throw exceptions" computerName="KOMPUTA" duration="00:00:00.0960464" startTime="2025-07-30T19:24:11.7285986+10:00" endTime="2025-07-30T19:24:11.7286138+10:00" testType="13cdc9d9-ddb5-4fa4-a97d-d965ccfc6d4b" outcome="Passed" testListId="8c84fa94-04c1-424b-9868-57a2d4851a1d" relativeResultsDirectory="af048425-5cb3-46bb-8408-4e88fbed04a3">
      <Output>
        <StdOut>Ok, passed 100 tests.</StdOut>
      </Output>
    </UnitTestResult>
  </Results>
  <TestDefinitions>
    <UnitTest name="WorkFlo.Tests.CommandTests.parseCommand should never throw exceptions" storage="/home/dan/code/workflo/fsharp-app/workflo.fsharp.tests/bin/debug/net9.0/workflo.fsharp.tests.dll" id="85d6f911-4ed2-aa59-adf8-a3e217976e4a">
      <Execution id="af048425-5cb3-46bb-8408-4e88fbed04a3" />
      <TestMethod codeBase="/home/dan/code/WorkFlo/fsharp-app/WorkFlo.FSharp.Tests/bin/Debug/net9.0/WorkFlo.FSharp.Tests.dll" adapterTypeName="executor://xunit/VsTestRunner2/netcoreapp" className="WorkFlo.Tests.CommandTests" name="parseCommand should never throw exceptions" />
    </UnitTest>
    <UnitTest name="WorkFlo.Tests.CommandTests.executeCommand Help should always succeed" storage="/home/dan/code/workflo/fsharp-app/workflo.fsharp.tests/bin/debug/net9.0/workflo.fsharp.tests.dll" id="d76355af-6962-e9cd-bb2f-9496a2a4997f">
      <Execution id="dc4f08f3-d3b2-4b68-96b8-75353408892d" />
      <TestMethod codeBase="/home/dan/code/WorkFlo/fsharp-app/WorkFlo.FSharp.Tests/bin/Debug/net9.0/WorkFlo.FSharp.Tests.dll" adapterTypeName="executor://xunit/VsTestRunner2/netcoreapp" className="WorkFlo.Tests.CommandTests" name="executeCommand Help should always succeed" />
    </UnitTest>
  </TestDefinitions>
  <TestEntries>
    <TestEntry testId="d76355af-6962-e9cd-bb2f-9496a2a4997f" executionId="dc4f08f3-d3b2-4b68-96b8-75353408892d" testListId="8c84fa94-04c1-424b-9868-57a2d4851a1d" />
    <TestEntry testId="85d6f911-4ed2-aa59-adf8-a3e217976e4a" executionId="af048425-5cb3-46bb-8408-4e88fbed04a3" testListId="8c84fa94-04c1-424b-9868-57a2d4851a1d" />
  </TestEntries>
  <TestLists>
    <TestList name="Results Not in a List" id="8c84fa94-04c1-424b-9868-57a2d4851a1d" />
    <TestList name="All Loaded Results" id="19431567-8539-422a-85d7-44ee4e166bda" />
  </TestLists>
  <ResultSummary outcome="Completed">
    <Counters total="2" executed="2" passed="2" failed="0" error="0" timeout="0" aborted="0" inconclusive="0" passedButRunAborted="0" notRunnable="0" notExecuted="0" disconnected="0" warning="0" completed="0" inProgress="0" pending="0" />
    <Output>
      <StdOut>[xUnit.net 00:00:00.00] xUnit.net VSTest Adapter v2.8.2+699d445a1a (64-bit .NET 9.0.7)
[xUnit.net 00:00:00.06]   Discovering: WorkFlo.FSharp.Tests
[xUnit.net 00:00:00.09]   Discovered:  WorkFlo.FSharp.Tests
[xUnit.net 00:00:00.09]   Starting:    WorkFlo.FSharp.Tests
[xUnit.net 00:00:00.33]   Finished:    WorkFlo.FSharp.Tests
</StdOut>
    </Output>
    <CollectorDataEntries>
      <Collector agentName="KOMPUTA" uri="datacollector://microsoft/CoverletCodeCoverage/1.0" collectorDisplayName="XPlat code coverage">
        <UriAttachments>
          <UriAttachment>
            <A href="KOMPUTA/coverage.cobertura.xml"></A>
          </UriAttachment>
        </UriAttachments>
      </Collector>
    </CollectorDataEntries>
  </ResultSummary>
</TestRun>